AudioPolicyManager: 0xf4472000
Command Thread: 0xf442a140
Tones Thread: 0xf442a0e0
AudioCommandThread 0xf442a140 Dump
- Commands:
   Command Time        Wait pParam
  Last Command
   11      000011.883  0    0xf4432d20
AudioCommandThread 0xf442a0e0 Dump
- Commands:
   Command Time        Wait pParam
  Last Command
     none

AudioPolicyManager Dump: 0xf4472000
 Primary Output: 13
 Phone state: AUDIO_MODE_NORMAL
 Force use for communications 0
 Force use for media 0
 Force use for record 0
 Force use for dock 8
 Force use for system 0
 Force use for hdmi system audio 0
 Force use for encoded surround output 0
 TTS output not available
 Master mono: off
- Available output devices:
  Device 1:
  - id:  2
  - tag name: bus0_media_out
  - type: AUDIO_DEVICE_OUT_BUS                            
  - address: bus0_media_out                  
  - Profiles:
      Profile 0:[dynamic format][dynamic channels][dynamic rates]
  - gains:
    Gain 1:
    - mode: 00000001
    - channel_mask: 00000000
    - min_value: -3200 mB
    - max_value: 600 mB
    - default_value: 0 mB
    - step_value: 100 mB
    - min_ramp_ms: 0 ms
    - max_ramp_ms: 0 ms
  Device 2:
  - id:  5
  - tag name: bus1_system_sound_out
  - type: AUDIO_DEVICE_OUT_BUS                            
  - address: bus1_system_sound_out           
  - Profiles:
      Profile 0:[dynamic format][dynamic channels][dynamic rates]
  - gains:
    Gain 1:
    - mode: 00000001
    - channel_mask: 00000000
    - min_value: -3200 mB
    - max_value: 600 mB
    - default_value: 0 mB
    - step_value: 100 mB
    - min_ramp_ms: 0 ms
    - max_ramp_ms: 0 ms
- Available input devices:
  Device 1:
  - id:  8
  - tag name: Built-In Mic
  - type: AUDIO_DEVICE_IN_BUILTIN_MIC                     
  - address: bottom                          
  - Profiles:
      Profile 0:[dynamic format][dynamic channels][dynamic rates]
      Profile 1:
          - format: AUDIO_FORMAT_PCM_16_BIT
          - sampling rates:8000, 11025, 16000, 22050, 24000, 32000, 44100, 48000
          - channel masks:0x000c, 0x0010
  Device 2:
  - id: 10
  - tag name: Remote Submix In
  - type: AUDIO_DEVICE_IN_REMOTE_SUBMIX                   
  - address: 0                               
  - Profiles:
      Profile 0:
          - format: AUDIO_FORMAT_PCM_16_BIT
          - sampling rates:48000
          - channel masks:0x000c

HW Modules dump:
- HW Module 1:
  - name: primary
  - handle: 10
  - version: 2.0
  - outputs:
    output 0:
    - name: mixport_bus0_media_out
    - Profiles:
        Profile 0:
            - format: AUDIO_FORMAT_PCM_16_BIT
            - sampling rates:48000
            - channel masks:0x0003
    - flags: 0x0002 (AUDIO_OUTPUT_FLAG_PRIMARY)
    - Supported devices:
      Device 1:
      - id:  2
      - tag name: bus0_media_out
      - type: AUDIO_DEVICE_OUT_BUS                            
      - address: bus0_media_out                  

    - maxOpenCount: 1 - curOpenCount: 1
    - maxActiveCount: 1 - curActiveCount: 0
    output 1:
    - name: mixport_bus1_system_sound_out
    - Profiles:
        Profile 0:
            - format: AUDIO_FORMAT_PCM_16_BIT
            - sampling rates:48000
            - channel masks:0x0003
    - flags: 0x0002 (AUDIO_OUTPUT_FLAG_PRIMARY)
    - Supported devices:
      Device 1:
      - id:  5
      - tag name: bus1_system_sound_out
      - type: AUDIO_DEVICE_OUT_BUS                            
      - address: bus1_system_sound_out           

    - maxOpenCount: 1 - curOpenCount: 1
    - maxActiveCount: 1 - curActiveCount: 0
  - inputs:
    input 0:
    - name: primary input
    - Profiles:
        Profile 0:
            - format: AUDIO_FORMAT_PCM_16_BIT
            - sampling rates:8000, 11025, 16000, 22050, 24000, 32000, 44100, 48000
            - channel masks:0x000c, 0x0010
    - flags: 0x0000 (AUDIO_INPUT_FLAG_NONE)
    - Supported devices:
      Device 1:
      - id:  8
      - tag name: Built-In Mic
      - type: AUDIO_DEVICE_IN_BUILTIN_MIC                     
      - address: bottom                          

    - maxOpenCount: 0 - curOpenCount: 0
    - maxActiveCount: 1 - curActiveCount: 0
  - Declared devices:
    Device 1:
    - id:  2
    - tag name: bus0_media_out
    - type: AUDIO_DEVICE_OUT_BUS                            
    - address: bus0_media_out                  
    - Profiles:
        Profile 0:[dynamic format][dynamic channels][dynamic rates]
    - gains:
      Gain 1:
      - mode: 00000001
      - channel_mask: 00000000
      - min_value: -3200 mB
      - max_value: 600 mB
      - default_value: 0 mB
      - step_value: 100 mB
      - min_ramp_ms: 0 ms
      - max_ramp_ms: 0 ms
    Device 2:
    - id:  5
    - tag name: bus1_system_sound_out
    - type: AUDIO_DEVICE_OUT_BUS                            
    - address: bus1_system_sound_out           
    - Profiles:
        Profile 0:[dynamic format][dynamic channels][dynamic rates]
    - gains:
      Gain 1:
      - mode: 00000001
      - channel_mask: 00000000
      - min_value: -3200 mB
      - max_value: 600 mB
      - default_value: 0 mB
      - step_value: 100 mB
      - min_ramp_ms: 0 ms
      - max_ramp_ms: 0 ms
    Device 3:
    - id:  8
    - tag name: Built-In Mic
    - type: AUDIO_DEVICE_IN_BUILTIN_MIC                     
    - address: bottom                          
    - Profiles:
        Profile 0:[dynamic format][dynamic channels][dynamic rates]
        Profile 1:
            - format: AUDIO_FORMAT_PCM_16_BIT
            - sampling rates:8000, 11025, 16000, 22050, 24000, 32000, 44100, 48000
            - channel masks:0x000c, 0x0010

  Audio Routes (3):
  - Route 1:
    - Type: Mix
    - Sink: bus0_media_out
    - Sources: 
        mixport_bus0_media_out 

  - Route 2:
    - Type: Mix
    - Sink: bus1_system_sound_out
    - Sources: 
        mixport_bus1_system_sound_out 

  - Route 3:
    - Type: Mix
    - Sink: primary input
    - Sources: 
        Built-In Mic 

- HW Module 2:
  - name: a2dp
  - handle: 18
  - version: 2.0
  - outputs:
    output 0:
    - name: a2dp output
    - Profiles:
        Profile 0:[dynamic format][dynamic channels][dynamic rates]
    - flags: 0x0000 (AUDIO_OUTPUT_FLAG_NONE)
    - Supported devices:
      Device 1:
      - tag name: BT A2DP Out
      - type: AUDIO_DEVICE_OUT_BLUETOOTH_A2DP                 
      Device 2:
      - tag name: BT A2DP Headphones
      - type: AUDIO_DEVICE_OUT_BLUETOOTH_A2DP_HEADPHONES      
      Device 3:
      - tag name: BT A2DP Speaker
      - type: AUDIO_DEVICE_OUT_BLUETOOTH_A2DP_SPEAKER         

    - maxOpenCount: 1 - curOpenCount: 0
    - maxActiveCount: 1 - curActiveCount: 0
  - inputs:
    input 0:
    - name: a2dp input
    - Profiles:
        Profile 0:
            - format: AUDIO_FORMAT_PCM_16_BIT
            - sampling rates:44100, 48000
            - channel masks:0x000c, 0x0010
    - flags: 0x0000 (AUDIO_INPUT_FLAG_NONE)
    - Supported devices:
      Device 1:
      - tag name: BT A2DP In
      - type: AUDIO_DEVICE_IN_BLUETOOTH_A2DP                  

    - maxOpenCount: 0 - curOpenCount: 0
    - maxActiveCount: 1 - curActiveCount: 0
  - Declared devices:
    Device 1:
    - tag name: BT A2DP Out
    - type: AUDIO_DEVICE_OUT_BLUETOOTH_A2DP                 
    - Profiles:
        Profile 0:
            - format: AUDIO_FORMAT_PCM_16_BIT
            - sampling rates:44100
            - channel masks:0x0003
    Device 2:
    - tag name: BT A2DP Headphones
    - type: AUDIO_DEVICE_OUT_BLUETOOTH_A2DP_HEADPHONES      
    - Profiles:
        Profile 0:
            - format: AUDIO_FORMAT_PCM_16_BIT
            - sampling rates:44100
            - channel masks:0x0003
    Device 3:
    - tag name: BT A2DP Speaker
    - type: AUDIO_DEVICE_OUT_BLUETOOTH_A2DP_SPEAKER         
    - Profiles:
        Profile 0:
            - format: AUDIO_FORMAT_PCM_16_BIT
            - sampling rates:44100
            - channel masks:0x0003
    Device 4:
    - tag name: BT A2DP In
    - type: AUDIO_DEVICE_IN_BLUETOOTH_A2DP                  
    - Profiles:
        Profile 0:
            - format: AUDIO_FORMAT_PCM_16_BIT
            - sampling rates:44100, 48000
            - channel masks:0x000c, 0x0010

  Audio Routes (4):
  - Route 1:
    - Type: Mix
    - Sink: BT A2DP Out
    - Sources: 
        a2dp output 

  - Route 2:
    - Type: Mix
    - Sink: BT A2DP Headphones
    - Sources: 
        a2dp output 

  - Route 3:
    - Type: Mix
    - Sink: BT A2DP Speaker
    - Sources: 
        a2dp output 

  - Route 4:
    - Type: Mix
    - Sink: a2dp input
    - Sources: 
        BT A2DP In 

- HW Module 3:
  - name: usb
  - handle: 26
  - version: 2.0
  - outputs:
    output 0:
    - name: usb_accessory output
    - Profiles:
        Profile 0:
            - format: AUDIO_FORMAT_PCM_16_BIT
            - sampling rates:44100
            - channel masks:0x0003
    - flags: 0x0000 (AUDIO_OUTPUT_FLAG_NONE)
    - Supported devices:
      Device 1:
      - tag name: USB Host Out
      - type: AUDIO_DEVICE_OUT_USB_ACCESSORY                  

    - maxOpenCount: 1 - curOpenCount: 0
    - maxActiveCount: 1 - curActiveCount: 0
    output 1:
    - name: usb_device output
    - Profiles:
        Profile 0:[dynamic format][dynamic channels][dynamic rates]
    - flags: 0x0000 (AUDIO_OUTPUT_FLAG_NONE)
    - Supported devices:
      Device 1:
      - tag name: USB Device Out
      - type: AUDIO_DEVICE_OUT_USB_DEVICE                     
      Device 2:
      - tag name: USB Headset Out
      - type: AUDIO_DEVICE_OUT_USB_HEADSET                    

    - maxOpenCount: 1 - curOpenCount: 0
    - maxActiveCount: 1 - curActiveCount: 0
  - inputs:
    input 0:
    - name: usb_device input
    - Profiles:
        Profile 0:[dynamic format][dynamic channels][dynamic rates]
    - flags: 0x0000 (AUDIO_INPUT_FLAG_NONE)
    - Supported devices:
      Device 1:
      - tag name: USB Device In
      - type: AUDIO_DEVICE_IN_USB_DEVICE                      
      Device 2:
      - tag name: USB Headset In
      - type: AUDIO_DEVICE_IN_USB_HEADSET                     

    - maxOpenCount: 0 - curOpenCount: 0
    - maxActiveCount: 1 - curActiveCount: 0
  - Declared devices:
    Device 1:
    - tag name: USB Host Out
    - type: AUDIO_DEVICE_OUT_USB_ACCESSORY                  
    - Profiles:
        Profile 0:
            - format: AUDIO_FORMAT_PCM_16_BIT
            - sampling rates:44100
            - channel masks:0x0003
    Device 2:
    - tag name: USB Device Out
    - type: AUDIO_DEVICE_OUT_USB_DEVICE                     
    - Profiles:
        Profile 0:[dynamic format][dynamic channels][dynamic rates]
    Device 3:
    - tag name: USB Headset Out
    - type: AUDIO_DEVICE_OUT_USB_HEADSET                    
    - Profiles:
        Profile 0:[dynamic format][dynamic channels][dynamic rates]
    Device 4:
    - tag name: USB Device In
    - type: AUDIO_DEVICE_IN_USB_DEVICE                      
    - Profiles:
        Profile 0:[dynamic format][dynamic channels][dynamic rates]
    Device 5:
    - tag name: USB Headset In
    - type: AUDIO_DEVICE_IN_USB_HEADSET                     
    - Profiles:
        Profile 0:[dynamic format][dynamic channels][dynamic rates]

  Audio Routes (4):
  - Route 1:
    - Type: Mix
    - Sink: USB Host Out
    - Sources: 
        usb_accessory output 

  - Route 2:
    - Type: Mix
    - Sink: USB Device Out
    - Sources: 
        usb_device output 

  - Route 3:
    - Type: Mix
    - Sink: USB Headset Out
    - Sources: 
        usb_device output 

  - Route 4:
    - Type: Mix
    - Sink: usb_device input
    - Sources: 
        USB Device In 
        USB Headset In 

- HW Module 4:
  - name: r_submix
  - handle: 34
  - version: 2.0
  - outputs:
    output 0:
    - name: r_submix output
    - Profiles:
        Profile 0:
            - format: AUDIO_FORMAT_PCM_16_BIT
            - sampling rates:48000
            - channel masks:0x0003
    - flags: 0x0000 (AUDIO_OUTPUT_FLAG_NONE)
    - Supported devices:
      Device 1:
      - tag name: Remote Submix Out
      - type: AUDIO_DEVICE_OUT_REMOTE_SUBMIX                  
      - address: 0                               

    - maxOpenCount: 1 - curOpenCount: 0
    - maxActiveCount: 1 - curActiveCount: 0
  - inputs:
    input 0:
    - name: r_submix input
    - Profiles:
        Profile 0:
            - format: AUDIO_FORMAT_PCM_16_BIT
            - sampling rates:48000
            - channel masks:0x000c
    - flags: 0x0000 (AUDIO_INPUT_FLAG_NONE)
    - Supported devices:
      Device 1:
      - id: 10
      - tag name: Remote Submix In
      - type: AUDIO_DEVICE_IN_REMOTE_SUBMIX                   
      - address: 0                               

    - maxOpenCount: 0 - curOpenCount: 0
    - maxActiveCount: 1 - curActiveCount: 0
  - Declared devices:
    Device 1:
    - tag name: Remote Submix Out
    - type: AUDIO_DEVICE_OUT_REMOTE_SUBMIX                  
    - address: 0                               
    - Profiles:
        Profile 0:
            - format: AUDIO_FORMAT_PCM_16_BIT
            - sampling rates:48000
            - channel masks:0x0003
    Device 2:
    - id: 10
    - tag name: Remote Submix In
    - type: AUDIO_DEVICE_IN_REMOTE_SUBMIX                   
    - address: 0                               
    - Profiles:
        Profile 0:
            - format: AUDIO_FORMAT_PCM_16_BIT
            - sampling rates:48000
            - channel masks:0x000c

  Audio Routes (2):
  - Route 1:
    - Type: Mix
    - Sink: Remote Submix Out
    - Sources: 
        r_submix output 

  - Route 2:
    - Type: Mix
    - Sink: r_submix input
    - Sources: 
        Remote Submix In 


Outputs dump:
- Output 13 dump:
 Latency: 42
 Flags 00000002
 ID: 1
 Sampling rate: 48000
 Format: 00000001
 Channels: 00000003
 Devices 01000000
 Stream volume refCount muteCount
 00     -24.000     00       00
 01     -758.000     00       00
 02     -758.000     00       00
 03     -758.000     00       00
 04     -29.700     00       00
 05     -758.000     00       00
 06     -1.000     00       00
 07     -758.000     00       00
 08     -758.000     00       00
 09     0.000     00       00
 10     -58.000     00       00
 11     0.000     00       00
 12     -1.000     00       00
- Output 21 dump:
 Latency: 42
 Flags 00000002
 ID: 4
 Sampling rate: 48000
 Format: 00000001
 Channels: 00000003
 Devices 01000000
 Stream volume refCount muteCount
 00     -24.000     00       00
 01     -758.000     00       00
 02     -758.000     00       00
 03     -758.000     00       00
 04     -29.700     00       00
 05     -758.000     00       00
 06     -1.000     00       00
 07     -758.000     00       00
 08     -758.000     00       00
 09     0.000     00       00
 10     -58.000     00       00
 11     0.000     00       00
 12     -1.000     00       00

Inputs dump:

Streams dump:
 Stream  Can be muted  Index Min  Index Max  Index Cur [device : index]...
 00      true          01         05         40000000 : 04, 
 01      true          00         29         40000000 : 21, 
 02      true          00         07         40000000 : 05, 
 03      true          00         29         0004 : 10, 0008 : 10, 4000000 : 07, 40000000 : 15, 
 04      true          00         10         40000000 : 06, 
 05      true          00         07         40000000 : 05, 
 06      true          00         10         40000000 : 10, 
 07      true          00         07         40000000 : 05, 
 08      true          00         15         40000000 : 11, 
 09      true          00         15         0004 : 05, 0008 : 05, 4000000 : 04, 40000000 : 08, 
 10      true          00         15         0004 : 05, 0008 : 05, 4000000 : 04, 40000000 : 08, 
 11      true          00         01         40000000 : 00, 
 12      true          00         01         40000000 : 00, 

Volume Curves for Use Cases (aka Stream types) dump:
 AUDIO_STREAM_VOICE_CALL (00): Curve points for device category (index, attenuation in millibel)
   DEVICE_CATEGORY_HEADSET : {(  0, -4200), ( 33, -2800), ( 66, -1400), (100,     0) }
   DEVICE_CATEGORY_SPEAKER : {(  0, -2400), ( 33, -1600), ( 66,  -800), (100,     0) }
   DEVICE_CATEGORY_EARPIECE : {(  0, -2400), ( 33, -1600), ( 66,  -800), (100,     0) }
   DEVICE_CATEGORY_EXT_MEDIA : {(  1, -5800), ( 20, -4000), ( 60, -1700), (100,     0) }
   DEVICE_CATEGORY_HEARING_AID : {(  1, -12700), ( 20, -8000), ( 60, -4000), (100,     0) }

 AUDIO_STREAM_SYSTEM (01): Curve points for device category (index, attenuation in millibel)
   DEVICE_CATEGORY_HEADSET : {(  1, -3000), ( 33, -2600), ( 66, -2200), (100, -1800) }
   DEVICE_CATEGORY_SPEAKER : {(  1, -2400), ( 33, -1800), ( 66, -1200), (100,  -600) }
   DEVICE_CATEGORY_EARPIECE : {(  1, -2400), ( 33, -1800), ( 66, -1200), (100,  -600) }
   DEVICE_CATEGORY_EXT_MEDIA : {(  1, -5800), ( 20, -4000), ( 60, -2100), (100, -1000) }
   DEVICE_CATEGORY_HEARING_AID : {(  1, -12700), ( 20, -8000), ( 60, -4000), (100,     0) }

 AUDIO_STREAM_RING (02): Curve points for device category (index, attenuation in millibel)
   DEVICE_CATEGORY_HEADSET : {(  1, -4950), ( 33, -3350), ( 66, -1700), (100,     0) }
   DEVICE_CATEGORY_SPEAKER : {(  1, -2970), ( 33, -2010), ( 66, -1020), (100,     0) }
   DEVICE_CATEGORY_EARPIECE : {(  1, -4950), ( 33, -3350), ( 66, -1700), (100,     0) }
   DEVICE_CATEGORY_EXT_MEDIA : {(  1, -5800), ( 20, -4000), ( 60, -2100), (100, -1000) }
   DEVICE_CATEGORY_HEARING_AID : {(  1, -12700), ( 20, -8000), ( 60, -4000), (100,     0) }

 AUDIO_STREAM_MUSIC (03): Curve points for device category (index, attenuation in millibel)
   DEVICE_CATEGORY_HEADSET : {(  1, -5800), ( 20, -4000), ( 60, -1700), (100,     0) }
   DEVICE_CATEGORY_SPEAKER : {(  1, -5800), ( 20, -4000), ( 60, -1700), (100,     0) }
   DEVICE_CATEGORY_EARPIECE : {(  1, -5800), ( 20, -4000), ( 60, -1700), (100,     0) }
   DEVICE_CATEGORY_EXT_MEDIA : {(  1, -5800), ( 20, -4000), ( 60, -1700), (100,     0) }
   DEVICE_CATEGORY_HEARING_AID : {(  1, -12700), ( 20, -8000), ( 60, -4000), (100,     0) }

 AUDIO_STREAM_ALARM (04): Curve points for device category (index, attenuation in millibel)
   DEVICE_CATEGORY_HEADSET : {(  0, -4950), ( 33, -3350), ( 66, -1700), (100,     0) }
   DEVICE_CATEGORY_SPEAKER : {(  0, -2970), ( 33, -2010), ( 66, -1020), (100,     0) }
   DEVICE_CATEGORY_EARPIECE : {(  0, -4950), ( 33, -3350), ( 66, -1700), (100,     0) }
   DEVICE_CATEGORY_EXT_MEDIA : {(  0, -5800), ( 20, -4000), ( 60, -2100), (100, -1000) }
   DEVICE_CATEGORY_HEARING_AID : {(  0, -12700), ( 20, -8000), ( 60, -4000), (100,     0) }

 AUDIO_STREAM_NOTIFICATION (05): Curve points for device category (index, attenuation in millibel)
   DEVICE_CATEGORY_HEADSET : {(  1, -4950), ( 33, -3350), ( 66, -1700), (100,     0) }
   DEVICE_CATEGORY_SPEAKER : {(  1, -2970), ( 33, -2010), ( 66, -1020), (100,     0) }
   DEVICE_CATEGORY_EARPIECE : {(  1, -4950), ( 33, -3350), ( 66, -1700), (100,     0) }
   DEVICE_CATEGORY_EXT_MEDIA : {(  1, -5800), ( 20, -4000), ( 60, -2100), (100, -1000) }
   DEVICE_CATEGORY_HEARING_AID : {(  1, -4950), ( 33, -3350), ( 66, -1700), (100,     0) }

 AUDIO_STREAM_BLUETOOTH_SCO (06): Curve points for device category (index, attenuation in millibel)
   DEVICE_CATEGORY_HEADSET : {(  0, -4200), ( 33, -2800), ( 66, -1400), (100,     0) }
   DEVICE_CATEGORY_SPEAKER : {(  0, -2400), ( 33, -1600), ( 66,  -800), (100,     0) }
   DEVICE_CATEGORY_EARPIECE : {(  0, -4200), ( 33, -2800), ( 66, -1400), (100,     0) }
   DEVICE_CATEGORY_EXT_MEDIA : {(  1, -5800), ( 20, -4000), ( 60, -1700), (100,     0) }
   DEVICE_CATEGORY_HEARING_AID : {(  1, -12700), ( 20, -8000), ( 60, -4000), (100,     0) }

 AUDIO_STREAM_ENFORCED_AUDIBLE (07): Curve points for device category (index, attenuation in millibel)
   DEVICE_CATEGORY_HEADSET : {(  1, -3000), ( 33, -2600), ( 66, -2200), (100, -1800) }
   DEVICE_CATEGORY_SPEAKER : {(  1, -2400), ( 33, -1800), ( 66, -1200), (100,  -600) }
   DEVICE_CATEGORY_EARPIECE : {(  1, -2400), ( 33, -1800), ( 66, -1200), (100,  -600) }
   DEVICE_CATEGORY_EXT_MEDIA : {(  1, -5800), ( 20, -4000), ( 60, -2100), (100, -1000) }
   DEVICE_CATEGORY_HEARING_AID : {(  1, -12700), ( 20, -8000), ( 60, -4000), (100,     0) }

 AUDIO_STREAM_DTMF (08): Curve points for device category (index, attenuation in millibel)
   DEVICE_CATEGORY_HEADSET : {(  1, -3000), ( 33, -2600), ( 66, -2200), (100, -1800) }
   DEVICE_CATEGORY_SPEAKER : {(  1, -2400), ( 33, -1800), ( 66, -1200), (100,  -600) }
   DEVICE_CATEGORY_EARPIECE : {(  1, -2400), ( 33, -1800), ( 66, -1200), (100,  -600) }
   DEVICE_CATEGORY_EXT_MEDIA : {(  1, -5800), ( 20, -4000), ( 60, -2100), (100, -1000) }
   DEVICE_CATEGORY_HEARING_AID : {(  1, -12700), ( 20, -8000), ( 60, -4000), (100,     0) }

 AUDIO_STREAM_TTS (09): Curve points for device category (index, attenuation in millibel)
   DEVICE_CATEGORY_HEADSET : {(  0, -9600), (100, -9600) }
   DEVICE_CATEGORY_SPEAKER : {(  0,     0), (100,     0) }
   DEVICE_CATEGORY_EARPIECE : {(  0, -9600), (100, -9600) }
   DEVICE_CATEGORY_EXT_MEDIA : {(  0, -9600), (100, -9600) }
   DEVICE_CATEGORY_HEARING_AID : {(  0, -9600), (100, -9600) }

 AUDIO_STREAM_ACCESSIBILITY (10): Curve points for device category (index, attenuation in millibel)
   DEVICE_CATEGORY_HEADSET : {(  0, -5800), ( 20, -4000), ( 60, -1700), (100,     0) }
   DEVICE_CATEGORY_SPEAKER : {(  0, -5800), ( 20, -4000), ( 60, -1700), (100,     0) }
   DEVICE_CATEGORY_EARPIECE : {(  0, -5800), ( 20, -4000), ( 60, -1700), (100,     0) }
   DEVICE_CATEGORY_EXT_MEDIA : {(  0, -5800), ( 20, -4000), ( 60, -1700), (100,     0) }
   DEVICE_CATEGORY_HEARING_AID : {(  0, -12700), ( 20, -8000), ( 60, -4000), (100,     0) }

 AUDIO_STREAM_REROUTING (11): Curve points for device category (index, attenuation in millibel)
   DEVICE_CATEGORY_HEADSET : {(  0,     0), (100,     0) }
   DEVICE_CATEGORY_SPEAKER : {(  0,     0), (100,     0) }
   DEVICE_CATEGORY_EARPIECE : {(  0,     0), (100,     0) }
   DEVICE_CATEGORY_EXT_MEDIA : {(  0,     0), (100,     0) }
   DEVICE_CATEGORY_HEARING_AID : {(  0,     0), (100,     0) }

 AUDIO_STREAM_PATCH (12): Curve points for device category (index, attenuation in millibel)
   DEVICE_CATEGORY_HEADSET : {(  0,     0), (100,     0) }
   DEVICE_CATEGORY_SPEAKER : {(  0,     0), (100,     0) }
   DEVICE_CATEGORY_EARPIECE : {(  0,     0), (100,     0) }
   DEVICE_CATEGORY_EXT_MEDIA : {(  0,     0), (100,     0) }
   DEVICE_CATEGORY_HEARING_AID : {(  0,     0), (100,     0) }


Total Effects CPU: 0.000000 MIPS, Total Effects memory: 0 KB, Max memory used: 0 KB
Registered effects:

Audio Patches:
  Audio patch 1:
  - handle:  3
  - audio flinger handle: 12
  - owner uid: 1041
  - 1 sources:
    - Mix ID 1 I/O handle 13
  - 1 sinks:
    - Device ID 2 AUDIO_DEVICE_OUT_BUS
  Audio patch 2:
  - handle:  6
  - audio flinger handle: 20
  - owner uid: 1041
  - 1 sources:
    - Mix ID 4 I/O handle 21
  - 1 sinks:
    - Device ID 5 AUDIO_DEVICE_OUT_BUS

Audio Policy Mix:
  Audio Policy Mix 1:
  - mix type: MIX_TYPE_PLAYERS
  - Route Flags: MIX_ROUTE_FLAG_RENDER
  - device type: AUDIO_DEVICE_OUT_BUS
  - device address: bus0_media_out
    - Criterion 0:
      - Usage:AUDIO_USAGE_UNKNOWN
      - Uid:0
      - Rule:RULE_MATCH_ATTRIBUTE_USAGE
    - Criterion 1:
      - Usage:AUDIO_USAGE_MEDIA
      - Uid:1
      - Rule:RULE_MATCH_ATTRIBUTE_USAGE
    - Criterion 2:
      - Usage:AUDIO_USAGE_GAME
      - Uid:14
      - Rule:RULE_MATCH_ATTRIBUTE_USAGE
    - Criterion 3:
      - Usage:AUDIO_USAGE_ASSISTANCE_NAVIGATION_GUIDANCE
      - Uid:12
      - Rule:RULE_MATCH_ATTRIBUTE_USAGE
    - Criterion 4:
      - Usage:AUDIO_USAGE_ASSISTANCE_ACCESSIBILITY
      - Uid:11
      - Rule:RULE_MATCH_ATTRIBUTE_USAGE
    - Criterion 5:
      - Usage:AUDIO_USAGE_ASSISTANT
      - Uid:16
      - Rule:RULE_MATCH_ATTRIBUTE_USAGE
    - Criterion 6:
      - Usage:AUDIO_USAGE_NOTIFICATION_TELEPHONY_RINGTONE
      - Uid:6
      - Rule:RULE_MATCH_ATTRIBUTE_USAGE
    - Criterion 7:
      - Usage:AUDIO_USAGE_VOICE_COMMUNICATION
      - Uid:2
      - Rule:RULE_MATCH_ATTRIBUTE_USAGE
    - Criterion 8:
      - Usage:AUDIO_USAGE_VOICE_COMMUNICATION_SIGNALLING
      - Uid:3
      - Rule:RULE_MATCH_ATTRIBUTE_USAGE
  Audio Policy Mix 2:
  - mix type: MIX_TYPE_PLAYERS
  - Route Flags: MIX_ROUTE_FLAG_RENDER
  - device type: AUDIO_DEVICE_OUT_BUS
  - device address: bus1_system_sound_out
    - Criterion 0:
      - Usage:AUDIO_USAGE_ALARM
      - Uid:4
      - Rule:RULE_MATCH_ATTRIBUTE_USAGE
    - Criterion 1:
      - Usage:AUDIO_USAGE_NOTIFICATION
      - Uid:5
      - Rule:RULE_MATCH_ATTRIBUTE_USAGE
    - Criterion 2:
      - Usage:AUDIO_USAGE_NOTIFICATION_COMMUNICATION_REQUEST
      - Uid:7
      - Rule:RULE_MATCH_ATTRIBUTE_USAGE
    - Criterion 3:
      - Usage:AUDIO_USAGE_NOTIFICATION_COMMUNICATION_INSTANT
      - Uid:8
      - Rule:RULE_MATCH_ATTRIBUTE_USAGE
    - Criterion 4:
      - Usage:AUDIO_USAGE_NOTIFICATION_COMMUNICATION_DELAYED
      - Uid:9
      - Rule:RULE_MATCH_ATTRIBUTE_USAGE
    - Criterion 5:
      - Usage:AUDIO_USAGE_NOTIFICATION_EVENT
      - Uid:10
      - Rule:RULE_MATCH_ATTRIBUTE_USAGE
    - Criterion 6:
      - Usage:AUDIO_USAGE_ASSISTANCE_SONIFICATION
      - Uid:13
      - Rule:RULE_MATCH_ATTRIBUTE_USAGE
