Libraries NOT loaded:
Libraries loaded:
 Library dynamics_processing
  path: /vendor/lib/soundfx/libdynproc.so
  Dynamics Processing / The Android Open Source Project
    UUID: e0e6539b-1781-7261-676f-6d7573696340
    TYPE: 7261676f-6d75-7369-6364-28e2fd3ac39e
    apiVersion: 00020000
    flags: 00000050
 Library loudness_enhancer
  path: /vendor/lib/soundfx/libldnhncr.so
  Loudness Enhancer / The Android Open Source Project
    UUID: fa415329-2034-4bea-b5dc-5b381c8d1e2c
    TYPE: fe3199be-aed0-413f-87bb-11260eb63cf1
    apiVersion: 00020000
    flags: 00000008
 Library downmix
  path: /vendor/lib/soundfx/libdownmix.so
  Multichannel Downmix To Stereo / The Android Open Source Project
    UUID: 93f04452-e4fe-41cc-91f9-e475b6d1d69f
    TYPE: 381e49cc-a858-4aa2-87f6-e8388e7601b2
    apiVersion: 00020000
    flags: 00000008
 Library visualizer
  path: /vendor/lib/soundfx/libvisualizer.so
  Visualizer / The Android Open Source Project
    UUID: d069d9e0-8329-11df-9168-0002a5d5c51b
    TYPE: e46b26a0-dddd-11db-8afd-0002a5d5c51b
    apiVersion: 00020000
    flags: 00000008
 Library reverb
  path: /vendor/lib/soundfx/libreverbwrapper.so
  Insert Preset Reverb / NXP Software Ltd.
    UUID: 172cdf00-a3bc-11df-a72f-0002a5d5c51b
    TYPE: 47382d60-ddd8-11db-bf3a-0002a5d5c51b
    apiVersion: 00020000
    flags: 00000048
  Auxiliary Preset Reverb / NXP Software Ltd.
    UUID: f29a1400-a3bb-11df-8ddc-0002a5d5c51b
    TYPE: 47382d60-ddd8-11db-bf3a-0002a5d5c51b
    apiVersion: 00020000
    flags: 00000001
  Insert Environmental Reverb / NXP Software Ltd.
    UUID: c7a511a0-a3bb-11df-860e-0002a5d5c51b
    TYPE: c2e5d5f0-94bd-4763-9cac-4e234d06839e
    apiVersion: 00020000
    flags: 00000048
  Auxiliary Environmental Reverb / NXP Software Ltd.
    UUID: 4a387fc0-8ab3-11df-8bad-0002a5d5c51b
    TYPE: c2e5d5f0-94bd-4763-9cac-4e234d06839e
    apiVersion: 00020000
    flags: 00000001
 Library bundle
  path: /vendor/lib/soundfx/libbundlewrapper.so
  Volume / NXP Software Ltd.
    UUID: 119341a0-8469-11df-81f9-0002a5d5c51b
    TYPE: 09e8ede0-ddde-11db-b4f6-0002a5d5c51b
    apiVersion: 00020000
    flags: 00000050
  Equalizer / NXP Software Ltd.
    UUID: ce772f20-847d-11df-bb17-0002a5d5c51b
    TYPE: 0bed4300-ddd6-11db-8f34-0002a5d5c51b
    apiVersion: 00020000
    flags: 00000048
  Virtualizer / NXP Software Ltd.
    UUID: 1d4033c0-8557-11df-9f2d-0002a5d5c51b
    TYPE: 37cc2c00-dddd-11db-8577-0002a5d5c51b
    apiVersion: 00020000
    flags: 00000250
  Dynamic Bass Boost / NXP Software Ltd.
    UUID: 8631f300-72e2-11df-b57e-0002a5d5c51b
    TYPE: 0634f220-ddd4-11db-a0fc-0002a5d5c51b
    apiVersion: 00020000
    flags: 00000248
XML effect configuration loaded successfully.
Clients:
  pid: 3107
Notification Clients:
  pid: 1756
  pid: 1769
  pid: 3107
Global session refs:
  session   pid count
       17  3107     1
       25  3107     1
Hardware status: 0
Standby Time mSec: 3000
  playback threads

Output thread 0xf3983f80, name AudioOut_D, tid 1804, type 0 (MIXER):
  I/O handle: 13
  Standby: no
  Sample rate: 48000 Hz
  HAL frame count: 1024
  HAL format: 0x1 (AUDIO_FORMAT_PCM_16_BIT)
  HAL buffer size: 4096 bytes
  Channel count: 2
  Channel mask: 0x00000003 (front-left, front-right)
  Processing format: 0x1 (AUDIO_FORMAT_PCM_16_BIT)
  Processing frame size: 4 bytes
  Pending config events: none
  Output device: 0x1000000 (AUDIO_DEVICE_OUT_BUS)
  Input device: 0 (AUDIO_DEVICE_NONE)
  Audio source: 0 (default)
  Normal frame count: 1024
  Last write occurred (msecs): 10
  Total writes: 1038
  Delayed writes: 0
  Blocked in write: yes
  Suspend count: 0
  Sink buffer : 0xf4409000
  Mixer buffer: 0xf446b000
  Effect buffer: 0xf3c23000
  Fast track availMask=0xfe
  Standby delay ns=3000000000
  AudioStreamOut: 0xf4449f80 flags 0x2 (AUDIO_OUTPUT_FLAG_PRIMARY)
  Frames written: 1062912
  Suspended frames: 0
  Hal stream dump:
      Signal power history:
       10-10 17:26:49.153:    -55.4  -55.5  -55.9  -56.6  -56.8  -56.9  -43.8  -44.7  -47.1  -47.9
       10-10 17:26:49.665:    -49.2  -50.9  -44.4  -44.8  -46.1  -48.2  -49.7  -51.6  -53.2  -55.6
       10-10 17:26:50.157:    -56.8  -56.9  -56.9  -49.0  -48.2  -52.3  -52.8  -53.3  -52.5  -51.2
       10-10 17:26:50.669:    -52.3  -53.9  -53.0  -52.4  -49.9  -44.8  -46.6  -47.7  -48.8  -49.7
       10-10 17:26:51.157:    -51.0  -51.9  -52.4  -53.4  -54.4  -54.9  -55.4  -56.3  -57.0  -58.0
       10-10 17:26:51.669:    -58.4  -51.3  -51.2  -52.3  -53.5  -54.6  -56.2  -49.7  -50.2  -50.1
       10-10 17:26:52.161:    -50.9  -51.3  -52.2  -52.5  -52.7  -53.3  -54.0  -47.7  -40.0  -40.9
       10-10 17:26:52.653:    -42.2  -43.8  -45.7  -48.0  -49.0  -49.0  -49.9  -49.5  -50.8  -40.7
       10-10 17:26:53.165:    -40.9  -44.4  -47.1  -48.9  -50.8  -54.1  -56.9  -57.4  -57.7  -57.2
       10-10 17:26:53.653:    -57.8  -59.9  -61.2  -61.1  -61.5  -44.7  -42.8  -44.5  -45.7  -47.3
       10-10 17:26:54.165:    -47.1  -40.2  -41.5  -45.2  -47.6  -50.2  -53.3  -56.8  -58.7  -58.6
       10-10 17:26:54.657:    -58.0  -46.1  -42.6  -44.3  -47.1  -49.7  -52.7  -56.8  -59.0  -59.5
       10-10 17:26:55.169:    -58.5  -57.4  -50.5  -45.3  -46.3  -47.9  -49.1  -50.5  -51.6  -52.2
       10-10 17:26:55.661:    -53.2  -54.5  -54.9  -55.8  -56.6  -57.4  -58.1  -59.4  -54.8  -53.6
       10-10 17:26:56.173:    -54.7  -55.2  -56.0  -57.3  -53.0  -52.6  -53.6  -54.5  -56.0  -56.9
       10-10 17:26:56.661:    -57.8  -58.5  -59.6  -59.8  -60.3  -60.5  -60.1  -60.2  -60.6  -56.6
       10-10 17:26:57.153:    -40.4  -40.2  -41.6  -43.1  -44.9  -47.0  -43.0  -43.7  -44.9  -46.2
       10-10 17:26:57.665:    -47.6  -48.5  -48.7  -49.5  -50.2  -50.8  -48.7  -42.5  -41.9  -44.7
       10-10 17:26:58.157:    -46.8  -49.6  -42.3  -43.0  -44.0  -45.4  -46.4  -47.5  -47.0  -47.4
       10-10 17:26:58.669:    -49.6  -50.5  -51.2  -51.8  -53.0  -53.3  -54.6  -54.5  -47.0  -41.9
       10-10 17:26:59.157:    -42.7  -45.6  -48.1  -50.9  -54.6  -56.8  -57.6  -57.1  -56.3  -43.0
       10-10 17:26:59.669:    -40.2  -41.7  -42.8  -44.3  -46.2  -48.2  -49.3  -50.9  -51.0  -50.9
       10-10 17:27:00.161:    -47.7  -46.5  -49.4  -50.2  -51.7  -42.5  -40.9  -42.8  -45.7  -47.5
       10-10 17:27:00.653:    -49.2  -46.4  -46.5  -48.5  -48.9  -49.4  -50.4  -51.2  -52.6  -52.4
       10-10 17:27:01.165:    -53.1  -53.2  -54.1  -53.6  -55.0  -55.3  -55.8  -55.2  -55.7  -56.9
       10-10 17:27:01.653:    -59.9  -62.6  -50.3  -41.4  -41.4  -43.0  -45.0  -44.5  -41.1  -43.1
       10-10 17:27:02.165:    -45.0  -46.0  -45.4  -37.4  -39.3  -43.6  -46.3  -43.8  -37.7  -40.2
       10-10 17:27:02.657:    -44.1  -47.1  -50.0  -42.4  -42.0  -44.8  -46.1  -47.5  -48.9  -50.3
       10-10 17:27:03.169:    -50.8  -51.6  -52.0  -51.8  -37.2  -33.5  -34.6  -36.2  -37.5  -38.8
       10-10 17:27:03.661:    -40.1  -41.9  -44.2  -46.6  -48.6  -51.9  -53.2  -46.4  -39.4  -41.7
       10-10 17:27:04.173:    -44.5  -46.0  -47.6  -49.3  -50.3  -50.7  -51.8  -51.8  -53.0  -53.4
       10-10 17:27:04.661:    -54.8  -55.5  -57.2  -58.9  -59.1  -59.7  -61.6  -62.9  -64.8  -65.4
       10-10 17:27:05.153:    -66.3  -65.7  -64.6  -64.5  -64.8  -66.0  -64.9  -65.3  -64.9  -64.8
       10-10 17:27:05.665:    -65.0  -64.8  -65.5  -65.6  -66.3  -65.6  -65.6  -65.6  -66.1  -65.9
       10-10 17:27:06.157:    -66.6  -66.6  -66.7  -67.3  -67.2  -68.0  -67.3  -67.8  -68.3  -69.3
       10-10 17:27:06.669:    -70.0  -69.7  -69.6  -68.8  -69.4  -70.3  -71.8  -76.4  -41.2  -40.5
       10-10 17:27:07.157:    -41.2  -42.5  -44.3  -45.8  -47.2  -47.9  -48.2  -49.3  -50.0  -51.0
       10-10 17:27:07.669:    -52.0  -52.6  -53.4  -54.5  -55.8  -56.7  -57.5  -58.6  -59.1  -59.7
       10-10 17:27:08.161:    -61.6  -62.0  -62.4  -62.3  -62.1  -61.9  -62.4  -63.6  -63.2  -62.7
  Thread throttle time (msecs): 0
  AudioMixer tracks: 0 
  Master mono: off
  No FastMixer
  Stream volumes in dB: 0:-24, 1:-inf, 2:-inf, 3:-22, 4:-30, 5:-inf, 6:-inf, 7:-inf, 8:-inf, 9:0, 10:-58, 11:0, 12:0
  Normal mixer raw underrun counters: partial=0 empty=0
  1 Tracks of which 1 are active
    T Name Active Client Session S  Flags   Format Chn mask  SRate ST  L dB  R dB  VS dB   Server FrmCnt  FrmRdy F Underruns  Flushed Main Buf  Aux Buf
         0    yes   3107      25 A  0x000 00000001 00000003  44100  3     0     0     0  000EE6A6   3776    3776 A       944        0 F4409000 00000000
  0 Effect Chains
  Local log:
   10-10 17:20:00.608 CFG_EVENT_CREATE_AUDIO_PATCH: old device 0x1000000 (AUDIO_DEVICE_OUT_BUS) new device 0x1000000 (AUDIO_DEVICE_OUT_BUS)
   10-10 17:26:46.550 AT::add       (0xf4472f00)      0     no   3107      25 A  0x000 00000001 00000003  44100  3     0     0     0  00000000   3776       0 f         0        0 F4409000 00000000

Output thread 0xf3803ec0, name AudioOut_15, tid 1805, type 0 (MIXER):
  I/O handle: 21
  Standby: yes
  Sample rate: 48000 Hz
  HAL frame count: 1024
  HAL format: 0x1 (AUDIO_FORMAT_PCM_16_BIT)
  HAL buffer size: 4096 bytes
  Channel count: 2
  Channel mask: 0x00000003 (front-left, front-right)
  Processing format: 0x1 (AUDIO_FORMAT_PCM_16_BIT)
  Processing frame size: 4 bytes
  Pending config events: none
  Output device: 0x1000000 (AUDIO_DEVICE_OUT_BUS)
  Input device: 0 (AUDIO_DEVICE_NONE)
  Audio source: 0 (default)
  Normal frame count: 1024
  Last write occurred (msecs): 434808
  Total writes: 0
  Delayed writes: 0
  Blocked in write: no
  Suspend count: 0
  Sink buffer : 0xf440a000
  Mixer buffer: 0xf4454000
  Effect buffer: 0xf4456000
  Fast track availMask=0xfe
  Standby delay ns=3000000000
  AudioStreamOut: 0xf4449f48 flags 0x2 (AUDIO_OUTPUT_FLAG_PRIMARY)
  Frames written: 0
  Suspended frames: 0
  Hal stream dump:
      Signal power history: (none)
  Thread throttle time (msecs): 0
  AudioMixer tracks: 
  Master mono: off
  No FastMixer
  Stream volumes in dB: 0:-24, 1:-inf, 2:-inf, 3:-inf, 4:-30, 5:-inf, 6:-inf, 7:-inf, 8:-inf, 9:0, 10:-58, 11:0, 12:0
  Normal mixer raw underrun counters: partial=0 empty=0
  0 Tracks
  0 Effect Chains
  Local log:
   10-10 17:20:00.615 CFG_EVENT_CREATE_AUDIO_PATCH: old device 0x1000000 (AUDIO_DEVICE_OUT_BUS) new device 0x1000000 (AUDIO_DEVICE_OUT_BUS)
  record threads
  mmap threads

USB audio module:
  No output streams.

  No input streams.

Reroute submix audio module:
 route[0] rate in=0 out=0, addr=[]
 route[1] rate in=0 out=0, addr=[]
 route[2] rate in=0 out=0, addr=[]
 route[3] rate in=0 out=0, addr=[]
 route[4] rate in=0 out=0, addr=[]
 route[5] rate in=0 out=0, addr=[]
 route[6] rate in=0 out=0, addr=[]
 route[7] rate in=0 out=0, addr=[]
 route[8] rate in=0 out=0, addr=[]
 route[9] rate in=48000 out=48000, addr=[]
