Libraries NOT loaded:
Libraries loaded:
 Library dynamics_processing
  path: /vendor/lib/soundfx/libdynproc.so
  Dynamics Processing / The Android Open Source Project
    UUID: e0e6539b-1781-7261-676f-6d7573696340
    TYPE: 7261676f-6d75-7369-6364-28e2fd3ac39e
    apiVersion: 00020000
    flags: 00000050
 Library loudness_enhancer
  path: /vendor/lib/soundfx/libldnhncr.so
  Loudness Enhancer / The Android Open Source Project
    UUID: fa415329-2034-4bea-b5dc-5b381c8d1e2c
    TYPE: fe3199be-aed0-413f-87bb-11260eb63cf1
    apiVersion: 00020000
    flags: 00000008
 Library downmix
  path: /vendor/lib/soundfx/libdownmix.so
  Multichannel Downmix To Stereo / The Android Open Source Project
    UUID: 93f04452-e4fe-41cc-91f9-e475b6d1d69f
    TYPE: 381e49cc-a858-4aa2-87f6-e8388e7601b2
    apiVersion: 00020000
    flags: 00000008
 Library visualizer
  path: /vendor/lib/soundfx/libvisualizer.so
  Visualizer / The Android Open Source Project
    UUID: d069d9e0-8329-11df-9168-0002a5d5c51b
    TYPE: e46b26a0-dddd-11db-8afd-0002a5d5c51b
    apiVersion: 00020000
    flags: 00000008
 Library reverb
  path: /vendor/lib/soundfx/libreverbwrapper.so
  Insert Preset Reverb / NXP Software Ltd.
    UUID: 172cdf00-a3bc-11df-a72f-0002a5d5c51b
    TYPE: 47382d60-ddd8-11db-bf3a-0002a5d5c51b
    apiVersion: 00020000
    flags: 00000048
  Auxiliary Preset Reverb / NXP Software Ltd.
    UUID: f29a1400-a3bb-11df-8ddc-0002a5d5c51b
    TYPE: 47382d60-ddd8-11db-bf3a-0002a5d5c51b
    apiVersion: 00020000
    flags: 00000001
  Insert Environmental Reverb / NXP Software Ltd.
    UUID: c7a511a0-a3bb-11df-860e-0002a5d5c51b
    TYPE: c2e5d5f0-94bd-4763-9cac-4e234d06839e
    apiVersion: 00020000
    flags: 00000048
  Auxiliary Environmental Reverb / NXP Software Ltd.
    UUID: 4a387fc0-8ab3-11df-8bad-0002a5d5c51b
    TYPE: c2e5d5f0-94bd-4763-9cac-4e234d06839e
    apiVersion: 00020000
    flags: 00000001
 Library bundle
  path: /vendor/lib/soundfx/libbundlewrapper.so
  Volume / NXP Software Ltd.
    UUID: 119341a0-8469-11df-81f9-0002a5d5c51b
    TYPE: 09e8ede0-ddde-11db-b4f6-0002a5d5c51b
    apiVersion: 00020000
    flags: 00000050
  Equalizer / NXP Software Ltd.
    UUID: ce772f20-847d-11df-bb17-0002a5d5c51b
    TYPE: 0bed4300-ddd6-11db-8f34-0002a5d5c51b
    apiVersion: 00020000
    flags: 00000048
  Virtualizer / NXP Software Ltd.
    UUID: 1d4033c0-8557-11df-9f2d-0002a5d5c51b
    TYPE: 37cc2c00-dddd-11db-8577-0002a5d5c51b
    apiVersion: 00020000
    flags: 00000250
  Dynamic Bass Boost / NXP Software Ltd.
    UUID: 8631f300-72e2-11df-b57e-0002a5d5c51b
    TYPE: 0634f220-ddd4-11db-a0fc-0002a5d5c51b
    apiVersion: 00020000
    flags: 00000248
XML effect configuration loaded successfully.
Clients:
  pid: 3107
  pid: 3345
Notification Clients:
  pid: 1756
  pid: 1769
  pid: 3107
  pid: 3345
Global session refs:
  session   pid count
       17  3107     1
       57  3345     1
       65  3107     1
Hardware status: 0
Standby Time mSec: 3000
  playback threads

Output thread 0xf3983f80, name AudioOut_D, tid 1804, type 0 (MIXER):
  I/O handle: 13
  Standby: no
  Sample rate: 48000 Hz
  HAL frame count: 1024
  HAL format: 0x1 (AUDIO_FORMAT_PCM_16_BIT)
  HAL buffer size: 4096 bytes
  Channel count: 2
  Channel mask: 0x00000003 (front-left, front-right)
  Processing format: 0x1 (AUDIO_FORMAT_PCM_16_BIT)
  Processing frame size: 4 bytes
  Pending config events: none
  Output device: 0x1000000 (AUDIO_DEVICE_OUT_BUS)
  Input device: 0 (AUDIO_DEVICE_NONE)
  Audio source: 0 (default)
  Normal frame count: 1024
  Last write occurred (msecs): 6
  Total writes: 11064
  Delayed writes: 0
  Blocked in write: yes
  Suspend count: 0
  Sink buffer : 0xf4409000
  Mixer buffer: 0xf446b000
  Effect buffer: 0xf3c23000
  Fast track availMask=0xfe
  Standby delay ns=3000000000
  AudioStreamOut: 0xf4449f80 flags 0x2 (AUDIO_OUTPUT_FLAG_PRIMARY)
  Frames written: 11329536
  Suspended frames: 0
  Hal stream dump:
      Signal power history:
       10-10 17:30:15.405:    -73.9  -73.7  -74.4  -74.4  -74.5  -74.7  -73.1  -74.9  -80.6  -86.1
       10-10 17:30:15.917:    -86.8  -87.0  -88.2  -88.4  -87.9  -88.6  -89.4  -90.0  -90.4  -91.0
       10-10 17:30:16.405:    -92.1  -92.8  -94.9  -95.7  -95.9  -96.7  -98.7  -99.7 -102.9 -107.2 ] sum(-28.0)
       10-10 17:30:25.005: [  -96.6  -93.5  -93.2  -93.0  -94.0  -49.2  -39.7  -41.9  -45.1  -47.8
       10-10 17:30:25.517:    -44.2  -43.4  -45.9  -47.6  -49.0  -50.9  -44.4  -41.0  -42.3  -44.2
       10-10 17:30:26.005:    -46.4  -47.7  -49.3  -50.8  -53.1  -54.1  -55.0  -55.2  -55.5  -55.4
       10-10 17:30:26.517:    -54.8  -44.4  -40.5  -43.0  -44.5  -45.8  -47.0  -42.6  -40.4  -41.3
       10-10 17:30:27.009:    -43.8  -45.8  -48.4  -50.8  -53.2  -54.2  -54.1  -50.8  -45.3  -48.0
       10-10 17:30:27.521:    -51.2  -51.6  -52.5  -51.7  -51.0  -53.1  -54.2  -52.8  -45.3  -42.3
       10-10 17:30:28.013:    -44.5  -45.9  -47.1  -49.0  -49.7  -51.3  -52.2  -53.2  -54.8  -55.8
       10-10 17:30:28.501:    -56.4  -57.1  -57.8  -58.6  -47.7  -48.2  -49.1  -50.0  -51.0  -50.3
       10-10 17:30:29.013:    -47.5  -47.8  -48.2  -48.6  -49.2  -49.9  -50.4  -50.9  -51.4  -52.3
       10-10 17:30:29.505:    -51.4  -38.8  -39.0  -40.3  -42.0  -43.8  -46.1  -47.5  -47.6  -48.7
       10-10 17:30:30.017:    -48.1  -44.8  -38.0  -40.3  -43.3  -45.9  -48.3  -51.0  -53.5  -54.6
       10-10 17:30:30.509:    -54.4  -55.3  -55.7  -57.2  -57.3  -57.9  -50.5  -42.4  -42.9  -44.9
       10-10 17:30:31.021:    -46.5  -47.9  -41.6  -38.3  -40.8  -44.2  -47.4  -50.0  -51.8  -53.4
       10-10 17:30:31.509:    -54.4  -56.5  -44.2  -41.4  -43.7  -46.2  -48.4  -51.4  -54.6  -56.2
       10-10 17:30:32.001:    -56.0  -55.9  -54.9  -44.8  -44.6  -46.2  -47.4  -48.2  -50.6  -51.7
       10-10 17:30:32.513:    -52.1  -53.3  -53.1  -54.0  -55.5  -56.3  -56.7  -57.9  -55.1  -53.6
       10-10 17:30:33.005:    -54.6  -55.6  -57.0  -54.2  -48.9  -48.9  -50.1  -50.9  -51.8  -52.1
       10-10 17:30:33.517:    -52.5  -52.6  -53.3  -52.1  -41.9  -41.5  -43.7  -47.0  -48.2  -43.6
       10-10 17:30:34.005:    -44.6  -45.3  -46.3  -47.9  -45.2  -41.8  -43.4  -45.7  -46.7  -48.1
       10-10 17:30:34.517:    -48.6  -49.8  -50.6  -50.5  -50.8  -51.5  -52.3  -52.4  -52.7  -43.7
       10-10 17:30:35.009:    -43.8  -44.5  -46.6  -48.8  -44.7  -41.7  -42.8  -45.1  -46.4  -43.0
       10-10 17:30:35.521:    -40.7  -42.7  -44.9  -47.0  -49.2  -51.6  -53.7  -53.3  -53.1  -52.3
       10-10 17:30:36.013:    -52.7  -54.0  -53.0  -52.6  -52.7  -45.6  -40.4  -42.5  -45.0  -47.3
       10-10 17:30:36.501:    -48.4  -48.6  -48.3  -48.7  -50.3  -52.8  -55.6  -56.1  -54.7  -54.3
       10-10 17:30:37.013:    -53.4  -50.4  -51.9  -53.3  -54.2  -50.7  -48.6  -50.4  -51.4  -52.6
       10-10 17:30:37.505:    -45.3  -42.3  -43.3  -46.2  -49.3  -42.6  -40.3  -41.8  -44.5  -46.1
       10-10 17:30:38.017:    -42.1  -41.1  -43.5  -45.9  -47.8  -49.8  -43.4  -42.3  -43.6  -45.1
       10-10 17:30:38.509:    -46.6  -48.0  -49.5  -51.5  -53.8  -55.8  -56.7  -57.3  -57.1  -57.9
       10-10 17:30:39.021:    -58.7  -50.2  -43.3  -45.8  -47.5  -49.5  -51.1  -44.1  -45.4  -48.1
       10-10 17:30:39.509:    -50.9  -52.4  -53.5  -53.7  -54.9  -55.4  -56.8  -48.9  -43.1  -45.8
       10-10 17:30:40.001:    -47.5  -48.7  -50.3  -52.1  -53.9  -56.4  -58.1  -58.5  -48.6  -39.3
       10-10 17:30:40.513:    -39.8  -41.1  -42.4  -43.4  -44.2  -45.3  -46.8  -49.0  -50.3  -53.2
       10-10 17:30:41.005:    -55.0  -56.4  -59.0  -58.9  -60.1  -60.8  -61.4  -62.1  -61.7  -62.4
       10-10 17:30:41.517:    -59.2  -57.5  -57.9  -57.3  -58.2  -59.4  -60.1  -59.5  -59.3  -60.0
       10-10 17:30:42.005:    -60.7  -43.3  -38.5  -41.8  -45.4  -48.8  -45.5  -42.4  -45.2  -46.4
       10-10 17:30:42.517:    -47.7
  Thread throttle time (msecs): 0
  AudioMixer tracks: 0 
  Master mono: off
  No FastMixer
  Stream volumes in dB: 0:-5.9, 1:0, 2:-8.7, 3:-22, 4:-12, 5:-8.7, 6:-inf, 7:-11, 8:-11, 9:0, 10:-21, 11:0, 12:0
  Normal mixer raw underrun counters: partial=0 empty=0
  2 Tracks of which 1 are active
    T Name Active Client Session S  Flags   Format Chn mask  SRate ST  L dB  R dB  VS dB   Server FrmCnt  FrmRdy F Underruns  Flushed Main Buf  Aux Buf
         1     no   1769       0 I  0x000 00000005 00000003  48000 12     0     0     0  00000000   3072       0 I         0        0 F4409000 00000000
         0    yes   3107      65 A  0x001 00000001 00000003  44100  3     0     0     0  000CD573   7552    7552 A       944        0 F4409000 00000000
  0 Effect Chains
  Local log:
   10-10 17:20:00.608 CFG_EVENT_CREATE_AUDIO_PATCH: old device 0x1000000 (AUDIO_DEVICE_OUT_BUS) new device 0x1000000 (AUDIO_DEVICE_OUT_BUS)
   10-10 17:26:46.550 AT::add       (0xf4472f00)      0     no   3107      25 A  0x000 00000001 00000003  44100  3     0     0     0  00000000   3776       0 f         0        0 F4409000 00000000
   10-10 17:27:18.229 AT::remove    (0xf4472f00)      0     no   3107      25 T  0x601 00000001 00000003  44100  3     0     0     0  00150700   3776       0 f     33520        0 F4409000 00000000
   10-10 17:27:18.229 removeTrack_l (0xf4472f00)      0     no   3107      25 T  0x601 00000001 00000003  44100  3     0     0     0  00150700   3776       0 f     33520        0 F4409000 00000000
   10-10 17:27:18.230 AT::add       (0xf3190000)      1     no   3107      33 A  0x000 00000001 00000003  44100  3     0     0     0  00000000   3776       0 f         0        0 F4409000 00000000
   10-10 17:29:03.403 AT::add       (0xf3190a00)      2     no   3107      33 A  0x000 00000001 00000003  44100  3     0     0     0  00000000   3776       0 f         0        0 F4409000 00000000
   10-10 17:29:03.445 AT::remove    (0xf3190000)      1     no   3107      33 T  0x404 00000001 00000003  44100  3     0     0     0  00468746   3776    2835 f     31152        0 F4409000 00000000
   10-10 17:29:03.445 removeTrack_l (0xf3190000)      1     no   3107      33 T  0x404 00000001 00000003  44100  3     0     0     0  00468746   3776    2835 f     31152        0 F4409000 00000000
   10-10 17:29:11.516 removeTrack_l (0xf4440600)      0     no   1769       0 T  0x000 00000005 00000003  48000 12     0     0     0  00000000   3072       0 I         0        0 F4409000 00000000
   10-10 17:29:11.535 CFG_EVENT_CREATE_AUDIO_PATCH: old device 0x1000000 (AUDIO_DEVICE_OUT_BUS) new device 0x1000000 (AUDIO_DEVICE_OUT_BUS)
   10-10 17:29:11.557 AT::add       (0xf4472280)      0     no   3107      33 A  0x000 00000001 00000003  44100  3     0     0     0  00000000   3776       0 f         0        0 F4409000 00000000
   10-10 17:29:11.617 AT::remove    (0xf3190a00)      2     no   3107      33 T  0x404 00000001 00000003  44100  3     0     0     0  00057F86   3776     954 f         0        0 F4409000 00000000
   10-10 17:29:11.617 removeTrack_l (0xf3190a00)      2     no   3107      33 T  0x404 00000001 00000003  44100  3     0     0     0  00057F86   3776     954 f         0        0 F4409000 00000000
   10-10 17:29:18.951 AT::add       (0xf3191400)      2     no   3107      33 A  0x000 00000001 00000003  44100  3     0     0     0  00000000   3776       0 f         0        0 F4409000 00000000
   10-10 17:29:18.997 AT::remove    (0xf4472280)      0     no   3107      33 T  0x404 00000001 00000003  44100  3     0     0     0  0004F78C   3776    3776 f         0        0 F4409000 00000000
   10-10 17:29:18.997 removeTrack_l (0xf4472280)      0     no   3107      33 T  0x404 00000001 00000003  44100  3     0     0     0  0004F78C   3776    3776 f         0        0 F4409000 00000000
   10-10 17:29:48.360 removeTrack_l (0xf4440300)      1     no   1769       0 T  0x000 00000005 00000003  48000 12     0     0     0  00000000   3072       0 I         0        0 F4409000 00000000
   10-10 17:29:48.373 CFG_EVENT_CREATE_AUDIO_PATCH: old device 0x1000000 (AUDIO_DEVICE_OUT_BUS) new device 0x1000000 (AUDIO_DEVICE_OUT_BUS)
   10-10 17:29:48.381 AT::add       (0xf4472c80)      0     no   3107      33 A  0x000 00000001 00000003  44100  3     0     0     0  00000000   3776       0 f         0        0 F4409000 00000000
   10-10 17:29:48.437 AT::remove    (0xf3191400)      2     no   3107      33 T  0x404 00000001 00000003  44100  3     0     0     0  0013CF80   3776    1894 f         0        0 F4409000 00000000
   10-10 17:29:48.437 removeTrack_l (0xf3191400)      2     no   3107      33 T  0x404 00000001 00000003  44100  3     0     0     0  0013CF80   3776    1894 f         0        0 F4409000 00000000
   10-10 17:30:12.978 AT::add       (0xf4472780)      2     no   3107      33 A  0x000 00000001 00000003  44100  3     0     0     0  00000000   3776       0 f         0        0 F4409000 00000000
   10-10 17:30:13.037 AT::remove    (0xf4472c80)      0     no   3107      33 T  0x404 00000001 00000003  44100  3     0     0     0  00108D46   3776    2835 f         0        0 F4409000 00000000
   10-10 17:30:13.037 removeTrack_l (0xf4472c80)      0     no   3107      33 T  0x404 00000001 00000003  44100  3     0     0     0  00108D46   3776    2835 f         0        0 F4409000 00000000
   10-10 17:30:23.366 AT::remove    (0xf4472780)      2     no   3107      33 A  0x009 00000001 00000003  44100  3     0     0     0  0006A0DC   3776       0 A     48397        0 F4409000 00000000
   10-10 17:30:23.458 AT::add       (0xf4472780)      2     no   3107      33 A  0x001 00000001 00000003  44100  3     0     0     0  0006A0DC   3776       0 f     48397        0 F4409000 00000000
   10-10 17:30:23.509 AT::remove    (0xf4472780)      2     no   3107      33 T  0x601 00000001 00000003  44100  3     0     0     0  0006A0DC   3776     256 f     48397        0 F4409000 00000000
   10-10 17:30:23.510 removeTrack_l (0xf4472780)      2     no   3107      33 T  0x601 00000001 00000003  44100  3     0     0     0  0006A0DC   3776     256 f     48397        0 F4409000 00000000
   10-10 17:30:23.532 AT::add       (0xf3190c80)      0     no   3107      65 A  0x000 00000001 00000003  44100  3     0     0     0  00000000   7552       0 f         0        0 F4409000 00000000

Output thread 0xf3803ec0, name AudioOut_15, tid 1805, type 0 (MIXER):
  I/O handle: 21
  Standby: yes
  Sample rate: 48000 Hz
  HAL frame count: 1024
  HAL format: 0x1 (AUDIO_FORMAT_PCM_16_BIT)
  HAL buffer size: 4096 bytes
  Channel count: 2
  Channel mask: 0x00000003 (front-left, front-right)
  Processing format: 0x1 (AUDIO_FORMAT_PCM_16_BIT)
  Processing frame size: 4 bytes
  Pending config events: none
  Output device: 0 (AUDIO_DEVICE_NONE)
  Input device: 0 (AUDIO_DEVICE_NONE)
  Audio source: 0 (default)
  Normal frame count: 1024
  Last write occurred (msecs): 648693
  Total writes: 0
  Delayed writes: 0
  Blocked in write: no
  Suspend count: 0
  Sink buffer : 0xf440a000
  Mixer buffer: 0xf4454000
  Effect buffer: 0xf4456000
  Fast track availMask=0xfe
  Standby delay ns=3000000000
  AudioStreamOut: 0xf4449f48 flags 0x2 (AUDIO_OUTPUT_FLAG_PRIMARY)
  Frames written: 0
  Suspended frames: 0
  Hal stream dump:
      Signal power history: (none)
  Thread throttle time (msecs): 0
  AudioMixer tracks: 
  Master mono: off
  No FastMixer
  Stream volumes in dB: 0:-5.9, 1:-11, 2:-8.7, 3:-22, 4:-12, 5:-8.7, 6:-inf, 7:-11, 8:-11, 9:0, 10:-21, 11:0, 12:0
  Normal mixer raw underrun counters: partial=0 empty=0
  0 Tracks
  0 Effect Chains
  Local log:
   10-10 17:20:00.615 CFG_EVENT_CREATE_AUDIO_PATCH: old device 0x1000000 (AUDIO_DEVICE_OUT_BUS) new device 0x1000000 (AUDIO_DEVICE_OUT_BUS)
   10-10 17:29:11.538 CFG_EVENT_RELEASE_AUDIO_PATCH: old device 0x1000000 (AUDIO_DEVICE_OUT_BUS) new device 0 (AUDIO_DEVICE_NONE)

Output thread 0xf1e83280, name AudioOut_3D, tid 3352, type 0 (MIXER):
  I/O handle: 61
  Standby: yes
  Sample rate: 48000 Hz
  HAL frame count: 1024
  HAL format: 0x1 (AUDIO_FORMAT_PCM_16_BIT)
  HAL buffer size: 4096 bytes
  Channel count: 2
  Channel mask: 0x00000003 (front-left, front-right)
  Processing format: 0x1 (AUDIO_FORMAT_PCM_16_BIT)
  Processing frame size: 4 bytes
  Pending config events: none
  Output device: 0x8000 (AUDIO_DEVICE_OUT_REMOTE_SUBMIX)
  Input device: 0 (AUDIO_DEVICE_NONE)
  Audio source: 0 (default)
  Normal frame count: 1024
  Last write occurred (msecs): 648694
  Total writes: 0
  Delayed writes: 0
  Blocked in write: no
  Suspend count: 0
  Sink buffer : 0xf31ad000
  Mixer buffer: 0xf1afc000
  Effect buffer: 0xf1afe000
  Fast track availMask=0xfe
  Standby delay ns=3000000000
  AudioStreamOut: 0xf40b8498 flags 0 (AUDIO_OUTPUT_FLAG_NONE)
  Frames written: 0
  Suspended frames: 0
  Hal stream dump:
      Signal power history: (none)
  Thread throttle time (msecs): 0
  AudioMixer tracks: 
  Master mono: off
  No FastMixer
  Stream volumes in dB: 0:-5.9, 1:-11, 2:-8.7, 3:-22, 4:-12, 5:-8.7, 6:-inf, 7:-11, 8:-11, 9:0, 10:-21, 11:0, 12:0
  Normal mixer raw underrun counters: partial=0 empty=0
  1 Tracks of which 0 are active
    T Name Active Client Session S  Flags   Format Chn mask  SRate ST  L dB  R dB  VS dB   Server FrmCnt  FrmRdy F Underruns  Flushed Main Buf  Aux Buf
         0     no   1769       0 I  0x000 00000005 00000003  48000 12     0     0     0  00000000   3072       0 I         0        0 F31AD000 00000000
  0 Effect Chains
  Local log:
   10-10 17:30:12.967 CFG_EVENT_CREATE_AUDIO_PATCH: old device 0x8000 (AUDIO_DEVICE_OUT_REMOTE_SUBMIX) new device 0x8000 (AUDIO_DEVICE_OUT_REMOTE_SUBMIX)

Output thread 0xf1b03cc0, name AudioOut_45, tid 3353, type 2 (DUPLICATING):
  I/O handle: 69
  Standby: yes
  Sample rate: 48000 Hz
  HAL frame count: 1024
  HAL format: 0x1 (AUDIO_FORMAT_PCM_16_BIT)
  HAL buffer size: 8192 bytes
  Channel count: 2
  Channel mask: 0x00000003 (front-left, front-right)
  Processing format: 0x5 (AUDIO_FORMAT_PCM_FLOAT)
  Processing frame size: 8 bytes
  Pending config events: none
  Output device: 0x8000 (AUDIO_DEVICE_OUT_REMOTE_SUBMIX)
  Input device: 0 (AUDIO_DEVICE_NONE)
  Audio source: 0 (default)
  Normal frame count: 1024
  Last write occurred (msecs): 648694
  Total writes: 0
  Delayed writes: 0
  Blocked in write: no
  Suspend count: 0
  Sink buffer : 0xf1a9f000
  Mixer buffer: 0xf1aa1000
  Effect buffer: 0xf1aa3000
  Fast track availMask=0xfe
  Standby delay ns=3000000000
  AudioStreamOut: 0xf40b8498 flags 0 (AUDIO_OUTPUT_FLAG_NONE)
  Frames written: 0
  Suspended frames: 0
  Hal stream dump:
      Signal power history: (none)
  Thread throttle time (msecs): 0
  AudioMixer tracks: 
  Master mono: off
  No FastMixer
  2 OutputTracks: (0 : 0xf1e83280, 61) (1 : 0xf3983f80, 13)
  Stream volumes in dB: 0:-5.9, 1:-11, 2:-8.7, 3:-22, 4:-12, 5:-8.7, 6:-inf, 7:-11, 8:-11, 9:0, 10:-21, 11:0, 12:0
  Normal mixer raw underrun counters: partial=0 empty=0
  0 Tracks
  0 Effect Chains
  Local log:
  record threads

Input thread 0xf1f03c00, name AudioIn_2E, tid 3351, type 3 (RECORD):
  I/O handle: 46
  Standby: no
  Sample rate: 48000 Hz
  HAL frame count: 1024
  HAL format: 0x1 (AUDIO_FORMAT_PCM_16_BIT)
  HAL buffer size: 4096 bytes
  Channel count: 2
  Channel mask: 0x0000000c (left, right)
  Processing format: 0x1 (AUDIO_FORMAT_PCM_16_BIT)
  Processing frame size: 4 bytes
  Pending config events: none
  Output device: 0x1000000 (AUDIO_DEVICE_OUT_BUS)
  Input device: 0x80000100 (AUDIO_DEVICE_IN_REMOTE_SUBMIX)
  Audio source: 8 (remote submix)
  AudioStreamIn: 0xf40881f0 flags 0 (AUDIO_INPUT_FLAG_NONE)
  Hal stream dump:
      Signal power history: (none)
  Fast capture thread: no
  Fast track available: no
  FastCapture not initialized
  1 Tracks of which 1 are active
    Active Client Session S  Flags   Format Chn mask  SRate   Server FrmCnt Sil
       yes   3345      57 A  0x000 00000001 0000000C  48000 0015B000   3072   n
  0 Effect Chains
  Local log:
   10-10 17:30:12.935 AT::add       (0xf1e30700)     no   3345      57 r1 0x000 00000001 0000000C  48000 00000000   3072   n
   10-10 17:30:12.938 CFG_EVENT_CREATE_AUDIO_PATCH: old device 0x80000100 (AUDIO_DEVICE_IN_REMOTE_SUBMIX) new device 0x80000100 (AUDIO_DEVICE_IN_REMOTE_SUBMIX)
  mmap threads

USB audio module:
  No output streams.

  No input streams.

Reroute submix audio module:
 route[0] rate in=0 out=0, addr=[]
 route[1] rate in=0 out=0, addr=[]
 route[2] rate in=0 out=0, addr=[]
 route[3] rate in=0 out=0, addr=[]
 route[4] rate in=0 out=0, addr=[]
 route[5] rate in=0 out=0, addr=[]
 route[6] rate in=0 out=0, addr=[]
 route[7] rate in=0 out=0, addr=[]
 route[8] rate in=0 out=0, addr=[]
 route[9] rate in=48000 out=48000, addr=[0]
