
130|autolink_8q:/ # dumpsys media.audio_flinger
Libraries NOT loaded:
Libraries loaded:
 Library dynamics_processing
  path: /vendor/lib/soundfx/libdynproc.so
  Dynamics Processing / The Android Open Source Project
    UUID: e0e6539b-1781-7261-676f-6d7573696340
    TYPE: 7261676f-6d75-7369-6364-28e2fd3ac39e
    apiVersion: 00020000
    flags: 00000050
 Library loudness_enhancer
  path: /vendor/lib/soundfx/libldnhncr.so
  Loudness Enhancer / The Android Open Source Project
    UUID: fa415329-2034-4bea-b5dc-5b381c8d1e2c
    TYPE: fe3199be-aed0-413f-87bb-11260eb63cf1
    apiVersion: 00020000
    flags: 00000008
 Library downmix
  path: /vendor/lib/soundfx/libdownmix.so
  Multichannel Downmix To Stereo / The Android Open Source Project
    UUID: 93f04452-e4fe-41cc-91f9-e475b6d1d69f
    TYPE: 381e49cc-a858-4aa2-87f6-e8388e7601b2
    apiVersion: 00020000
    flags: 00000008
 Library visualizer
  path: /vendor/lib/soundfx/libvisualizer.so
  Visualizer / The Android Open Source Project
    UUID: d069d9e0-8329-11df-9168-0002a5d5c51b
    TYPE: e46b26a0-dddd-11db-8afd-0002a5d5c51b
    apiVersion: 00020000
    flags: 00000008
 Library reverb
  path: /vendor/lib/soundfx/libreverbwrapper.so
  Insert Preset Reverb / NXP Software Ltd.
    UUID: 172cdf00-a3bc-11df-a72f-0002a5d5c51b
    TYPE: 47382d60-ddd8-11db-bf3a-0002a5d5c51b
    apiVersion: 00020000
    flags: 00000048
  Auxiliary Preset Reverb / NXP Software Ltd.
    UUID: f29a1400-a3bb-11df-8ddc-0002a5d5c51b
    TYPE: 47382d60-ddd8-11db-bf3a-0002a5d5c51b
    apiVersion: 00020000
    flags: 00000001
  Insert Environmental Reverb / NXP Software Ltd.
    UUID: c7a511a0-a3bb-11df-860e-0002a5d5c51b
    TYPE: c2e5d5f0-94bd-4763-9cac-4e234d06839e
    apiVersion: 00020000
    flags: 00000048
  Auxiliary Environmental Reverb / NXP Software Ltd.
    UUID: 4a387fc0-8ab3-11df-8bad-0002a5d5c51b
    TYPE: c2e5d5f0-94bd-4763-9cac-4e234d06839e
    apiVersion: 00020000
    flags: 00000001
 Library bundle
  path: /vendor/lib/soundfx/libbundlewrapper.so
  Volume / NXP Software Ltd.
    UUID: 119341a0-8469-11df-81f9-0002a5d5c51b
    TYPE: 09e8ede0-ddde-11db-b4f6-0002a5d5c51b
    apiVersion: 00020000
    flags: 00000050
  Equalizer / NXP Software Ltd.
    UUID: ce772f20-847d-11df-bb17-0002a5d5c51b
    TYPE: 0bed4300-ddd6-11db-8f34-0002a5d5c51b
    apiVersion: 00020000
    flags: 00000048
  Virtualizer / NXP Software Ltd.
    UUID: 1d4033c0-8557-11df-9f2d-0002a5d5c51b
    TYPE: 37cc2c00-dddd-11db-8577-0002a5d5c51b
    apiVersion: 00020000
    flags: 00000250
  Dynamic Bass Boost / NXP Software Ltd.
    UUID: 8631f300-72e2-11df-b57e-0002a5d5c51b
    TYPE: 0634f220-ddd4-11db-a0fc-0002a5d5c51b
    apiVersion: 00020000
    flags: 00000248
XML effect configuration loaded successfully.
Clients:
  pid: 3143
  pid: 5039
Notification Clients:
  pid: 1763
  pid: 1776
  pid: 3143
  pid: 5039
Global session refs:
  session   pid count
       17  3143     1
       41  3143     1
       73  5039     1
Hardware status: 0
Standby Time mSec: 3000
  playback threads

Output thread 0xf0a03fc0, name AudioOut_D, tid 1810, type 0 (MIXER):
  I/O handle: 13
  Standby: yes
  Sample rate: 48000 Hz
  HAL frame count: 1024
  HAL format: 0x1 (AUDIO_FORMAT_PCM_16_BIT)
  HAL buffer size: 4096 bytes
  Channel count: 2
  Channel mask: 0x00000003 (front-left, front-right)
  Processing format: 0x1 (AUDIO_FORMAT_PCM_16_BIT)
  Processing frame size: 4 bytes
  Pending config events: none
  Output device: 0 (AUDIO_DEVICE_NONE)
  Input device: 0 (AUDIO_DEVICE_NONE)
  Audio source: 0 (default)
  Normal frame count: 1024
  Last write occurred (msecs): 5779680
  Total writes: 9011
  Delayed writes: 0
  Blocked in write: no
  Suspend count: 0
  Sink buffer : 0xf1489000
  Mixer buffer: 0xf14eb000
  Effect buffer: 0xf0ba2000
  Fast track availMask=0xfe
  Standby delay ns=3000000000
  AudioStreamOut: 0xf14c9f80 flags 0x2 (AUDIO_OUTPUT_FLAG_PRIMARY)
  Frames written: 9227264
  Suspended frames: 0
  Hal stream dump:
      Signal power history:
       10-08 13:57:35.681: [  -94.9  -92.9  -93.5  -93.2  -93.6  -43.2  -40.0  -42.9  -45.9  -48.7
       10-08 13:57:36.169:    -42.7  -43.7  -46.3  -48.0  -49.6  -51.2  -42.5  -40.7  -42.7  -44.4
       10-08 13:57:36.681:    -46.7  -48.1  -49.8  -51.6  -53.4  -54.2  -54.6  -55.0  -55.4  -55.1
       10-08 13:57:37.173:    -54.7  -41.8  -40.5  -43.4  -44.8  -46.0  -44.9  -40.8  -40.4  -42.4
       10-08 13:57:37.685:    -44.6  -46.4  -48.6  -51.4  -53.7  -54.1  -54.3  -49.1  -45.4  -49.3
       10-08 13:57:38.177:    -50.8  -52.1  -52.6  -51.4  -51.2  -53.6  -54.0  -52.4  -43.4  -42.4
       10-08 13:57:38.689:    -45.0  -46.4  -48.1  -49.1  -50.1  -51.4  -52.7  -54.1  -55.4  -55.8
       10-08 13:57:39.177:    -56.4  -57.0  -57.9  -52.4  -47.8  -48.1  -49.4  -50.0  -51.5  -48.8
       10-08 13:57:39.669:    -47.3  -47.8  -48.3  -48.8  -49.6  -50.0  -50.6  -50.8  -52.0  -52.8
       10-08 13:57:40.181:    -45.2  -38.3  -39.6  -40.6  -42.5  -44.5  -46.6  -47.6  -47.9  -48.5
       10-08 13:57:40.673:    -48.1  -41.1  -38.4  -41.0  -44.1  -46.6  -49.1  -51.9  -53.7  -54.5
       10-08 13:57:41.185:    -54.4  -55.3  -56.3  -57.2  -57.5  -58.1  -46.7  -42.7  -43.7  -45.4
       10-08 13:57:41.673:    -46.6  -48.4  -39.4  -39.1  -42.3  -45.2  -48.1  -50.8  -52.8  -54.0
       10-08 13:57:42.185:    -54.9  -55.9  -42.7  -41.8  -44.5  -46.8  -49.3  -52.1  -55.4  -56.3
       10-08 13:57:42.677:    -56.2  -55.4  -50.0  -44.0  -45.3  -46.4  -48.1  -48.8  -50.5  -51.5
       10-08 13:57:43.169:    -52.4  -53.1  -53.6  -54.6  -55.4  -56.3  -57.0  -57.7  -54.4  -53.6
       10-08 13:57:43.681:    -54.8  -55.8  -57.2  -51.9  -48.8  -49.3  -50.1  -51.1  -51.7  -52.1
       10-08 13:57:44.169:    -52.6  -52.9  -53.3  -49.0  -40.9  -42.0  -44.6  -48.1  -46.3  -43.4
       10-08 13:57:44.681:    -44.9  -45.6  -46.7  -48.5  -42.6  -43.1  -44.2  -46.7  -47.0  -48.2
       10-08 13:57:45.173:    -49.1  -50.0  -50.5  -50.7  -51.3  -51.8  -52.3  -52.5  -50.9  -42.9
       10-08 13:57:45.685:    -44.0  -44.8  -47.5  -48.8  -43.2  -42.0  -43.7  -45.4  -46.5  -42.0
       10-08 13:57:46.177:    -40.9  -43.7  -45.3  -47.4  -49.8  -52.5  -53.8  -53.5  -52.8  -52.3
       10-08 13:57:46.689:    -53.0  -53.9  -52.9  -52.7  -52.7  -42.6  -40.8  -43.0  -45.5  -47.8
       10-08 13:57:47.177:    -48.3  -48.7  -48.0  -48.8  -51.1  -53.6  -56.0  -55.5  -54.0  -54.6
       10-08 13:57:47.669:    -51.7  -50.5  -51.7  -53.9  -54.7  -49.3  -49.3  -50.5  -51.9  -53.1
       10-08 13:57:48.181:    -44.6  -42.4  -44.0  -47.1  -49.7  -41.3  -40.5  -42.7  -45.2  -46.5
       10-08 13:57:48.673:    -41.4  -41.4  -44.2  -46.3  -48.5  -47.4  -41.8  -42.4  -43.8  -45.4
       10-08 13:57:49.185:    -47.1  -48.3  -50.4  -52.1  -54.3  -56.0  -57.1  -57.4  -57.4  -58.1
       10-08 13:57:49.673:    -59.2  -46.7  -43.8  -46.0  -48.4  -49.8  -49.4  -43.3  -46.1  -48.6
       10-08 13:57:50.185:    -51.7  -52.6  -53.6  -53.8  -54.9  -55.5  -56.5  -46.3  -43.5  -46.7
       10-08 13:57:50.677:    -47.8  -49.1  -50.7  -52.5  -54.7  -57.0  -58.6  -58.6  -44.3  -39.5
       10-08 13:57:51.169:    -40.1  -41.4  -42.8  -43.6  -44.6  -45.9  -47.5  -49.4  -51.2  -54.3
       10-08 13:57:51.681:    -55.4  -57.2  -59.6  -58.7  -60.1  -61.0  -61.6  -61.9  -61.4  -62.8
       10-08 13:57:52.169:    -57.8  -57.9  -57.5  -57.4  -58.6  -59.7  -59.7  -59.5  -59.3  -60.3
       10-08 13:57:52.681:    -60.8  -40.4  -39.3  -42.7  -46.1  -50.6  -44.2  -43.2  -45.6  -46.7
       10-08 13:57:53.173:    -48.2  -49.9  -44.0  -40.9  -42.2  -44.3  -46.1  -47.7  -49.0  -51.1
       10-08 13:57:53.685:    -53.4  -53.4  -53.6  -54.2  -54.7  -55.4  -54.8  -46.1  -40.3  -42.8
       10-08 13:57:54.177:    -44.1  -46.1  -47.5  -41.6  -40.6  -42.7  -44.3  -46.0  -47.2  -48.5
       10-08 13:57:54.689:    -50.3  -51.6  -51.9  -52.1  -45.7  -47.1  -50.4  -50.8  -53.2 ] sum(16.2)
  Thread throttle time (msecs): 0
  AudioMixer tracks: 0 
  Master mono: off
  No FastMixer
  Stream volumes in dB: 0:-5.9, 1:-11, 2:-8.7, 3:-22, 4:-12, 5:-8.7, 6:-inf, 7:-11, 8:-11, 9:0, 10:-21, 11:0, 12:0
  Normal mixer raw underrun counters: partial=0 empty=0
  2 Tracks of which 0 are active
    T Name Active Client Session S  Flags   Format Chn mask  SRate ST  L dB  R dB  VS dB   Server FrmCnt  FrmRdy F Underruns  Flushed Main Buf  Aux Buf
         1     no   1776       0 I  0x000 00000005 00000003  48000 12     0     0     0  00000000   3072       0 I         0        0 F1489000 00000000
         0     no   3143      41 P  0x604 00000001 00000003  44100  3     0     0     0  000E152C   3776     980 A         0        0 F1489000 00000000
  0 Effect Chains
  Local log:
   10-08 13:53:05.774 CFG_EVENT_CREATE_AUDIO_PATCH: old device 0x1000000 (AUDIO_DEVICE_OUT_BUS) new device 0x1000000 (AUDIO_DEVICE_OUT_BUS)
   10-08 13:54:45.843 AT::add       (0xf0099000)      0     no   3143      25 A  0x000 00000001 00000003  44100  3     0     0     0  00000000   3776       0 f         0        0 F1489000 00000000
   10-08 13:57:34.043 AT::remove    (0xf0099000)      0     no   3143      25 A  0x009 00000001 00000003  44100  3     0     0     0  0070CC00   3776       0 A     48694        0 F1489000 00000000
   10-08 13:57:34.108 AT::add       (0xf0099000)      0     no   3143      25 A  0x001 00000001 00000003  44100  3     0     0     0  0070CC00   3776       0 f     48694        0 F1489000 00000000
   10-08 13:57:34.166 AT::remove    (0xf0099000)      0     no   3143      25 T  0x601 00000001 00000003  44100  3     0     0     0  0070CC00   3776     256 f     49638        0 F1489000 00000000
   10-08 13:57:34.166 removeTrack_l (0xf0099000)      0     no   3143      25 T  0x601 00000001 00000003  44100  3     0     0     0  0070CC00   3776     256 f     49638        0 F1489000 00000000
   10-08 13:57:34.183 AT::add       (0xf14f2180)      0     no   3143      41 A  0x000 00000001 00000003  44100  3     0     0     0  00000000   3776       0 f         0        0 F1489000 00000000
   10-08 13:57:55.158 AT::remove    (0xf14f2180)      0     no   3143      41 P  0x600 00000001 00000003  44100  3     0     0     0  000E152C   3776     980 A         0        0 F1489000 00000000
   10-08 14:50:24.326 removeTrack_l (0xf14c0600)      1     no   1776       0 T  0x000 00000005 00000003  48000 12     0     0     0  00000000   3072       0 I         0        0 F1489000 00000000
   10-08 14:50:24.334 CFG_EVENT_RELEASE_AUDIO_PATCH: old device 0x1000000 (AUDIO_DEVICE_OUT_BUS) new device 0 (AUDIO_DEVICE_NONE)
   10-08 15:06:08.587 removeTrack_l (0xf14c0300)      1     no   1776       0 T  0x000 00000005 00000003  48000 12     0     0     0  00000000   3072       0 I         0        0 F1489000 00000000

Output thread 0xf0883040, name AudioOut_15, tid 1811, type 0 (MIXER):
  I/O handle: 21
  Standby: yes
  Sample rate: 48000 Hz
  HAL frame count: 1024
  HAL format: 0x1 (AUDIO_FORMAT_PCM_16_BIT)
  HAL buffer size: 4096 bytes
  Channel count: 2
  Channel mask: 0x00000003 (front-left, front-right)
  Processing format: 0x1 (AUDIO_FORMAT_PCM_16_BIT)
  Processing frame size: 4 bytes
  Pending config events: none
  Output device: 0 (AUDIO_DEVICE_NONE)
  Input device: 0 (AUDIO_DEVICE_NONE)
  Audio source: 0 (default)
  Normal frame count: 1024
  Last write occurred (msecs): 6078069
  Total writes: 0
  Delayed writes: 0
  Blocked in write: no
  Suspend count: 0
  Sink buffer : 0xf148a000
  Mixer buffer: 0xf14d4000
  Effect buffer: 0xf14d6000
  Fast track availMask=0xfe
  Standby delay ns=3000000000
  AudioStreamOut: 0xf14c9f48 flags 0x2 (AUDIO_OUTPUT_FLAG_PRIMARY)
  Frames written: 0
  Suspended frames: 0
  Hal stream dump:
      Signal power history: (none)
  Thread throttle time (msecs): 0
  AudioMixer tracks: 
  Master mono: off
  No FastMixer
  Stream volumes in dB: 0:-5.9, 1:-11, 2:-8.7, 3:-22, 4:-12, 5:-8.7, 6:-inf, 7:-11, 8:-11, 9:0, 10:-21, 11:0, 12:0
  Normal mixer raw underrun counters: partial=0 empty=0
  0 Tracks
  0 Effect Chains
  Local log:
   10-08 13:53:05.780 CFG_EVENT_CREATE_AUDIO_PATCH: old device 0x1000000 (AUDIO_DEVICE_OUT_BUS) new device 0x1000000 (AUDIO_DEVICE_OUT_BUS)
   10-08 14:50:24.337 CFG_EVENT_RELEASE_AUDIO_PATCH: old device 0x1000000 (AUDIO_DEVICE_OUT_BUS) new device 0 (AUDIO_DEVICE_NONE)

Output thread 0xf06833c0, name AudioOut_3D, tid 5047, type 0 (MIXER):
  I/O handle: 61
  Standby: yes
  Sample rate: 48000 Hz
  HAL frame count: 1024
  HAL format: 0x1 (AUDIO_FORMAT_PCM_16_BIT)
  HAL buffer size: 4096 bytes
  Channel count: 2
  Channel mask: 0x00000003 (front-left, front-right)
  Processing format: 0x1 (AUDIO_FORMAT_PCM_16_BIT)
  Processing frame size: 4 bytes
  Pending config events: none
  Output device: 0x8000 (AUDIO_DEVICE_OUT_REMOTE_SUBMIX)
  Input device: 0 (AUDIO_DEVICE_NONE)
  Audio source: 0 (default)
  Normal frame count: 1024
  Last write occurred (msecs): 6078069
  Total writes: 0
  Delayed writes: 0
  Blocked in write: no
  Suspend count: 0
  Sink buffer : 0xf00ac000
  Mixer buffer: 0xf076c000
  Effect buffer: 0xf076e000
  Fast track availMask=0xfe
  Standby delay ns=3000000000
  AudioStreamOut: 0xf14ca098 flags 0 (AUDIO_OUTPUT_FLAG_NONE)
  Frames written: 0
  Suspended frames: 0
  Hal stream dump:
      Signal power history: (none)
  Thread throttle time (msecs): 0
  AudioMixer tracks: 
  Master mono: off
  No FastMixer
  Stream volumes in dB: 0:-5.9, 1:-11, 2:-8.7, 3:-22, 4:-12, 5:-8.7, 6:-inf, 7:-11, 8:-11, 9:0, 10:-21, 11:0, 12:0
  Normal mixer raw underrun counters: partial=0 empty=0
  1 Tracks of which 0 are active
    T Name Active Client Session S  Flags   Format Chn mask  SRate ST  L dB  R dB  VS dB   Server FrmCnt  FrmRdy F Underruns  Flushed Main Buf  Aux Buf
         0     no   1776       0 I  0x000 00000005 00000003  48000 12     0     0     0  00000000   3072       0 I         0        0 F00AC000 00000000
  0 Effect Chains
  Local log:
   10-08 15:06:47.740 CFG_EVENT_CREATE_AUDIO_PATCH: old device 0x8000 (AUDIO_DEVICE_OUT_REMOTE_SUBMIX) new device 0x8000 (AUDIO_DEVICE_OUT_REMOTE_SUBMIX)

Output thread 0xeea830c0, name AudioOut_45, tid 5048, type 2 (DUPLICATING):
  I/O handle: 69
  Standby: yes
  Sample rate: 48000 Hz
  HAL frame count: 1024
  HAL format: 0x1 (AUDIO_FORMAT_PCM_16_BIT)
  HAL buffer size: 8192 bytes
  Channel count: 2
  Channel mask: 0x00000003 (front-left, front-right)
  Processing format: 0x5 (AUDIO_FORMAT_PCM_FLOAT)
  Processing frame size: 8 bytes
  Pending config events: none
  Output device: 0x8000 (AUDIO_DEVICE_OUT_REMOTE_SUBMIX)
  Input device: 0 (AUDIO_DEVICE_NONE)
  Audio source: 0 (default)
  Normal frame count: 1024
  Last write occurred (msecs): 6078070
  Total writes: 0
  Delayed writes: 0
  Blocked in write: no
  Suspend count: 0
  Sink buffer : 0xf0770000
  Mixer buffer: 0xf0772000
  Effect buffer: 0xf0774000
  Fast track availMask=0xfe
  Standby delay ns=3000000000
  AudioStreamOut: 0xf14ca098 flags 0 (AUDIO_OUTPUT_FLAG_NONE)
  Frames written: 0
  Suspended frames: 0
  Hal stream dump:
      Signal power history: (none)
  Thread throttle time (msecs): 0
  AudioMixer tracks: 
  Master mono: off
  No FastMixer
  2 OutputTracks: (1 : 0xf0a03fc0, 13) (0 : 0xf06833c0, 61)
  Stream volumes in dB: 0:-5.9, 1:-11, 2:-8.7, 3:-22, 4:-12, 5:-8.7, 6:-inf, 7:-11, 8:-11, 9:0, 10:-21, 11:0, 12:0
  Normal mixer raw underrun counters: partial=0 empty=0
  0 Tracks
  0 Effect Chains
  Local log:
  record threads

Input thread 0xf0103380, name AudioIn_2E, tid 5046, type 3 (RECORD):
  I/O handle: 46
  Standby: no
  Sample rate: 48000 Hz
  HAL frame count: 1024
  HAL format: 0x1 (AUDIO_FORMAT_PCM_16_BIT)
  HAL buffer size: 4096 bytes
  Channel count: 2
  Channel mask: 0x0000000c (left, right)
  Processing format: 0x1 (AUDIO_FORMAT_PCM_16_BIT)
  Processing frame size: 4 bytes
  Pending config events: none
  Output device: 0 (AUDIO_DEVICE_NONE)
  Input device: 0x80000100 (AUDIO_DEVICE_IN_REMOTE_SUBMIX)
  Audio source: 8 (remote submix)
  AudioStreamIn: 0xf1108470 flags 0 (AUDIO_INPUT_FLAG_NONE)
  Hal stream dump:
      Signal power history: (none)
  Fast capture thread: no
  Fast track available: no
  FastCapture not initialized
  1 Tracks of which 1 are active
    Active Client Session S  Flags   Format Chn mask  SRate   Server FrmCnt Sil
       yes   5039      73 A  0x000 00000001 0000000C  48000 04B88400   3072   n
  0 Effect Chains
  Local log:
   10-08 15:06:47.725 AT::add       (0xf00921c0)     no   5039      73 r1 0x000 00000001 0000000C  48000 00000000   3072   n
   10-08 15:06:47.727 CFG_EVENT_CREATE_AUDIO_PATCH: old device 0x80000100 (AUDIO_DEVICE_IN_REMOTE_SUBMIX) new device 0x80000100 (AUDIO_DEVICE_IN_REMOTE_SUBMIX)
  mmap threads

USB audio module:
  No output streams.

  No input streams.

Reroute submix audio module:
 route[0] rate in=0 out=0, addr=[]
 route[1] rate in=0 out=0, addr=[]
 route[2] rate in=0 out=0, addr=[]
 route[3] rate in=0 out=0, addr=[]
 route[4] rate in=0 out=0, addr=[]
 route[5] rate in=0 out=0, addr=[]
 route[6] rate in=0 out=0, addr=[]
 route[7] rate in=0 out=0, addr=[]
 route[8] rate in=0 out=0, addr=[]
 route[9] rate in=48000 out=48000, addr=[0]
















 autolink_8q:/ # dumpsys media.audio_policy                                                                                                                                                                        
AudioPolicyManager: 0xf14f1000
Command Thread: 0xf14aa140
Tones Thread: 0xf14aa0e0
AudioCommandThread 0xf14aa140 Dump
- Commands:
   Command Time        Wait pParam
  Last Command
   07      004428.031  0    0xf0a57800
AudioCommandThread 0xf14aa0e0 Dump
- Commands:
   Command Time        Wait pParam
  Last Command
     none

AudioPolicyManager Dump: 0xf14f1000
 Primary Output: 13
 Phone state: AUDIO_MODE_NORMAL
 Force use for communications 0
 Force use for media 0
 Force use for record 0
 Force use for dock 8
 Force use for system 0
 Force use for hdmi system audio 0
 Force use for encoded surround output 0
 TTS output not available
 Master mono: off
- Available output devices:
  Device 1:
  - id:  2
  - tag name: bus0_media_out
  - type: AUDIO_DEVICE_OUT_BUS                            
  - address: bus0_media_out                  
  - Profiles:
      Profile 0:[dynamic format][dynamic channels][dynamic rates]
  - gains:
    Gain 1:
    - mode: 00000001
    - channel_mask: 00000000
    - min_value: -3200 mB
    - max_value: 600 mB
    - default_value: 0 mB
    - step_value: 100 mB
    - min_ramp_ms: 0 ms
    - max_ramp_ms: 0 ms
  Device 2:
  - id:  5
  - tag name: bus1_system_sound_out
  - type: AUDIO_DEVICE_OUT_BUS                            
  - address: bus1_system_sound_out           
  - Profiles:
      Profile 0:[dynamic format][dynamic channels][dynamic rates]
  - gains:
    Gain 1:
    - mode: 00000001
    - channel_mask: 00000000
    - min_value: -3200 mB
    - max_value: 600 mB
    - default_value: 0 mB
    - step_value: 100 mB
    - min_ramp_ms: 0 ms
    - max_ramp_ms: 0 ms
  Device 3:
  - id: 30
  - tag name: Remote Submix Out
  - type: AUDIO_DEVICE_OUT_REMOTE_SUBMIX                  
  - address: 0                               
  - Profiles:
      Profile 0:
          - format: AUDIO_FORMAT_PCM_16_BIT
          - sampling rates:48000
          - channel masks:0x0003
- Available input devices:
  Device 1:
  - id:  8
  - tag name: Built-In Mic
  - type: AUDIO_DEVICE_IN_BUILTIN_MIC                     
  - address: bottom                          
  - Profiles:
      Profile 0:[dynamic format][dynamic channels][dynamic rates]
      Profile 1:
          - format: AUDIO_FORMAT_PCM_16_BIT
          - sampling rates:8000, 11025, 16000, 22050, 24000, 32000, 44100, 48000
          - channel masks:0x000c, 0x0010
  Device 2:
  - id: 10
  - tag name: Remote Submix In
  - type: AUDIO_DEVICE_IN_REMOTE_SUBMIX                   
  - address: 0                               
  - Profiles:
      Profile 0:
          - format: AUDIO_FORMAT_PCM_16_BIT
          - sampling rates:48000
          - channel masks:0x000c

HW Modules dump:
- HW Module 1:
  - name: primary
  - handle: 10
  - version: 2.0
  - outputs:
    output 0:
    - name: mixport_bus0_media_out
    - Profiles:
        Profile 0:
            - format: AUDIO_FORMAT_PCM_16_BIT
            - sampling rates:48000
            - channel masks:0x0003
    - flags: 0x0002 (AUDIO_OUTPUT_FLAG_PRIMARY)
    - Supported devices:
      Device 1:
      - id:  2
      - tag name: bus0_media_out
      - type: AUDIO_DEVICE_OUT_BUS                            
      - address: bus0_media_out                  

    - maxOpenCount: 1 - curOpenCount: 1
    - maxActiveCount: 1 - curActiveCount: 0
    output 1:
    - name: mixport_bus1_system_sound_out
    - Profiles:
        Profile 0:
            - format: AUDIO_FORMAT_PCM_16_BIT
            - sampling rates:48000
            - channel masks:0x0003
    - flags: 0x0002 (AUDIO_OUTPUT_FLAG_PRIMARY)
    - Supported devices:
      Device 1:
      - id:  5
      - tag name: bus1_system_sound_out
      - type: AUDIO_DEVICE_OUT_BUS                            
      - address: bus1_system_sound_out           

    - maxOpenCount: 1 - curOpenCount: 1
    - maxActiveCount: 1 - curActiveCount: 0
  - inputs:
    input 0:
    - name: primary input
    - Profiles:
        Profile 0:
            - format: AUDIO_FORMAT_PCM_16_BIT
            - sampling rates:8000, 11025, 16000, 22050, 24000, 32000, 44100, 48000
            - channel masks:0x000c, 0x0010
    - flags: 0x0000 (AUDIO_INPUT_FLAG_NONE)
    - Supported devices:
      Device 1:
      - id:  8
      - tag name: Built-In Mic
      - type: AUDIO_DEVICE_IN_BUILTIN_MIC                     
      - address: bottom                          

    - maxOpenCount: 0 - curOpenCount: 0
    - maxActiveCount: 1 - curActiveCount: 0
  - Declared devices:
    Device 1:
    - id:  2
    - tag name: bus0_media_out
    - type: AUDIO_DEVICE_OUT_BUS                            
    - address: bus0_media_out                  
    - Profiles:
        Profile 0:[dynamic format][dynamic channels][dynamic rates]
    - gains:
      Gain 1:
      - mode: 00000001
      - channel_mask: 00000000
      - min_value: -3200 mB
      - max_value: 600 mB
      - default_value: 0 mB
      - step_value: 100 mB
      - min_ramp_ms: 0 ms
      - max_ramp_ms: 0 ms
    Device 2:
    - id:  5
    - tag name: bus1_system_sound_out
    - type: AUDIO_DEVICE_OUT_BUS                            
    - address: bus1_system_sound_out           
    - Profiles:
        Profile 0:[dynamic format][dynamic channels][dynamic rates]
    - gains:
      Gain 1:
      - mode: 00000001
      - channel_mask: 00000000
      - min_value: -3200 mB
      - max_value: 600 mB
      - default_value: 0 mB
      - step_value: 100 mB
      - min_ramp_ms: 0 ms
      - max_ramp_ms: 0 ms
    Device 3:
    - id:  8
    - tag name: Built-In Mic
    - type: AUDIO_DEVICE_IN_BUILTIN_MIC                     
    - address: bottom                          
    - Profiles:
        Profile 0:[dynamic format][dynamic channels][dynamic rates]
        Profile 1:
            - format: AUDIO_FORMAT_PCM_16_BIT
            - sampling rates:8000, 11025, 16000, 22050, 24000, 32000, 44100, 48000
            - channel masks:0x000c, 0x0010

  Audio Routes (3):
  - Route 1:
    - Type: Mix
    - Sink: bus0_media_out
    - Sources: 
        mixport_bus0_media_out 

  - Route 2:
    - Type: Mix
    - Sink: bus1_system_sound_out
    - Sources: 
        mixport_bus1_system_sound_out 

  - Route 3:
    - Type: Mix
    - Sink: primary input
    - Sources: 
        Built-In Mic 

- HW Module 2:
  - name: a2dp
  - handle: 18
  - version: 2.0
  - outputs:
    output 0:
    - name: a2dp output
    - Profiles:
        Profile 0:[dynamic format][dynamic channels][dynamic rates]
    - flags: 0x0000 (AUDIO_OUTPUT_FLAG_NONE)
    - Supported devices:
      Device 1:
      - tag name: BT A2DP Out
      - type: AUDIO_DEVICE_OUT_BLUETOOTH_A2DP                 
      Device 2:
      - tag name: BT A2DP Headphones
      - type: AUDIO_DEVICE_OUT_BLUETOOTH_A2DP_HEADPHONES      
      Device 3:
      - tag name: BT A2DP Speaker
      - type: AUDIO_DEVICE_OUT_BLUETOOTH_A2DP_SPEAKER         

    - maxOpenCount: 1 - curOpenCount: 0
    - maxActiveCount: 1 - curActiveCount: 0
  - inputs:
    input 0:
    - name: a2dp input
    - Profiles:
        Profile 0:
            - format: AUDIO_FORMAT_PCM_16_BIT
            - sampling rates:44100, 48000
            - channel masks:0x000c, 0x0010
    - flags: 0x0000 (AUDIO_INPUT_FLAG_NONE)
    - Supported devices:
      Device 1:
      - tag name: BT A2DP In
      - type: AUDIO_DEVICE_IN_BLUETOOTH_A2DP                  

    - maxOpenCount: 0 - curOpenCount: 0
    - maxActiveCount: 1 - curActiveCount: 0
  - Declared devices:
    Device 1:
    - tag name: BT A2DP Out
    - type: AUDIO_DEVICE_OUT_BLUETOOTH_A2DP                 
    - Profiles:
        Profile 0:
            - format: AUDIO_FORMAT_PCM_16_BIT
            - sampling rates:44100
            - channel masks:0x0003
    Device 2:
    - tag name: BT A2DP Headphones
    - type: AUDIO_DEVICE_OUT_BLUETOOTH_A2DP_HEADPHONES      
    - Profiles:
        Profile 0:
            - format: AUDIO_FORMAT_PCM_16_BIT
            - sampling rates:44100
            - channel masks:0x0003
    Device 3:
    - tag name: BT A2DP Speaker
    - type: AUDIO_DEVICE_OUT_BLUETOOTH_A2DP_SPEAKER         
    - Profiles:
        Profile 0:
            - format: AUDIO_FORMAT_PCM_16_BIT
            - sampling rates:44100
            - channel masks:0x0003
    Device 4:
    - tag name: BT A2DP In
    - type: AUDIO_DEVICE_IN_BLUETOOTH_A2DP                  
    - Profiles:
        Profile 0:
            - format: AUDIO_FORMAT_PCM_16_BIT
            - sampling rates:44100, 48000
            - channel masks:0x000c, 0x0010

  Audio Routes (4):
  - Route 1:
    - Type: Mix
    - Sink: BT A2DP Out
    - Sources: 
        a2dp output 

  - Route 2:
    - Type: Mix
    - Sink: BT A2DP Headphones
    - Sources: 
        a2dp output 

  - Route 3:
    - Type: Mix
    - Sink: BT A2DP Speaker
    - Sources: 
        a2dp output 

  - Route 4:
    - Type: Mix
    - Sink: a2dp input
    - Sources: 
        BT A2DP In 

- HW Module 3:
  - name: usb
  - handle: 26
  - version: 2.0
  - outputs:
    output 0:
    - name: usb_accessory output
    - Profiles:
        Profile 0:
            - format: AUDIO_FORMAT_PCM_16_BIT
            - sampling rates:44100
            - channel masks:0x0003
    - flags: 0x0000 (AUDIO_OUTPUT_FLAG_NONE)
    - Supported devices:
      Device 1:
      - tag name: USB Host Out
      - type: AUDIO_DEVICE_OUT_USB_ACCESSORY                  

    - maxOpenCount: 1 - curOpenCount: 0
    - maxActiveCount: 1 - curActiveCount: 0
    output 1:
    - name: usb_device output
    - Profiles:
        Profile 0:[dynamic format][dynamic channels][dynamic rates]
    - flags: 0x0000 (AUDIO_OUTPUT_FLAG_NONE)
    - Supported devices:
      Device 1:
      - tag name: USB Device Out
      - type: AUDIO_DEVICE_OUT_USB_DEVICE                     
      Device 2:
      - tag name: USB Headset Out
      - type: AUDIO_DEVICE_OUT_USB_HEADSET                    

    - maxOpenCount: 1 - curOpenCount: 0
    - maxActiveCount: 1 - curActiveCount: 0
  - inputs:
    input 0:
    - name: usb_device input
    - Profiles:
        Profile 0:[dynamic format][dynamic channels][dynamic rates]
    - flags: 0x0000 (AUDIO_INPUT_FLAG_NONE)
    - Supported devices:
      Device 1:
      - tag name: USB Device In
      - type: AUDIO_DEVICE_IN_USB_DEVICE                      
      Device 2:
      - tag name: USB Headset In
      - type: AUDIO_DEVICE_IN_USB_HEADSET                     

    - maxOpenCount: 0 - curOpenCount: 0
    - maxActiveCount: 1 - curActiveCount: 0
  - Declared devices:
    Device 1:
    - tag name: USB Host Out
    - type: AUDIO_DEVICE_OUT_USB_ACCESSORY                  
    - Profiles:
        Profile 0:
            - format: AUDIO_FORMAT_PCM_16_BIT
            - sampling rates:44100
            - channel masks:0x0003
    Device 2:
    - tag name: USB Device Out
    - type: AUDIO_DEVICE_OUT_USB_DEVICE                     
    - Profiles:
        Profile 0:[dynamic format][dynamic channels][dynamic rates]
    Device 3:
    - tag name: USB Headset Out
    - type: AUDIO_DEVICE_OUT_USB_HEADSET                    
    - Profiles:
        Profile 0:[dynamic format][dynamic channels][dynamic rates]
    Device 4:
    - tag name: USB Device In
    - type: AUDIO_DEVICE_IN_USB_DEVICE                      
    - Profiles:
        Profile 0:[dynamic format][dynamic channels][dynamic rates]
    Device 5:
    - tag name: USB Headset In
    - type: AUDIO_DEVICE_IN_USB_HEADSET                     
    - Profiles:
        Profile 0:[dynamic format][dynamic channels][dynamic rates]

  Audio Routes (4):
  - Route 1:
    - Type: Mix
    - Sink: USB Host Out
    - Sources: 
        usb_accessory output 

  - Route 2:
    - Type: Mix
    - Sink: USB Device Out
    - Sources: 
        usb_device output 

  - Route 3:
    - Type: Mix
    - Sink: USB Headset Out
    - Sources: 
        usb_device output 

  - Route 4:
    - Type: Mix
    - Sink: usb_device input
    - Sources: 
        USB Device In 
        USB Headset In 

- HW Module 4:
  - name: r_submix
  - handle: 34
  - version: 2.0
  - outputs:
    output 0:
    - name: r_submix output
    - Profiles:
        Profile 0:
            - format: AUDIO_FORMAT_PCM_16_BIT
            - sampling rates:48000
            - channel masks:0x0003
    - flags: 0x0000 (AUDIO_OUTPUT_FLAG_NONE)
    - Supported devices:
      Device 1:
      - id: 30
      - tag name: Remote Submix Out
      - type: AUDIO_DEVICE_OUT_REMOTE_SUBMIX                  
      - address: 0                               

    - maxOpenCount: 1 - curOpenCount: 1
    - maxActiveCount: 1 - curActiveCount: 0
  - inputs:
    input 0:
    - name: r_submix input
    - Profiles:
        Profile 0:
            - format: AUDIO_FORMAT_PCM_16_BIT
            - sampling rates:48000
            - channel masks:0x000c
    - flags: 0x0000 (AUDIO_INPUT_FLAG_NONE)
    - Supported devices:
      Device 1:
      - id: 10
      - tag name: Remote Submix In
      - type: AUDIO_DEVICE_IN_REMOTE_SUBMIX                   
      - address: 0                               

    - maxOpenCount: 0 - curOpenCount: 1
    - maxActiveCount: 1 - curActiveCount: 1
  - Declared devices:
    Device 1:
    - id: 30
    - tag name: Remote Submix Out
    - type: AUDIO_DEVICE_OUT_REMOTE_SUBMIX                  
    - address: 0                               
    - Profiles:
        Profile 0:
            - format: AUDIO_FORMAT_PCM_16_BIT
            - sampling rates:48000
            - channel masks:0x0003
    Device 2:
    - id: 10
    - tag name: Remote Submix In
    - type: AUDIO_DEVICE_IN_REMOTE_SUBMIX                   
    - address: 0                               
    - Profiles:
        Profile 0:
            - format: AUDIO_FORMAT_PCM_16_BIT
            - sampling rates:48000
            - channel masks:0x000c

  Audio Routes (2):
  - Route 1:
    - Type: Mix
    - Sink: Remote Submix Out
    - Sources: 
        r_submix output 

  - Route 2:
    - Type: Mix
    - Sink: r_submix input
    - Sources: 
        Remote Submix In 


Outputs dump:
- Output 13 dump:
 Latency: 42
 Flags 00000002
 ID: 1
 Sampling rate: 48000
 Format: 00000001
 Channels: 00000003
 Devices 01000000
 Stream volume refCount muteCount
 00     -5.882     00       00
 01     -10.941     00       00
 02     -8.700     00       00
 03     -22.175     00       00
 04     -12.000     00       00
 05     -8.700     00       00
 06     -1.000     00       00
 07     -11.118     00       00
 08     -10.765     00       00
 09     0.000     00       01
 10     -21.025     00       00
 11     0.000     00       00
 12     -1.000     00       00
- Output 21 dump:
 Latency: 42
 Flags 00000002
 ID: 4
 Sampling rate: 48000
 Format: 00000001
 Channels: 00000003
 Devices 01000000
 Stream volume refCount muteCount
 00     -5.882     00       00
 01     -10.941     00       00
 02     -8.700     00       00
 03     -22.175     00       00
 04     -12.000     00       00
 05     -8.700     00       00
 06     -1.000     00       00
 07     -11.118     00       00
 08     -10.765     00       00
 09     0.000     00       01
 10     -21.025     00       00
 11     0.000     00       00
 12     -1.000     00       00
- Output 61 dump:
 Latency: 85
 Flags 00000000
 ID: 31
 Sampling rate: 48000
 Format: 00000001
 Channels: 00000003
 Devices 00008000
 Stream volume refCount muteCount
 00     -5.882     00       00
 01     -10.941     00       00
 02     -8.700     00       00
 03     -22.175     00       00
 04     -12.000     00       00
 05     -8.700     00       00
 06     -1.000     00       00
 07     -11.118     00       00
 08     -10.765     00       00
 09     0.000     00       00
 10     -21.025     00       00
 11     0.000     00       00
 12     -1.000     00       00
- Output 69 dump:
 Latency: 85
 Flags 00000000
 ID: 32
 Sampling rate: 48000
 Format: 00000001
 Channels: 00000003
 Devices 01008000
 Stream volume refCount muteCount
 00     -5.882     00       00
 01     -10.941     00       00
 02     -8.700     00       00
 03     -22.175     00       00
 04     -12.000     00       00
 05     -8.700     00       00
 06     -1.000     00       00
 07     -11.118     00       00
 08     -10.765     00       00
 09     0.000     00       00
 10     -21.025     00       00
 11     0.000     00       00
 12     -1.000     00       00

Inputs dump:
- Input 46 dump:
 ID: 28
 Sampling rate: 48000
 Format: 1
 Channels: 0000000c
 Devices 80000100
 Audio Sessions:
   Audio session 1:
   - session: 73
   - owner uid:  0
   - input source: 8
   - format: 00000001
   - sample: 48000
   - channel mask: 0000000c
   - is soundtrigger: false
   - open count: 1
   - active count: 1

Streams dump:
 Stream  Can be muted  Index Min  Index Max  Index Cur [device : index]...
 00      true          01         05         40000000 : 04, 
 01      true          00         29         40000000 : 21, 
 02      true          00         07         40000000 : 05, 
 03      true          00         29         0004 : 10, 0008 : 10, 4000000 : 07, 40000000 : 15, 
 04      true          00         10         40000000 : 06, 
 05      true          00         07         40000000 : 05, 
 06      true          00         10         40000000 : 10, 
 07      true          00         07         40000000 : 05, 
 08      true          00         15         40000000 : 11, 
 09      true          00         15         0004 : 05, 0008 : 05, 4000000 : 04, 40000000 : 08, 
 10      true          00         15         0004 : 05, 0008 : 05, 4000000 : 04, 40000000 : 08, 
 11      true          00         01         40000000 : 00, 
 12      true          00         01         40000000 : 00, 

Volume Curves for Use Cases (aka Stream types) dump:
 AUDIO_STREAM_VOICE_CALL (00): Curve points for device category (index, attenuation in millibel)
   DEVICE_CATEGORY_HEADSET : {(  0, -4200), ( 33, -2800), ( 66, -1400), (100,     0) }
   DEVICE_CATEGORY_SPEAKER : {(  0, -2400), ( 33, -1600), ( 66,  -800), (100,     0) }
   DEVICE_CATEGORY_EARPIECE : {(  0, -2400), ( 33, -1600), ( 66,  -800), (100,     0) }
   DEVICE_CATEGORY_EXT_MEDIA : {(  1, -5800), ( 20, -4000), ( 60, -1700), (100,     0) }
   DEVICE_CATEGORY_HEARING_AID : {(  1, -12700), ( 20, -8000), ( 60, -4000), (100,     0) }

 AUDIO_STREAM_SYSTEM (01): Curve points for device category (index, attenuation in millibel)
   DEVICE_CATEGORY_HEADSET : {(  1, -3000), ( 33, -2600), ( 66, -2200), (100, -1800) }
   DEVICE_CATEGORY_SPEAKER : {(  1, -2400), ( 33, -1800), ( 66, -1200), (100,  -600) }
   DEVICE_CATEGORY_EARPIECE : {(  1, -2400), ( 33, -1800), ( 66, -1200), (100,  -600) }
   DEVICE_CATEGORY_EXT_MEDIA : {(  1, -5800), ( 20, -4000), ( 60, -2100), (100, -1000) }
   DEVICE_CATEGORY_HEARING_AID : {(  1, -12700), ( 20, -8000), ( 60, -4000), (100,     0) }

 AUDIO_STREAM_RING (02): Curve points for device category (index, attenuation in millibel)
   DEVICE_CATEGORY_HEADSET : {(  1, -4950), ( 33, -3350), ( 66, -1700), (100,     0) }
   DEVICE_CATEGORY_SPEAKER : {(  1, -2970), ( 33, -2010), ( 66, -1020), (100,     0) }
   DEVICE_CATEGORY_EARPIECE : {(  1, -4950), ( 33, -3350), ( 66, -1700), (100,     0) }
   DEVICE_CATEGORY_EXT_MEDIA : {(  1, -5800), ( 20, -4000), ( 60, -2100), (100, -1000) }
   DEVICE_CATEGORY_HEARING_AID : {(  1, -12700), ( 20, -8000), ( 60, -4000), (100,     0) }

 AUDIO_STREAM_MUSIC (03): Curve points for device category (index, attenuation in millibel)
   DEVICE_CATEGORY_HEADSET : {(  1, -5800), ( 20, -4000), ( 60, -1700), (100,     0) }
   DEVICE_CATEGORY_SPEAKER : {(  1, -5800), ( 20, -4000), ( 60, -1700), (100,     0) }
   DEVICE_CATEGORY_EARPIECE : {(  1, -5800), ( 20, -4000), ( 60, -1700), (100,     0) }
   DEVICE_CATEGORY_EXT_MEDIA : {(  1, -5800), ( 20, -4000), ( 60, -1700), (100,     0) }
   DEVICE_CATEGORY_HEARING_AID : {(  1, -12700), ( 20, -8000), ( 60, -4000), (100,     0) }

 AUDIO_STREAM_ALARM (04): Curve points for device category (index, attenuation in millibel)
   DEVICE_CATEGORY_HEADSET : {(  0, -4950), ( 33, -3350), ( 66, -1700), (100,     0) }
   DEVICE_CATEGORY_SPEAKER : {(  0, -2970), ( 33, -2010), ( 66, -1020), (100,     0) }
   DEVICE_CATEGORY_EARPIECE : {(  0, -4950), ( 33, -3350), ( 66, -1700), (100,     0) }
   DEVICE_CATEGORY_EXT_MEDIA : {(  0, -5800), ( 20, -4000), ( 60, -2100), (100, -1000) }
   DEVICE_CATEGORY_HEARING_AID : {(  0, -12700), ( 20, -8000), ( 60, -4000), (100,     0) }

 AUDIO_STREAM_NOTIFICATION (05): Curve points for device category (index, attenuation in millibel)
   DEVICE_CATEGORY_HEADSET : {(  1, -4950), ( 33, -3350), ( 66, -1700), (100,     0) }
   DEVICE_CATEGORY_SPEAKER : {(  1, -2970), ( 33, -2010), ( 66, -1020), (100,     0) }
   DEVICE_CATEGORY_EARPIECE : {(  1, -4950), ( 33, -3350), ( 66, -1700), (100,     0) }
   DEVICE_CATEGORY_EXT_MEDIA : {(  1, -5800), ( 20, -4000), ( 60, -2100), (100, -1000) }
   DEVICE_CATEGORY_HEARING_AID : {(  1, -4950), ( 33, -3350), ( 66, -1700), (100,     0) }

 AUDIO_STREAM_BLUETOOTH_SCO (06): Curve points for device category (index, attenuation in millibel)
   DEVICE_CATEGORY_HEADSET : {(  0, -4200), ( 33, -2800), ( 66, -1400), (100,     0) }
   DEVICE_CATEGORY_SPEAKER : {(  0, -2400), ( 33, -1600), ( 66,  -800), (100,     0) }
   DEVICE_CATEGORY_EARPIECE : {(  0, -4200), ( 33, -2800), ( 66, -1400), (100,     0) }
   DEVICE_CATEGORY_EXT_MEDIA : {(  1, -5800), ( 20, -4000), ( 60, -1700), (100,     0) }
   DEVICE_CATEGORY_HEARING_AID : {(  1, -12700), ( 20, -8000), ( 60, -4000), (100,     0) }

 AUDIO_STREAM_ENFORCED_AUDIBLE (07): Curve points for device category (index, attenuation in millibel)
   DEVICE_CATEGORY_HEADSET : {(  1, -3000), ( 33, -2600), ( 66, -2200), (100, -1800) }
   DEVICE_CATEGORY_SPEAKER : {(  1, -2400), ( 33, -1800), ( 66, -1200), (100,  -600) }
   DEVICE_CATEGORY_EARPIECE : {(  1, -2400), ( 33, -1800), ( 66, -1200), (100,  -600) }
   DEVICE_CATEGORY_EXT_MEDIA : {(  1, -5800), ( 20, -4000), ( 60, -2100), (100, -1000) }
   DEVICE_CATEGORY_HEARING_AID : {(  1, -12700), ( 20, -8000), ( 60, -4000), (100,     0) }

 AUDIO_STREAM_DTMF (08): Curve points for device category (index, attenuation in millibel)
   DEVICE_CATEGORY_HEADSET : {(  1, -3000), ( 33, -2600), ( 66, -2200), (100, -1800) }
   DEVICE_CATEGORY_SPEAKER : {(  1, -2400), ( 33, -1800), ( 66, -1200), (100,  -600) }
   DEVICE_CATEGORY_EARPIECE : {(  1, -2400), ( 33, -1800), ( 66, -1200), (100,  -600) }
   DEVICE_CATEGORY_EXT_MEDIA : {(  1, -5800), ( 20, -4000), ( 60, -2100), (100, -1000) }
   DEVICE_CATEGORY_HEARING_AID : {(  1, -12700), ( 20, -8000), ( 60, -4000), (100,     0) }

 AUDIO_STREAM_TTS (09): Curve points for device category (index, attenuation in millibel)
   DEVICE_CATEGORY_HEADSET : {(  0, -9600), (100, -9600) }
   DEVICE_CATEGORY_SPEAKER : {(  0,     0), (100,     0) }
   DEVICE_CATEGORY_EARPIECE : {(  0, -9600), (100, -9600) }
   DEVICE_CATEGORY_EXT_MEDIA : {(  0, -9600), (100, -9600) }
   DEVICE_CATEGORY_HEARING_AID : {(  0, -9600), (100, -9600) }

 AUDIO_STREAM_ACCESSIBILITY (10): Curve points for device category (index, attenuation in millibel)
   DEVICE_CATEGORY_HEADSET : {(  0, -5800), ( 20, -4000), ( 60, -1700), (100,     0) }
   DEVICE_CATEGORY_SPEAKER : {(  0, -5800), ( 20, -4000), ( 60, -1700), (100,     0) }
   DEVICE_CATEGORY_EARPIECE : {(  0, -5800), ( 20, -4000), ( 60, -1700), (100,     0) }
   DEVICE_CATEGORY_EXT_MEDIA : {(  0, -5800), ( 20, -4000), ( 60, -1700), (100,     0) }
   DEVICE_CATEGORY_HEARING_AID : {(  0, -12700), ( 20, -8000), ( 60, -4000), (100,     0) }

 AUDIO_STREAM_REROUTING (11): Curve points for device category (index, attenuation in millibel)
   DEVICE_CATEGORY_HEADSET : {(  0,     0), (100,     0) }
   DEVICE_CATEGORY_SPEAKER : {(  0,     0), (100,     0) }
   DEVICE_CATEGORY_EARPIECE : {(  0,     0), (100,     0) }
   DEVICE_CATEGORY_EXT_MEDIA : {(  0,     0), (100,     0) }
   DEVICE_CATEGORY_HEARING_AID : {(  0,     0), (100,     0) }

 AUDIO_STREAM_PATCH (12): Curve points for device category (index, attenuation in millibel)
   DEVICE_CATEGORY_HEADSET : {(  0,     0), (100,     0) }
   DEVICE_CATEGORY_SPEAKER : {(  0,     0), (100,     0) }
   DEVICE_CATEGORY_EARPIECE : {(  0,     0), (100,     0) }
   DEVICE_CATEGORY_EXT_MEDIA : {(  0,     0), (100,     0) }
   DEVICE_CATEGORY_HEARING_AID : {(  0,     0), (100,     0) }


Total Effects CPU: 0.000000 MIPS, Total Effects memory: 0 KB, Max memory used: 0 KB
Registered effects:

Audio Patches:
  Audio patch 1:
  - handle: 29
  - audio flinger handle: 60
  - owner uid: 1041
  - 1 sources:
    - Device ID 10 AUDIO_DEVICE_IN_REMOTE_SUBMIX
  - 1 sinks:
    - Mix ID 28 I/O handle 46
  Audio patch 2:
  - handle: 33
  - audio flinger handle: 68
  - owner uid: 1041
  - 1 sources:
    - Mix ID 31 I/O handle 61
  - 1 sinks:
    - Device ID 30 AUDIO_DEVICE_OUT_REMOTE_SUBMIX

Audio Policy Mix:
  Audio Policy Mix 1:
  - mix type: MIX_TYPE_PLAYERS
  - Route Flags: MIX_ROUTE_FLAG_RENDER
  - device type: AUDIO_DEVICE_OUT_BUS
  - device address: bus0_media_out
    - Criterion 0:
      - Usage:AUDIO_USAGE_UNKNOWN
      - Uid:0
      - Rule:RULE_MATCH_ATTRIBUTE_USAGE
    - Criterion 1:
      - Usage:AUDIO_USAGE_MEDIA
      - Uid:1
      - Rule:RULE_MATCH_ATTRIBUTE_USAGE
    - Criterion 2:
      - Usage:AUDIO_USAGE_GAME
      - Uid:14
      - Rule:RULE_MATCH_ATTRIBUTE_USAGE
    - Criterion 3:
      - Usage:AUDIO_USAGE_ASSISTANCE_NAVIGATION_GUIDANCE
      - Uid:12
      - Rule:RULE_MATCH_ATTRIBUTE_USAGE
    - Criterion 4:
      - Usage:AUDIO_USAGE_ASSISTANCE_ACCESSIBILITY
      - Uid:11
      - Rule:RULE_MATCH_ATTRIBUTE_USAGE
    - Criterion 5:
      - Usage:AUDIO_USAGE_ASSISTANT
      - Uid:16
      - Rule:RULE_MATCH_ATTRIBUTE_USAGE
    - Criterion 6:
      - Usage:AUDIO_USAGE_NOTIFICATION_TELEPHONY_RINGTONE
      - Uid:6
      - Rule:RULE_MATCH_ATTRIBUTE_USAGE
    - Criterion 7:
      - Usage:AUDIO_USAGE_VOICE_COMMUNICATION
      - Uid:2
      - Rule:RULE_MATCH_ATTRIBUTE_USAGE
    - Criterion 8:
      - Usage:AUDIO_USAGE_VOICE_COMMUNICATION_SIGNALLING
      - Uid:3
      - Rule:RULE_MATCH_ATTRIBUTE_USAGE
  Audio Policy Mix 2:
  - mix type: MIX_TYPE_PLAYERS
  - Route Flags: MIX_ROUTE_FLAG_RENDER
  - device type: AUDIO_DEVICE_OUT_BUS
  - device address: bus1_system_sound_out
    - Criterion 0:
      - Usage:AUDIO_USAGE_ALARM
      - Uid:4
      - Rule:RULE_MATCH_ATTRIBUTE_USAGE
    - Criterion 1:
      - Usage:AUDIO_USAGE_NOTIFICATION
      - Uid:5
      - Rule:RULE_MATCH_ATTRIBUTE_USAGE
    - Criterion 2:
      - Usage:AUDIO_USAGE_NOTIFICATION_COMMUNICATION_REQUEST
      - Uid:7
      - Rule:RULE_MATCH_ATTRIBUTE_USAGE
    - Criterion 3:
      - Usage:AUDIO_USAGE_NOTIFICATION_COMMUNICATION_INSTANT
      - Uid:8
      - Rule:RULE_MATCH_ATTRIBUTE_USAGE
    - Criterion 4:
      - Usage:AUDIO_USAGE_NOTIFICATION_COMMUNICATION_DELAYED
      - Uid:9
      - Rule:RULE_MATCH_ATTRIBUTE_USAGE
    - Criterion 5:
      - Usage:AUDIO_USAGE_NOTIFICATION_EVENT
      - Uid:10
      - Rule:RULE_MATCH_ATTRIBUTE_USAGE
    - Criterion 6:
      - Usage:AUDIO_USAGE_ASSISTANCE_SONIFICATION
      - Uid:13
      - Rule:RULE_MATCH_ATTRIBUTE_USAGE












