Libraries NOT loaded:
Libraries loaded:
 Library dynamics_processing
  path: /vendor/lib/soundfx/libdynproc.so
  Dynamics Processing / The Android Open Source Project
    UUID: e0e6539b-1781-7261-676f-6d7573696340
    TYPE: 7261676f-6d75-7369-6364-28e2fd3ac39e
    apiVersion: 00020000
    flags: 00000050
 Library loudness_enhancer
  path: /vendor/lib/soundfx/libldnhncr.so
  Loudness Enhancer / The Android Open Source Project
    UUID: fa415329-2034-4bea-b5dc-5b381c8d1e2c
    TYPE: fe3199be-aed0-413f-87bb-11260eb63cf1
    apiVersion: 00020000
    flags: 00000008
 Library downmix
  path: /vendor/lib/soundfx/libdownmix.so
  Multichannel Downmix To Stereo / The Android Open Source Project
    UUID: 93f04452-e4fe-41cc-91f9-e475b6d1d69f
    TYPE: 381e49cc-a858-4aa2-87f6-e8388e7601b2
    apiVersion: 00020000
    flags: 00000008
 Library visualizer
  path: /vendor/lib/soundfx/libvisualizer.so
  Visualizer / The Android Open Source Project
    UUID: d069d9e0-8329-11df-9168-0002a5d5c51b
    TYPE: e46b26a0-dddd-11db-8afd-0002a5d5c51b
    apiVersion: 00020000
    flags: 00000008
 Library reverb
  path: /vendor/lib/soundfx/libreverbwrapper.so
  Insert Preset Reverb / NXP Software Ltd.
    UUID: 172cdf00-a3bc-11df-a72f-0002a5d5c51b
    TYPE: 47382d60-ddd8-11db-bf3a-0002a5d5c51b
    apiVersion: 00020000
    flags: 00000048
  Auxiliary Preset Reverb / NXP Software Ltd.
    UUID: f29a1400-a3bb-11df-8ddc-0002a5d5c51b
    TYPE: 47382d60-ddd8-11db-bf3a-0002a5d5c51b
    apiVersion: 00020000
    flags: 00000001
  Insert Environmental Reverb / NXP Software Ltd.
    UUID: c7a511a0-a3bb-11df-860e-0002a5d5c51b
    TYPE: c2e5d5f0-94bd-4763-9cac-4e234d06839e
    apiVersion: 00020000
    flags: 00000048
  Auxiliary Environmental Reverb / NXP Software Ltd.
    UUID: 4a387fc0-8ab3-11df-8bad-0002a5d5c51b
    TYPE: c2e5d5f0-94bd-4763-9cac-4e234d06839e
    apiVersion: 00020000
    flags: 00000001
 Library bundle
  path: /vendor/lib/soundfx/libbundlewrapper.so
  Volume / NXP Software Ltd.
    UUID: 119341a0-8469-11df-81f9-0002a5d5c51b
    TYPE: 09e8ede0-ddde-11db-b4f6-0002a5d5c51b
    apiVersion: 00020000
    flags: 00000050
  Equalizer / NXP Software Ltd.
    UUID: ce772f20-847d-11df-bb17-0002a5d5c51b
    TYPE: 0bed4300-ddd6-11db-8f34-0002a5d5c51b
    apiVersion: 00020000
    flags: 00000048
  Virtualizer / NXP Software Ltd.
    UUID: 1d4033c0-8557-11df-9f2d-0002a5d5c51b
    TYPE: 37cc2c00-dddd-11db-8577-0002a5d5c51b
    apiVersion: 00020000
    flags: 00000250
  Dynamic Bass Boost / NXP Software Ltd.
    UUID: 8631f300-72e2-11df-b57e-0002a5d5c51b
    TYPE: 0634f220-ddd4-11db-a0fc-0002a5d5c51b
    apiVersion: 00020000
    flags: 00000248
XML effect configuration loaded successfully.
Clients:
  pid: 10790
Notification Clients:
  pid: 1654
  pid: 1669
  pid: 2947
  pid: 2962
  pid: 10790
Global session refs:
  session   pid count
       17 10790     1
       25 10790     1
Hardware status: 0
Standby Time mSec: 3000
  playback threads

Output thread 0xe5183800, name AudioOut_D, tid 3003, type 0 (MIXER):
  I/O handle: 13
  Standby: no
  Sample rate: 48000 Hz
  HAL frame count: 192
  HAL format: 0x1 (AUDIO_FORMAT_PCM_16_BIT)
  HAL buffer size: 768 bytes
  Channel count: 2
  Channel mask: 0x00000003 (front-left, front-right)
  Processing format: 0x5 (AUDIO_FORMAT_PCM_FLOAT)
  Processing frame size: 8 bytes
  Pending config events: none
  Output device: 0x1000000 (AUDIO_DEVICE_OUT_BUS)
  Input device: 0 (AUDIO_DEVICE_NONE)
  Audio source: 0 (default)
  Normal frame count: 960
  Last write occurred (msecs): 13
  Total writes: 1766
  Delayed writes: 0
  Blocked in write: yes
  Suspend count: 0
  Sink buffer : 0xe5423000
  Mixer buffer: 0xe5c6b000
  Effect buffer: 0xe541e000
  Fast track availMask=0xfe
  Standby delay ns=3000000000
  AudioStreamOut: 0xe5c49f80 flags 0x2 (AUDIO_OUTPUT_FLAG_PRIMARY)
  Frames written: 1695360
  Suspended frames: 0
  PipeSink frames written: 1695360
  Hal stream dump:
      Signal power history:
       10-22 09:05:12.008:    -67.4  -63.9  -64.5  -65.4  -66.6  -67.9  -60.3  -58.7  -60.2  -60.8
       10-22 09:05:12.508:    -61.7  -62.1  -62.7  -63.1  -63.4  -63.6  -55.5  -50.9  -53.1  -56.0
       10-22 09:05:13.008:    -59.1  -54.6  -54.4  -55.3  -56.5  -57.6  -59.6  -51.9  -53.8  -55.4
       10-22 09:05:13.508:    -56.9  -57.9  -58.9  -60.4  -60.4  -60.8  -61.4  -62.0  -62.2  -62.8
       10-22 09:05:14.007:    -63.0  -56.5  -53.6  -54.4  -55.9  -58.3  -59.0  -52.2  -53.1  -54.5
       10-22 09:05:14.507:    -56.4  -55.5  -51.5  -52.0  -54.7  -56.3  -58.5  -61.2  -63.6  -63.9
       10-22 09:05:15.007:    -63.4  -63.0  -62.3  -63.9  -63.5  -63.3  -62.8  -62.7  -51.1  -52.1
       10-22 09:05:15.507:    -54.1  -57.1  -58.1  -59.0  -58.7  -58.3  -60.2  -61.9  -65.1  -66.3
       10-22 09:05:16.007:    -65.5  -64.3  -65.6  -60.8  -61.7  -62.7  -64.5  -65.4  -58.6  -60.5
       10-22 09:05:16.507:    -61.3  -62.5  -59.5  -53.3  -52.9  -55.3  -58.7  -56.3  -50.8  -51.3
       10-22 09:05:17.007:    -54.0  -56.1  -54.1  -51.1  -52.8  -55.5  -57.4  -59.6  -55.9  -51.3
       10-22 09:05:17.507:    -53.6  -54.8  -56.5  -57.6  -59.6  -61.0  -63.6  -65.4  -67.1  -67.1
       10-22 09:05:18.007:    -67.9  -67.6  -69.6  -69.9  -54.3  -55.0  -57.0  -59.4  -60.7  -56.6
       10-22 09:05:18.507:    -54.2  -57.6  -59.9  -62.5  -63.3  -64.0  -64.7  -65.4  -66.5  -67.0
       10-22 09:05:19.007:    -54.3  -55.0  -57.3  -58.6  -60.0  -61.8  -63.3  -66.0  -68.0  -69.1
       10-22 09:05:19.507:    -68.7  -51.5  -49.5  -51.0  -52.4  -53.3  -54.2  -55.4  -56.7  -58.4
       10-22 09:05:20.007:    -60.4  -62.6  -65.2  -66.1  -68.8  -69.6  -69.4  -71.3  -71.5  -71.9
       10-22 09:05:20.507:    -72.4  -72.2  -72.5  -67.3  -68.6  -67.7  -68.1  -69.0  -70.7  -70.0
       10-22 09:05:21.007:    -69.5  -70.2  -71.0  -69.9  -49.0  -50.7  -54.7  -57.8  -61.0  -52.3
       10-22 09:05:21.507:    -54.7  -56.4  -57.5  -59.1  -59.7  -51.7  -51.6  -53.6  -55.4  -57.0
       10-22 09:05:22.007:    -58.4  -60.1  -62.7  -63.8  -63.7  -64.1  -64.6  -65.3  -66.0  -65.7
       10-22 09:05:22.507:    -53.9  -50.9  -53.4  -55.7  -56.6  -56.4  -50.9  -51.7  -53.2  -55.1
       10-22 09:05:23.007:    -56.3  -57.9  -59.7  -61.2  -62.5  -62.5  -59.9  -55.6  -58.8  -61.1
       10-22 09:05:23.506:    -61.5  -62.0  -60.9  -60.5  -61.9  -62.1  -61.0  -56.4  -55.0  -57.7
       10-22 09:05:24.006:    -59.3  -59.9  -61.2  -62.3  -63.6  -64.3  -65.0  -65.7  -66.4  -66.9
       10-22 09:05:24.506:    -67.9  -68.4  -69.3  -63.7  -62.1  -63.2  -64.0  -65.0  -65.6  -62.0
       10-22 09:05:25.006:    -62.6  -63.1  -63.8  -64.0  -64.6  -65.1  -65.5  -66.0  -67.0  -54.6
       10-22 09:05:25.506:    -49.4  -51.0  -52.6  -54.3  -52.7  -52.1  -54.0  -55.5  -56.3  -57.6
       10-22 09:05:26.006:    -49.4  -50.8  -54.0  -57.1  -60.2  -61.1  -63.0  -64.7  -66.1  -68.0
       10-22 09:05:26.506:    -68.3  -67.9  -67.6  -68.3  -64.5  -53.0  -53.9  -55.4  -56.4  -57.5
       10-22 09:05:27.006:    -51.6  -48.3  -51.6  -54.5  -57.0  -58.7  -61.3  -65.0  -66.8  -66.8
       10-22 09:05:27.506:    -67.9  -53.7  -53.1  -55.9  -58.4  -61.1  -64.4  -68.0  -69.1  -68.4
       10-22 09:05:28.006:    -67.5  -66.9  -57.0  -54.0  -56.1  -57.6  -58.9  -60.5  -61.9  -62.6
       10-22 09:05:28.506:    -63.8  -64.7  -65.1  -66.7  -67.7  -68.8  -70.0  -70.6  -63.9  -63.5
       10-22 09:05:29.006:    -64.5  -64.7  -65.5  -65.0  -64.2  -64.5  -65.4  -66.1  -66.7  -67.1
       10-22 09:05:29.506:    -68.2  -69.3  -69.9  -69.8  -69.5  -69.3  -69.7  -70.1  -70.7  -53.5
       10-22 09:05:30.006:    -49.0  -50.8  -52.0  -53.7  -55.9  -51.1  -53.7  -55.4  -57.2  -58.8
       10-22 09:05:30.506:    -60.3  -61.6  -62.0  -63.5  -64.4  -55.3  -51.9  -53.0  -55.9  -57.9
       10-22 09:05:31.006:    -56.1  -51.7  -53.8  -55.1  -56.8  -58.6  -58.6  -57.4  -58.5  -59.3
  Thread throttle time (msecs): 7
  AudioMixer tracks: 0 
  Master mono: off
  FastMixer thread 0xe5103900 tid=3002  FastMixer command=MIX_WRITE writeSequence=17709 framesWritten=1699968
            numTracks=1 writeErrors=0 underruns=2 overruns=10
            sampleRate=48000 frameCount=192 measuredWarmup=190 ms, warmupCycles=10
            mixPeriod=4.00 ms
  Simple moving statistics over last 35.4 seconds:
    wall clock time in ms per mix cycle:
      mean=4.00 min=0.26 max=27.54 stddev=0.39
    raw CPU load in us per mix cycle:
      mean=228 min=0 max=977 stddev=47
  Distribution of mix cycle times in ms for the tails (> ~3 stddev outliers):
    left tail: mean=0.27 min=0.26 max=0.29 stddev=0.01
    right tail: mean=10.89 min=5.10 max=27.54 stddev=10.28
  Fast tracks: sMaxFastTracks=8 activeMask=0x1
  Index Active Full Partial Empty  Recent Ready    Written
      0    yes  638       0    15    full  1152    1695168
      1     no    0       0     0    full     0          0
      2     no    0       0     0    full     0          0
      3     no    0       0     0    full     0          0
      4     no    0       0     0    full     0          0
      5     no    0       0     0    full     0          0
      6     no    0       0     0    full     0          0
      7     no    0       0     0    full     0          0
  Stream volumes in dB: 0:-24, 1:-inf, 2:-inf, 3:-33, 4:-30, 5:-inf, 6:-inf, 7:-inf, 8:-inf, 9:0, 10:-58, 11:0, 12:0
  Normal mixer raw underrun counters: partial=0 empty=15
  1 Tracks of which 1 are active
    T Name Active Client Session S  Flags   Format Chn mask  SRate ST  L dB  R dB  VS dB   Server FrmCnt  FrmRdy F Underruns  Flushed Main Buf  Aux Buf
         0    yes  10790      25 A  0x000 00000001 00000003  44100  3     0     0     0  0013727A   5316    3552 A         0        0 E5423000 00000000
  0 Effect Chains
  Local log:
   10-22 09:03:07.380 CFG_EVENT_CREATE_AUDIO_PATCH: old device 0x1000000 (AUDIO_DEVICE_OUT_BUS) new device 0x1000000 (AUDIO_DEVICE_OUT_BUS)
   10-22 09:04:55.953 AT::add       (0xe5c72280)      0     no  10790       9 A  0x000 00000001 00000003  44100  3     0     0     0  00000000  22050       0 f         0        0 E5423000 00000000
   10-22 09:05:00.642 AT::remove    (0xe5c72280)      0     no  10790       9 T  0x600 00000001 00000003  44100  3     0     0     0  0002F000  22050       0 f         0        0 E5423000 00000000
   10-22 09:05:00.642 removeTrack_l (0xe5c72280)      0     no  10790       9 T  0x600 00000001 00000003  44100  3     0     0     0  0002F000  22050       0 f         0        0 E5423000 00000000
   10-22 09:05:02.633 AT::add       (0xe498d000)      0     no  10790      25 A  0x000 00000001 00000003  44100  3     0     0     0  00000000   5316       0 f         0        0 E5423000 00000000
  record threads
  mmap threads

USB audio module:
  No output streams.

  No input streams.

Reroute submix audio module:
 route[0] rate in=0 out=0, addr=[]
 route[1] rate in=0 out=0, addr=[]
 route[2] rate in=0 out=0, addr=[]
 route[3] rate in=0 out=0, addr=[]
 route[4] rate in=0 out=0, addr=[]
 route[5] rate in=0 out=0, addr=[]
 route[6] rate in=0 out=0, addr=[]
 route[7] rate in=0 out=0, addr=[]
 route[8] rate in=0 out=0, addr=[]
 route[9] rate in=48000 out=48000, addr=[]




 
mek_8q:/ #  dumpsys media.audio_flinger                                 
Libraries NOT loaded:
Libraries loaded:
 Library dynamics_processing
  path: /vendor/lib/soundfx/libdynproc.so
  Dynamics Processing / The Android Open Source Project
    UUID: e0e6539b-1781-7261-676f-6d7573696340
    TYPE: 7261676f-6d75-7369-6364-28e2fd3ac39e
    apiVersion: 00020000
    flags: 00000050
 Library loudness_enhancer
  path: /vendor/lib/soundfx/libldnhncr.so
  Loudness Enhancer / The Android Open Source Project
    UUID: fa415329-2034-4bea-b5dc-5b381c8d1e2c
    TYPE: fe3199be-aed0-413f-87bb-11260eb63cf1
    apiVersion: 00020000
    flags: 00000008
 Library downmix
  path: /vendor/lib/soundfx/libdownmix.so
  Multichannel Downmix To Stereo / The Android Open Source Project
    UUID: 93f04452-e4fe-41cc-91f9-e475b6d1d69f
    TYPE: 381e49cc-a858-4aa2-87f6-e8388e7601b2
    apiVersion: 00020000
    flags: 00000008
 Library visualizer
  path: /vendor/lib/soundfx/libvisualizer.so
  Visualizer / The Android Open Source Project
    UUID: d069d9e0-8329-11df-9168-0002a5d5c51b
    TYPE: e46b26a0-dddd-11db-8afd-0002a5d5c51b
    apiVersion: 00020000
    flags: 00000008
 Library reverb
  path: /vendor/lib/soundfx/libreverbwrapper.so
  Insert Preset Reverb / NXP Software Ltd.
    UUID: 172cdf00-a3bc-11df-a72f-0002a5d5c51b
    TYPE: 47382d60-ddd8-11db-bf3a-0002a5d5c51b
    apiVersion: 00020000
    flags: 00000048
  Auxiliary Preset Reverb / NXP Software Ltd.
    UUID: f29a1400-a3bb-11df-8ddc-0002a5d5c51b
    TYPE: 47382d60-ddd8-11db-bf3a-0002a5d5c51b
    apiVersion: 00020000
    flags: 00000001
  Insert Environmental Reverb / NXP Software Ltd.
    UUID: c7a511a0-a3bb-11df-860e-0002a5d5c51b
    TYPE: c2e5d5f0-94bd-4763-9cac-4e234d06839e
    apiVersion: 00020000
    flags: 00000048
  Auxiliary Environmental Reverb / NXP Software Ltd.
    UUID: 4a387fc0-8ab3-11df-8bad-0002a5d5c51b
    TYPE: c2e5d5f0-94bd-4763-9cac-4e234d06839e
    apiVersion: 00020000
    flags: 00000001
 Library bundle
  path: /vendor/lib/soundfx/libbundlewrapper.so
  Volume / NXP Software Ltd.
    UUID: 119341a0-8469-11df-81f9-0002a5d5c51b
    TYPE: 09e8ede0-ddde-11db-b4f6-0002a5d5c51b
    apiVersion: 00020000
    flags: 00000050
  Equalizer / NXP Software Ltd.
    UUID: ce772f20-847d-11df-bb17-0002a5d5c51b
    TYPE: 0bed4300-ddd6-11db-8f34-0002a5d5c51b
    apiVersion: 00020000
    flags: 00000048
  Virtualizer / NXP Software Ltd.
    UUID: 1d4033c0-8557-11df-9f2d-0002a5d5c51b
    TYPE: 37cc2c00-dddd-11db-8577-0002a5d5c51b
    apiVersion: 00020000
    flags: 00000250
  Dynamic Bass Boost / NXP Software Ltd.
    UUID: 8631f300-72e2-11df-b57e-0002a5d5c51b
    TYPE: 0634f220-ddd4-11db-a0fc-0002a5d5c51b
    apiVersion: 00020000
    flags: 00000248
XML effect configuration loaded successfully.
Clients:
  pid: 10790
  pid: 13971
Notification Clients:
  pid: 1654
  pid: 1669
  pid: 2947
  pid: 2962
  pid: 10790
  pid: 13971
Global session refs:
  session   pid count
       17 10790     1
       25 10790     1
       33 13971     1
Hardware status: 0
Standby Time mSec: 3000
  playback threads

Output thread 0xe5183800, name AudioOut_D, tid 3003, type 0 (MIXER):
  I/O handle: 13
  Standby: yes
  Sample rate: 48000 Hz
  HAL frame count: 192
  HAL format: 0x1 (AUDIO_FORMAT_PCM_16_BIT)
  HAL buffer size: 768 bytes
  Channel count: 2
  Channel mask: 0x00000003 (front-left, front-right)
  Processing format: 0x5 (AUDIO_FORMAT_PCM_FLOAT)
  Processing frame size: 8 bytes
  Pending config events: none
  Output device: 0x1000000 (AUDIO_DEVICE_OUT_BUS)
  Input device: 0 (AUDIO_DEVICE_NONE)
  Audio source: 0 (default)
  Normal frame count: 960
  Last write occurred (msecs): 2687
  Total writes: 2545
  Delayed writes: 0
  Blocked in write: no
  Suspend count: 0
  Sink buffer : 0xe5423000
  Mixer buffer: 0xe5c6b000
  Effect buffer: 0xe541e000
  Fast track availMask=0xfe
  Standby delay ns=3000000000
  AudioStreamOut: 0xe5c49f80 flags 0x2 (AUDIO_OUTPUT_FLAG_PRIMARY)
  Frames written: 2443200
  Suspended frames: 0
  PipeSink frames written: 2443200
  Hal stream dump:
      Signal power history:
       10-22 09:05:24.554:    -68.4  -69.3  -63.7  -62.1  -63.2  -64.0  -65.0  -65.6  -62.0  -62.6
       10-22 09:05:25.054:    -63.1  -63.8  -64.0  -64.6  -65.1  -65.5  -66.0  -67.0  -54.6  -49.4
       10-22 09:05:25.554:    -51.0  -52.6  -54.3  -52.7  -52.1  -54.0  -55.5  -56.3  -57.6  -49.4
       10-22 09:05:26.054:    -50.8  -54.0  -57.1  -60.2  -61.1  -63.0  -64.7  -66.1  -68.0  -68.3
       10-22 09:05:26.554:    -67.9  -67.6  -68.3  -64.5  -53.0  -53.9  -55.4  -56.4  -57.5  -51.6
       10-22 09:05:27.054:    -48.3  -51.6  -54.5  -57.0  -58.7  -61.3  -65.0  -66.8  -66.8  -67.9
       10-22 09:05:27.554:    -53.7  -53.1  -55.9  -58.4  -61.1  -64.4  -68.0  -69.1  -68.4  -67.5
       10-22 09:05:28.054:    -66.9  -57.0  -54.0  -56.1  -57.6  -58.9  -60.5  -61.9  -62.6  -63.8
       10-22 09:05:28.554:    -64.7  -65.1  -66.7  -67.7  -68.8  -70.0  -70.6  -63.9  -63.5  -64.5
       10-22 09:05:29.054:    -64.7  -65.5  -65.0  -64.2  -64.5  -65.4  -66.1  -66.7  -67.1  -68.2
       10-22 09:05:29.554:    -69.3  -69.9  -69.8  -69.5  -69.3  -69.7  -70.1  -70.7  -53.5  -49.0
       10-22 09:05:30.054:    -50.8  -52.0  -53.7  -55.9  -51.1  -53.7  -55.4  -57.2  -58.8  -60.3
       10-22 09:05:30.554:    -61.6  -62.0  -63.5  -64.4  -55.3  -51.9  -53.0  -55.9  -57.9  -56.1
       10-22 09:05:31.054:    -51.7  -53.8  -55.1  -56.8  -58.6  -58.6  -57.4  -58.5  -59.3  -60.1
       10-22 09:05:31.554:    -60.4  -61.0  -61.4  -62.7  -63.4  -63.6  -52.4  -51.6  -54.6  -56.7
       10-22 09:05:32.054:    -59.4  -61.9  -64.1  -63.2  -64.2  -63.4  -54.1  -50.8  -52.7  -54.2
       10-22 09:05:32.553:    -56.9  -54.9  -49.5  -50.7  -51.0  -52.3  -54.1  -56.2  -57.6  -58.6
       10-22 09:05:33.053:    -59.7  -58.6  -54.6  -55.4  -57.5  -58.6  -59.4  -57.9  -52.6  -53.4
       10-22 09:05:33.553:    -56.0  -57.6  -59.2  -60.5  -61.9  -63.5  -64.6  -65.2  -65.8  -66.3
       10-22 09:05:34.053:    -67.0  -67.7  -67.5  -66.8  -66.9  -67.4  -69.8  -71.8  -73.2  -72.4
       10-22 09:05:34.553:    -52.6  -51.5  -53.4  -55.2  -53.5  -52.3  -55.0  -55.7  -57.3  -53.2
       10-22 09:05:35.053:    -47.6  -50.8  -54.6  -58.2  -54.6  -49.4  -52.0  -55.6  -58.2  -61.3
       10-22 09:05:35.553:    -53.5  -53.5  -57.6  -59.4  -60.0  -61.3  -61.5  -61.9  -62.3  -62.4
       10-22 09:05:36.053:    -49.5  -45.3  -46.5  -48.1  -49.2  -50.3  -51.9  -53.3  -55.4  -57.8
       10-22 09:05:36.553:    -59.6  -51.1  -49.7  -53.1  -54.8  -56.9  -58.5  -60.4  -61.1  -62.3
       10-22 09:05:37.053:    -62.4  -63.5  -64.9  -66.7  -67.1  -68.5  -69.7  -71.3  -72.8  -74.6
       10-22 09:05:37.553:    -73.3  -72.6  -72.0  -63.8  -65.6  -65.9  -67.1  -68.0  -67.7  -67.8
       10-22 09:05:38.053:    -68.5  -69.3  -70.3  -58.6  -52.3  -53.0  -54.9  -56.9  -49.4  -49.3
       10-22 09:05:38.553:    -50.6  -52.2  -54.2  -56.4  -54.6  -54.2  -55.5  -56.5  -58.1  -56.7
       10-22 09:05:39.053:    -57.6  -59.2  -60.4  -61.4  -60.0  -59.4  -59.6  -60.3  -50.8  -47.8
       10-22 09:05:39.553:    -48.7  -48.7  -50.0  -51.8  -51.9  -53.9  -55.8  -56.9  -57.5  -57.6
       10-22 09:05:40.053:    -58.9  -60.8  -62.0  -57.6  -52.2  -53.7  -56.2  -56.7  -57.3  -57.7
       10-22 09:05:40.553:    -58.8  -59.0  -59.2  -53.2  -51.5  -53.2  -54.2  -56.6  -57.8  -59.0
       10-22 09:05:41.052:    -59.8  -60.9  -62.0  -61.3  -58.7  -58.6  -60.6  -62.3  -59.9  -60.2
       10-22 09:05:41.552:    -60.8  -61.7  -62.6  -59.9  -59.4  -60.0  -61.2  -63.2  -58.2  -59.3
       10-22 09:05:42.052:    -60.1  -61.3  -59.8  -51.1  -51.8  -53.5  -54.9  -54.3  -49.1  -49.7
       10-22 09:05:42.552:    -51.2  -52.9  -53.3  -50.4  -51.4  -53.3  -54.9  -56.7  -57.4  -58.7
       10-22 09:05:43.052:    -60.2  -61.6  -62.3  -57.9  -58.9  -59.3  -60.2  -53.1  -50.6  -52.7
       10-22 09:05:43.552:    -53.8  -55.0  -51.7  -51.5  -52.7  -54.8  -56.8  -57.6  -60.0  -63.7 ] sum(7.2)
  Thread throttle time (msecs): 7
  AudioMixer tracks: 
  Master mono: off
  FastMixer thread 0xe5103900 tid=3002  FastMixer command=COLD_IDLE writeSequence=25488 framesWritten=2446848
            numTracks=1 writeErrors=0 underruns=2 overruns=11
            sampleRate=48000 frameCount=192 measuredWarmup=190 ms, warmupCycles=10
            mixPeriod=4.00 ms
  Simple moving statistics over last 50.9 seconds:
    wall clock time in ms per mix cycle:
      mean=4.00 min=0.26 max=27.54 stddev=0.34
    raw CPU load in us per mix cycle:
      mean=229 min=0 max=977 stddev=51
  Distribution of mix cycle times in ms for the tails (> ~3 stddev outliers):
    left tail: mean=0.30 min=0.26 max=0.51 stddev=0.07
    right tail: mean=8.98 min=5.12 max=27.54 stddev=8.67
  Fast tracks: sMaxFastTracks=8 activeMask=0x1
  Index Active Full Partial Empty  Recent Ready    Written
      0    yes  431       0    15    full  1344    2441856
      1     no    0       0     0    full     0          0
      2     no    0       0     0    full     0          0
      3     no    0       0     0    full     0          0
      4     no    0       0     0    full     0          0
      5     no    0       0     0    full     0          0
      6     no    0       0     0    full     0          0
      7     no    0       0     0    full     0          0
  Stream volumes in dB: 0:-24, 1:0, 2:-inf, 3:0, 4:-30, 5:-inf, 6:-inf, 7:-inf, 8:-inf, 9:0, 10:-58, 11:0, 12:0
  Normal mixer raw underrun counters: partial=0 empty=15
  1 Tracks of which 0 are active
    T Name Active Client Session S  Flags   Format Chn mask  SRate ST  L dB  R dB  VS dB   Server FrmCnt  FrmRdy F Underruns  Flushed Main Buf  Aux Buf
         1     no   2962       0 I  0x000 00000005 00000003  48000 12     0     0     0  00000000   2880       0 I         0        0 E5423000 00000000
  0 Effect Chains
  Local log:
   10-22 09:03:07.380 CFG_EVENT_CREATE_AUDIO_PATCH: old device 0x1000000 (AUDIO_DEVICE_OUT_BUS) new device 0x1000000 (AUDIO_DEVICE_OUT_BUS)
   10-22 09:04:55.953 AT::add       (0xe5c72280)      0     no  10790       9 A  0x000 00000001 00000003  44100  3     0     0     0  00000000  22050       0 f         0        0 E5423000 00000000
   10-22 09:05:00.642 AT::remove    (0xe5c72280)      0     no  10790       9 T  0x600 00000001 00000003  44100  3     0     0     0  0002F000  22050       0 f         0        0 E5423000 00000000
   10-22 09:05:00.642 removeTrack_l (0xe5c72280)      0     no  10790       9 T  0x600 00000001 00000003  44100  3     0     0     0  0002F000  22050       0 f         0        0 E5423000 00000000
   
   
   
   10-22 09:05:02.633 AT::add       (0xe498d000)      0     no  10790      25 A  0x000 00000001 00000003  44100  3     0     0     0  00000000   5316       0 f         0        0 E5423000 00000000
   10-22 09:05:44.157 AT::remove    (0xe498d000)      0     no  10790      25 T  0x404 00000001 00000003  44100  3     0     0     0  001BE2B0   5316     906 f         0        0 E5423000 00000000
   10-22 09:05:44.158 removeTrack_l (0xe498d000)      0     no  10790      25 T  0x404 00000001 00000003  44100  3     0     0     0  001BE2B0   5316     906 f         0        0 E5423000 00000000
   10-22 09:05:47.072 threadLoop_standby: framesWritten:2443200  suspendedFrames:0  monoPipeWritten:2443200  monoPipeLeft:1344
   10-22 09:05:47.072 threadLoop_standby: BOOTTIME offset 0
ExtendedTimestamp[0]  position: 0  time: -1
ExtendedTimestamp[1]  position: 2443200  time: 180237961375
ExtendedTimestamp[2]  position: 2440134  time: 180243736375
ExtendedTimestamp[3]  position: 2442240  time: 180217948750
ExtendedTimestamp[4]  position: 2439753  time: 180235761125

Output thread 0xe4883740, name AudioOut_15, tid 14007, type 0 (MIXER):
  I/O handle: 21
  Standby: no
  Sample rate: 48000 Hz
  HAL frame count: 1024
  HAL format: 0x1 (AUDIO_FORMAT_PCM_16_BIT)
  HAL buffer size: 4096 bytes
  Channel count: 2
  Channel mask: 0x00000003 (front-left, front-right)
  Processing format: 0x1 (AUDIO_FORMAT_PCM_16_BIT)
  Processing frame size: 4 bytes
  Pending config events: none
  Output device: 0x8000 (AUDIO_DEVICE_OUT_REMOTE_SUBMIX)
  Input device: 0 (AUDIO_DEVICE_NONE)
  Audio source: 0 (default)
  Normal frame count: 1024
  Last write occurred (msecs): 4
  Total writes: 268
  Delayed writes: 0
  Blocked in write: yes
  Suspend count: 0
  Sink buffer : 0xe49aa000
  Mixer buffer: 0xe4a2a000
  Effect buffer: 0xe4a4e000
  Fast track availMask=0xfe
  Standby delay ns=3000000000
  AudioStreamOut: 0xe58993b8 flags 0 (AUDIO_OUTPUT_FLAG_NONE)
  Frames written: 274432
  Suspended frames: 0
  Hal stream dump:
      Signal power history:
       10-22 09:05:44.087: [  -61.2  -54.0  -55.3  -57.3  -58.5  -57.8  -56.9  -56.9  -57.5  -59.0
       10-22 09:05:44.550:    -58.7  -57.9  -58.4  -59.1  -60.5  -61.2  -60.4  -61.7  -62.0  -62.7
       10-22 09:05:45.041:    -59.5  -57.8  -58.7  -60.3  -60.9  -60.5  -60.7  -61.9  -62.1  -62.9
       10-22 09:05:45.553:    -61.4  -60.4  -61.5  -61.4  -62.2  -59.4  -59.2  -59.3  -60.4  -61.7
       10-22 09:05:46.043:    -60.9  -59.6  -59.9  -61.6  -62.4  -61.1  -60.7  -61.9  -62.4  -52.5
       10-22 09:05:46.555:    -48.1  -51.0  -54.7  -56.8  -51.1  -50.4  -53.1  -54.3  -55.6  -52.0
       10-22 09:05:47.046:    -51.4  -53.9  -56.0  -58.1  -57.4  -58.9  -60.3  -61.3  -61.7  -51.7
       10-22 09:05:47.558:    -52.4  -54.5  -55.9  -53.6  -49.6  -50.7  -53.0  -55.2  -50.0  -50.6
       10-22 09:05:48.049:    -50.9  -51.6  -53.2  -49.2  -49.9  -50.0  -50.3  -52.1  -51.4  -50.8
       10-22 09:05:48.539:    -52.4  -53.9  -55.4  -55.6  -57.3  -59.0  -61.1  -61.8  -59.9  -60.9
       10-22 09:05:49.051:    -61.6  -61.6  -53.6  -52.1  -53.6  -54.8  -55.6  -53.9  -54.4  -56.2
       10-22 09:05:49.542:    -57.1  -58.3  -56.8  -57.2
  Thread throttle time (msecs): 1
  AudioMixer tracks: 1 
  Master mono: off
  No FastMixer
  Stream volumes in dB: 0:-5.9, 1:-11, 2:-8.7, 3:-33, 4:-4.8, 5:-8.7, 6:-inf, 7:-11, 8:-11, 9:0, 10:-35, 11:0, 12:0
  Normal mixer raw underrun counters: partial=0 empty=0
  2 Tracks of which 1 are active
    T Name Active Client Session S  Flags   Format Chn mask  SRate ST  L dB  R dB  VS dB   Server FrmCnt  FrmRdy F Underruns  Flushed Main Buf  Aux Buf
         0     no   2962       0 I  0x000 00000005 00000003  48000 12     0     0     0  00000000   3072       0 I         0        0 E49AA000 00000000
         1    yes  10790      25 A  0x001 00000001 00000003  44100  3     0     0     0  0003D8E6   5316    5316 A       944        0 E49AA000 00000000
  0 Effect Chains
  Local log:
   10-22 09:05:43.984 CFG_EVENT_CREATE_AUDIO_PATCH: old device 0x8000 (AUDIO_DEVICE_OUT_REMOTE_SUBMIX) new device 0x8000 (AUDIO_DEVICE_OUT_REMOTE_SUBMIX)
   10-22 09:05:44.071 AT::add       (0xe5c72500)      1     no  10790      25 A  0x000 00000001 00000003  44100  3     0     0     0  00000000   5316       0 f         0        0 E49AA000 00000000

Output thread 0xe491ec80, name AudioOut_1D, tid 14012, type 2 (DUPLICATING):
  I/O handle: 29
  Standby: yes
  Sample rate: 48000 Hz
  HAL frame count: 1024
  HAL format: 0x1 (AUDIO_FORMAT_PCM_16_BIT)
  HAL buffer size: 8192 bytes
  Channel count: 2
  Channel mask: 0x00000003 (front-left, front-right)
  Processing format: 0x5 (AUDIO_FORMAT_PCM_FLOAT)
  Processing frame size: 8 bytes
  Pending config events: none
  Output device: 0x8000 (AUDIO_DEVICE_OUT_REMOTE_SUBMIX)
  Input device: 0 (AUDIO_DEVICE_NONE)
  Audio source: 0 (default)
  Normal frame count: 1024
  Last write occurred (msecs): 182938
  Total writes: 0
  Delayed writes: 0
  Blocked in write: no
  Suspend count: 0
  Sink buffer : 0xe4a50000
  Mixer buffer: 0xe4a52000
  Effect buffer: 0xe4a54000
  Fast track availMask=0xfe
  Standby delay ns=3000000000
  AudioStreamOut: 0xe58993b8 flags 0 (AUDIO_OUTPUT_FLAG_NONE)
  Frames written: 0
  Suspended frames: 0
  Hal stream dump:
      Signal power history:
       10-22 09:05:44.087: [  -61.2  -54.0  -55.3  -57.3  -58.5  -57.8  -56.9  -56.9  -57.5  -59.0
       10-22 09:05:44.550:    -58.7  -57.9  -58.4  -59.1  -60.5  -61.2  -60.4  -61.7  -62.0  -62.7
       10-22 09:05:45.041:    -59.5  -57.8  -58.7  -60.3  -60.9  -60.5  -60.7  -61.9  -62.1  -62.9
       10-22 09:05:45.553:    -61.4  -60.4  -61.5  -61.4  -62.2  -59.4  -59.2  -59.3  -60.4  -61.7
       10-22 09:05:46.043:    -60.9  -59.6  -59.9  -61.6  -62.4  -61.1  -60.7  -61.9  -62.4  -52.5
       10-22 09:05:46.555:    -48.1  -51.0  -54.7  -56.8  -51.1  -50.4  -53.1  -54.3  -55.6  -52.0
       10-22 09:05:47.046:    -51.4  -53.9  -56.0  -58.1  -57.4  -58.9  -60.3  -61.3  -61.7  -51.7
       10-22 09:05:47.558:    -52.4  -54.5  -55.9  -53.6  -49.6  -50.7  -53.0  -55.2  -50.0  -50.6
       10-22 09:05:48.049:    -50.9  -51.6  -53.2  -49.2  -49.9  -50.0  -50.3  -52.1  -51.4  -50.8
       10-22 09:05:48.539:    -52.4  -53.9  -55.4  -55.6  -57.3  -59.0  -61.1  -61.8  -59.9  -60.9
       10-22 09:05:49.051:    -61.6  -61.6  -53.6  -52.1  -53.6  -54.8  -55.6  -53.9  -54.4  -56.2
       10-22 09:05:49.542:    -57.1  -58.3  -56.8  -57.2
  Thread throttle time (msecs): 0
  AudioMixer tracks: 
  Master mono: off
  No FastMixer
  2 OutputTracks: (0 : 0xe4883740, 21) (1 : 0xe5183800, 13)
  Stream volumes in dB: 0:-5.9, 1:-11, 2:-8.7, 3:-33, 4:-4.8, 5:-8.7, 6:-inf, 7:-11, 8:-11, 9:0, 10:-35, 11:0, 12:0
  Normal mixer raw underrun counters: partial=0 empty=0
  0 Tracks
  0 Effect Chains
  Local log:
  record threads

Input thread 0xe4e89600, name AudioIn_1E, tid 14004, type 3 (RECORD):
  I/O handle: 30
  Standby: no
  Sample rate: 48000 Hz
  HAL frame count: 1024
  HAL format: 0x1 (AUDIO_FORMAT_PCM_16_BIT)
  HAL buffer size: 4096 bytes
  Channel count: 2
  Channel mask: 0x0000000c (left, right)
  Processing format: 0x1 (AUDIO_FORMAT_PCM_16_BIT)
  Processing frame size: 4 bytes
  Pending config events: none
  Output device: 0x1000000 (AUDIO_DEVICE_OUT_BUS)
  Input device: 0x80000100 (AUDIO_DEVICE_IN_REMOTE_SUBMIX)
  Audio source: 8 (remote submix)
  AudioStreamIn: 0xe5c18c60 flags 0 (AUDIO_INPUT_FLAG_NONE)
  Hal stream dump:
      Signal power history:
       10-22 09:05:44.104: [  -57.8  -53.7  -56.3  -57.8  -58.4  -57.3  -57.0  -57.2  -58.0  -58.9
       10-22 09:05:44.616:    -58.3  -58.0  -58.5  -59.6  -61.1  -61.3  -60.9  -61.7  -62.1  -62.9
       10-22 09:05:45.107:    -58.3  -58.2  -58.7  -61.0  -61.6  -60.2  -60.9  -61.9  -62.4  -62.3
       10-22 09:05:45.619:    -60.5  -60.2  -61.8  -61.7  -61.1  -58.8  -59.2  -59.7  -60.4  -61.7
       10-22 09:05:46.110:    -60.0  -59.9  -60.1  -61.9  -62.1  -60.5  -60.9  -62.2  -62.6  -49.7
       10-22 09:05:46.600:    -48.9  -52.4  -55.3  -57.3  -49.8  -51.2  -53.6  -54.9  -55.2  -50.8
       10-22 09:05:47.112:    -52.1  -54.5  -57.0  -58.0  -57.7  -59.4  -60.8  -61.6  -56.8  -51.1
       10-22 09:05:47.603:    -53.0  -54.7  -56.3  -51.4  -50.1  -51.6  -54.2  -55.7  -49.4  -50.6
       10-22 09:05:48.115:    -51.0  -52.1  -53.8  -49.0  -50.3  -49.8  -50.9  -52.5  -50.9  -51.1
       10-22 09:05:48.606:    -52.7  -54.5  -55.5  -56.2  -58.0  -59.6  -61.1  -62.3  -60.2  -59.9
       10-22 09:05:49.118:    -62.3  -61.1  -52.4  -52.6  -53.7  -55.0  -56.1  -54.1  -54.8  -56.3
       10-22 09:05:49.608:    -57.4  -58.5  -56.5
  Fast capture thread: no
  Fast track available: no
  FastCapture not initialized
  1 Tracks of which 1 are active
    Active Client Session S  Flags   Format Chn mask  SRate   Server FrmCnt Sil
       yes  13971      33 A  0x000 00000001 0000000C  48000 00043800   3072   n
  0 Effect Chains
  Local log:
   10-22 09:05:43.801 AT::add       (0xe39c1540)     no  13971      33 r1 0x000 00000001 0000000C  48000 00000000   3072   n
   10-22 09:05:43.803 CFG_EVENT_CREATE_AUDIO_PATCH: old device 0x80000100 (AUDIO_DEVICE_IN_REMOTE_SUBMIX) new device 0x80000100 (AUDIO_DEVICE_IN_REMOTE_SUBMIX)
  mmap threads

USB audio module:
  No output streams.

  No input streams.

Reroute submix audio module:
 route[0] rate in=0 out=0, addr=[]
 route[1] rate in=0 out=0, addr=[]
 route[2] rate in=0 out=0, addr=[]
 route[3] rate in=0 out=0, addr=[]
 route[4] rate in=0 out=0, addr=[]
 route[5] rate in=0 out=0, addr=[]
 route[6] rate in=0 out=0, addr=[]
 route[7] rate in=0 out=0, addr=[]
 route[8] rate in=0 out=0, addr=[]
 route[9] rate in=48000 out=48000, addr=[0]



 
mek_8q:/ # ps -e | grep test
root         13971  9707   54736  13824 hrtimer_nanosleep   0 S test_mls_plat_audio_out
