Libraries NOT loaded:

Libraries loaded:
 Library dynamics_processing
  path: /vendor/lib/soundfx/libdynproc.so
  Dynamics Processing / The Android Open Source Project
    UUID: e0e6539b-1781-7261-676f-6d7573696340
    TYPE: 7261676f-6d75-7369-6364-28e2fd3ac39e
    apiVersion: 00020000
    flags: 00000050
 Library loudness_enhancer
  path: /vendor/lib/soundfx/libldnhncr.so
  Loudness Enhancer / The Android Open Source Project
    UUID: fa415329-2034-4bea-b5dc-5b381c8d1e2c
    TYPE: fe3199be-aed0-413f-87bb-11260eb63cf1
    apiVersion: 00020000
    flags: 00000008
 Library downmix
  path: /vendor/lib/soundfx/libdownmix.so
  Multichannel Downmix To Stereo / The Android Open Source Project
    UUID: 93f04452-e4fe-41cc-91f9-e475b6d1d69f
    TYPE: 381e49cc-a858-4aa2-87f6-e8388e7601b2
    apiVersion: 00020000
    flags: 00000008
 Library visualizer
  path: /vendor/lib/soundfx/libvisualizer.so
  Visualizer / The Android Open Source Project
    UUID: d069d9e0-8329-11df-9168-0002a5d5c51b
    TYPE: e46b26a0-dddd-11db-8afd-0002a5d5c51b
    apiVersion: 00020000
    flags: 00000008
 Library reverb
  path: /vendor/lib/soundfx/libreverbwrapper.so
  Insert Preset Reverb / NXP Software Ltd.
    UUID: 172cdf00-a3bc-11df-a72f-0002a5d5c51b
    TYPE: 47382d60-ddd8-11db-bf3a-0002a5d5c51b
    apiVersion: 00020000
    flags: 00000048
  Auxiliary Preset Reverb / NXP Software Ltd.
    UUID: f29a1400-a3bb-11df-8ddc-0002a5d5c51b
    TYPE: 47382d60-ddd8-11db-bf3a-0002a5d5c51b
    apiVersion: 00020000
    flags: 00000001
  Insert Environmental Reverb / NXP Software Ltd.
    UUID: c7a511a0-a3bb-11df-860e-0002a5d5c51b
    TYPE: c2e5d5f0-94bd-4763-9cac-4e234d06839e
    apiVersion: 00020000
    flags: 00000048
  Auxiliary Environmental Reverb / NXP Software Ltd.
    UUID: 4a387fc0-8ab3-11df-8bad-0002a5d5c51b
    TYPE: c2e5d5f0-94bd-4763-9cac-4e234d06839e
    apiVersion: 00020000
    flags: 00000001
 Library bundle
  path: /vendor/lib/soundfx/libbundlewrapper.so
  Volume / NXP Software Ltd.
    UUID: 119341a0-8469-11df-81f9-0002a5d5c51b
    TYPE: 09e8ede0-ddde-11db-b4f6-0002a5d5c51b
    apiVersion: 00020000
    flags: 00000050
  Equalizer / NXP Software Ltd.
    UUID: ce772f20-847d-11df-bb17-0002a5d5c51b
    TYPE: 0bed4300-ddd6-11db-8f34-0002a5d5c51b
    apiVersion: 00020000
    flags: 00000048
  Virtualizer / NXP Software Ltd.
    UUID: 1d4033c0-8557-11df-9f2d-0002a5d5c51b
    TYPE: 37cc2c00-dddd-11db-8577-0002a5d5c51b
    apiVersion: 00020000
    flags: 00000250
  Dynamic Bass Boost / NXP Software Ltd.
    UUID: 8631f300-72e2-11df-b57e-0002a5d5c51b
    TYPE: 0634f220-ddd4-11db-a0fc-0002a5d5c51b
    apiVersion: 00020000
    flags: 00000248
XML effect configuration loaded successfully.



Clients:
  pid: 3131
  pid: 3368
Notification Clients:
  pid: 1756
  pid: 1769
  pid: 3131
  pid: 3368
Global session refs:
  session   pid count
       17  3131     1
       25  3131     1
       33  3368     1
Hardware status: 0
Standby Time mSec: 3000
  playback threads

Output thread 0xedd031c0, name AudioOut_D, tid 1804, type 0 (MIXER):
  I/O handle: 13
  Standby: no
  Sample rate: 48000 Hz
  HAL frame count: 1024
  HAL format: 0x1 (AUDIO_FORMAT_PCM_16_BIT)
  HAL buffer size: 4096 bytes
  Channel count: 2
  Channel mask: 0x00000003 (front-left, front-right)
  Processing format: 0x1 (AUDIO_FORMAT_PCM_16_BIT)
  Processing frame size: 4 bytes
  Pending config events: none
  Output device: 0x1000000 (AUDIO_DEVICE_OUT_BUS)
  Input device: 0 (AUDIO_DEVICE_NONE)
  Audio source: 0 (default)
  Normal frame count: 1024
  Last write occurred (msecs): 15
  Total writes: 1214
  Delayed writes: 0
  Blocked in write: yes
  Suspend count: 0
  Sink buffer : 0xee789000
  Mixer buffer: 0xee7eb000
  Effect buffer: 0xede9e000
  Fast track availMask=0xfe
  Standby delay ns=3000000000
  AudioStreamOut: 0xee7c9f80 flags 0x2 (AUDIO_OUTPUT_FLAG_PRIMARY)
  Frames written: 1243136
  Suspended frames: 0
  Hal stream dump:
      Signal power history:
       10-11 17:03:16.568:    -43.0  -44.0  -45.2  -47.7  -48.7  -42.2  -42.6  -44.1  -45.7  -45.5
       10-11 17:03:17.056:    -41.3  -41.4  -44.2  -45.9  -48.0  -50.2  -53.1  -53.9  -53.3  -52.8
       10-11 17:03:17.568:    -52.1  -53.2  -53.3  -53.2  -52.8  -52.5  -41.2  -41.5  -43.8  -46.5
       10-11 17:03:18.060:    -47.9  -48.4  -48.7  -47.9  -49.5  -51.5  -54.1  -56.2  -55.0  -54.0
       10-11 17:03:18.572:    -55.1  -50.6  -51.0  -52.2  -53.9  -55.2  -48.7  -49.7  -50.8  -52.2
       10-11 17:03:19.064:    -50.7  -43.2  -42.5  -44.6  -48.2  -46.5  -40.7  -40.8  -43.4  -45.5
       10-11 17:03:19.576:    -44.1  -41.1  -42.2  -44.8  -46.7  -49.0  -45.9  -41.2  -43.2  -44.4
       10-11 17:03:20.064:    -45.7  -47.1  -49.0  -50.6  -53.2  -55.0  -56.4  -56.7  -57.4  -61.7 ] sum(9.7)
       10-11 17:03:20.664: [  -55.2  -47.6  -49.2  -50.9  -44.6  -44.7  -47.7  -50.2  -52.2  -53.1
       10-11 17:03:21.176:    -53.6  -54.9  -55.2  -56.3  -50.9  -43.6  -45.8  -47.2  -48.5  -49.9
       10-11 17:03:21.664:    -51.7  -53.8  -56.3  -57.8  -58.8  -54.7  -40.1  -39.9  -41.1  -42.2
       10-11 17:03:22.156:    -43.2  -44.0  -45.3  -46.4  -48.6  -50.3  -52.7  -55.1  -56.4  -58.9
       10-11 17:03:22.668:    -59.0  -59.5  -60.9  -61.1  -61.7  -61.9  -62.2  -60.2  -57.1  -58.1
       10-11 17:03:23.160:    -57.2  -58.0  -58.8  -59.9  -59.7  -59.2  -60.1  -61.2  -47.8  -38.6
       10-11 17:03:23.672:    -41.0  -45.0  -48.2  -46.8  -41.8  -44.9  -46.2  -47.4  -48.9  -47.5
       10-11 17:03:24.160:    -41.1  -41.8  -43.5  -45.5  -47.0  -48.4  -50.0  -52.5  -53.7  -53.1
       10-11 17:03:24.672:    -54.0  -54.2  -55.2  -55.7  -55.3  -41.3  -41.3  -43.4  -44.7  -46.5
       10-11 17:03:25.164:    -44.2  -40.6  -41.0  -43.0  -44.7  -46.7  -47.9  -49.8  -51.1  -52.0
       10-11 17:03:25.656:    -52.5  -47.8  -45.8  -49.4  -51.0  -51.6  -51.4  -50.1  -50.2  -51.8
       10-11 17:03:26.168:    -51.6  -50.3  -44.4  -45.2  -47.7  -49.2  -49.7  -51.5  -52.2  -53.5
       10-11 17:03:26.656:    -54.0  -55.3  -55.7  -56.2  -56.5  -57.4  -58.7  -59.1  -52.0  -51.7
       10-11 17:03:27.168:    -53.1  -53.8  -54.8  -53.9  -52.1  -52.3  -52.8  -53.3  -53.9  -54.3
       10-11 17:03:27.660:    -54.8  -55.4  -55.9  -56.7  -41.8  -39.5  -41.0  -42.5  -44.2  -41.6
       10-11 17:03:28.172:    -41.8  -43.6  -45.4  -46.4  -46.6  -38.9  -40.6  -44.1  -47.4  -50.4
       10-11 17:03:28.664:    -51.2  -52.5  -54.8  -55.8  -57.8  -58.3  -57.6  -57.1  -58.3  -48.6
       10-11 17:03:29.176:    -42.5  -43.8  -45.3  -46.6  -47.9  -39.4  -38.5  -41.9  -44.6  -47.0
       10-11 17:03:29.664:    -48.7  -51.2  -54.8  -56.4  -57.1  -49.5  -42.8  -43.6  -45.9  -48.6
       10-11 17:03:30.156:    -51.3  -55.2  -58.0  -58.7  -58.2  -56.8  -56.9  -45.4  -44.1  -45.9
       10-11 17:03:30.668:    -47.5  -48.8  -50.5  -51.7  -52.3  -53.7  -54.7  -55.3  -56.7  -57.3
       10-11 17:03:31.160:    -58.6  -60.1  -58.1  -53.7  -53.2  -53.8  -54.2  -55.4  -54.5  -53.7
       10-11 17:03:31.672:    -54.4  -54.8  -55.9  -56.8  -57.1  -58.0  -59.2  -59.5  -59.4  -59.2
       10-11 17:03:32.160:    -59.0  -59.4  -59.5  -60.6  -40.8  -38.9  -40.5  -42.1  -43.9  -45.7
       10-11 17:03:32.672:    -40.4  -43.8  -45.2  -47.3  -48.8  -50.3  -51.6  -51.6  -54.0  -53.6
       10-11 17:03:33.164:    -43.5  -41.5  -43.0  -45.9  -47.8  -44.3  -41.6  -43.4  -44.9  -46.6
       10-11 17:03:33.656:    -48.7  -47.7  -47.4  -48.1  -49.1  -49.8  -50.2  -50.6  -51.1  -52.4
       10-11 17:03:34.168:    -53.2  -48.4  -41.5  -41.8  -44.5  -46.8  -49.4  -52.2  -53.3  -53.3
       10-11 17:03:34.656:    -53.3  -53.4  -41.2  -41.1  -42.9  -44.1  -46.7  -41.5  -39.5  -40.3
       10-11 17:03:35.168:    -40.9  -42.3  -44.2  -46.3  -47.2  -48.6  -49.5  -47.6  -43.8  -45.5
       10-11 17:03:35.660:    -47.5  -48.2  -49.3
  Thread throttle time (msecs): 0
  AudioMixer tracks: 2 
  Master mono: off
  No FastMixer
  Stream volumes in dB: 0:-24, 1:0, 2:-inf, 3:-22, 4:-30, 5:-inf, 6:-inf, 7:-inf, 8:-inf, 9:0, 10:-58, 11:0, 12:0
  Normal mixer raw underrun counters: partial=0 empty=0
  2 Tracks of which 1 are active
    T Name Active Client Session S  Flags   Format Chn mask  SRate ST  L dB  R dB  VS dB   Server FrmCnt  FrmRdy F Underruns  Flushed Main Buf  Aux Buf
         1     no   1769       0 I  0x000 00000005 00000003  48000 12     0     0     0  00000000   3072       0 I         0        0 EE789000 00000000
         2    yes   3131      25 A  0x000 00000001 00000003  44100  3     0     0     0  000A5253   3776    2835 A         0        0 EE789000 00000000
  0 Effect Chains
  Local log:
   10-11 17:02:06.897 CFG_EVENT_CREATE_AUDIO_PATCH: old device 0x1000000 (AUDIO_DEVICE_OUT_BUS) new device 0x1000000 (AUDIO_DEVICE_OUT_BUS)
   10-11 17:03:09.954 AT::add       (0xed56b000)      0     no   3131      25 A  0x000 00000001 00000003  44100  3     0     0     0  00000000   3776       0 f         0        0 EE789000 00000000
   10-11 17:03:20.515 AT::add       (0xee7f3180)      2     no   3131      25 A  0x000 00000001 00000003  44100  3     0     0     0  00000000   3776       0 f         0        0 EE789000 00000000
   10-11 17:03:20.576 AT::remove    (0xed56b000)      0     no   3131      25 T  0x405 00000001 00000003  44100  3     0     0     0  00071B20   3776    2835 f       944        0 EE789000 00000000
   10-11 17:03:20.576 removeTrack_l (0xed56b000)      0     no   3131      25 T  0x405 00000001 00000003  44100  3     0     0     0  00071B20   3776    2835 f       944        0 EE789000 00000000

Output thread 0xedb83780, name AudioOut_15, tid 1806, type 0 (MIXER):
  I/O handle: 21
  Standby: yes
  Sample rate: 48000 Hz
  HAL frame count: 1024
  HAL format: 0x1 (AUDIO_FORMAT_PCM_16_BIT)
  HAL buffer size: 4096 bytes
  Channel count: 2
  Channel mask: 0x00000003 (front-left, front-right)
  Processing format: 0x1 (AUDIO_FORMAT_PCM_16_BIT)
  Processing frame size: 4 bytes
  Pending config events: none
  Output device: 0x1000000 (AUDIO_DEVICE_OUT_BUS)
  Input device: 0 (AUDIO_DEVICE_NONE)
  Audio source: 0 (default)
  Normal frame count: 1024
  Last write occurred (msecs): 97092
  Total writes: 0
  Delayed writes: 0
  Blocked in write: no
  Suspend count: 0
  Sink buffer : 0xee78a000
  Mixer buffer: 0xedea3000
  Effect buffer: 0xee7d4000
  Fast track availMask=0xfe
  Standby delay ns=3000000000
  AudioStreamOut: 0xee7c9f48 flags 0x2 (AUDIO_OUTPUT_FLAG_PRIMARY)
  Frames written: 0
  Suspended frames: 0
  Hal stream dump:
      Signal power history: (none)
  Thread throttle time (msecs): 0
  AudioMixer tracks:                                                                                                                                                                                            //
  Master mono: off
  No FastMixer                                                                                                                                                                                                       // FastMixer 没有创建
  Stream volumes in dB: 0:-24, 1:-inf, 2:-inf, 3:-inf, 4:-30, 5:-inf, 6:-inf, 7:-inf, 8:-inf, 9:0, 10:-58, 11:0, 12:0
  Normal mixer raw underrun counters: partial=0 empty=0
  0 Tracks
  0 Effect Chains                                                                                                                                                                                                   //  Vector< sp<EffectChain> > mEffectChains;  
  Local log:
   10-11 17:02:06.904 CFG_EVENT_CREATE_AUDIO_PATCH: old device 0x1000000 (AUDIO_DEVICE_OUT_BUS) new device 0x1000000 (AUDIO_DEVICE_OUT_BUS)

Output thread 0xec183500, name AudioOut_1D, tid 3375, type 0 (MIXER):
  I/O handle: 29
  Standby: yes
  Sample rate: 48000 Hz
  HAL frame count: 1024
  HAL format: 0x1 (AUDIO_FORMAT_PCM_16_BIT)
  HAL buffer size: 4096 bytes
  Channel count: 2
  Channel mask: 0x00000003 (front-left, front-right)
  Processing format: 0x1 (AUDIO_FORMAT_PCM_16_BIT)
  Processing frame size: 4 bytes
  Pending config events: none
  Output device: 0x8000 (AUDIO_DEVICE_OUT_REMOTE_SUBMIX)
  Input device: 0 (AUDIO_DEVICE_NONE)
  Audio source: 0 (default)
  Normal frame count: 1024
  Last write occurred (msecs): 97093
  Total writes: 0
  Delayed writes: 0
  Blocked in write: no
  Suspend count: 0
  Sink buffer : 0xec214000
  Mixer buffer: 0xed50f000
  Effect buffer: 0xed511000
  Fast track availMask=0xfe
  Standby delay ns=3000000000
  AudioStreamOut: 0xee438348 flags 0 (AUDIO_OUTPUT_FLAG_NONE)
  Frames written: 0
  Suspended frames: 0
  Hal stream dump:
      Signal power history: (none)
  Thread throttle time (msecs): 0
  AudioMixer tracks: 
  Master mono: off
  No FastMixer                            // FastMixer 没有创建
  Stream volumes in dB: 0:-5.9, 1:-11, 2:-8.7, 3:-22, 4:-12, 5:-8.7, 6:-inf, 7:-11, 8:-11, 9:0, 10:-21, 11:0, 12:0
  Normal mixer raw underrun counters: partial=0 empty=0
  1 Tracks of which 0 are active
    T Name Active Client Session S  Flags   Format Chn mask  SRate ST  L dB  R dB  VS dB   Server FrmCnt  FrmRdy F Underruns  Flushed Main Buf  Aux Buf
         0     no   1769       0 I  0x000 00000005 00000003  48000 12     0     0     0  00000000   3072       0 I         0        0 EC214000 00000000
  0 Effect Chains
  Local log:
   10-11 17:03:20.496 CFG_EVENT_CREATE_AUDIO_PATCH: old device 0x8000 (AUDIO_DEVICE_OUT_REMOTE_SUBMIX) new device 0x8000 (AUDIO_DEVICE_OUT_REMOTE_SUBMIX)

Output thread 0xec003a80, name AudioOut_25, tid 3376, type 2 (DUPLICATING):
  I/O handle: 37
  Standby: yes
  Sample rate: 48000 Hz
  HAL frame count: 1024
  HAL format: 0x1 (AUDIO_FORMAT_PCM_16_BIT)
  HAL buffer size: 8192 bytes
  Channel count: 2
  Channel mask: 0x00000003 (front-left, front-right)
  Processing format: 0x5 (AUDIO_FORMAT_PCM_FLOAT)
  Processing frame size: 8 bytes
  Pending config events: none
  Output device: 0x8000 (AUDIO_DEVICE_OUT_REMOTE_SUBMIX)
  Input device: 0 (AUDIO_DEVICE_NONE)
  Audio source: 0 (default)
  Normal frame count: 1024
  Last write occurred (msecs): 97094
  Total writes: 0
  Delayed writes: 0
  Blocked in write: no
  Suspend count: 0
  Sink buffer : 0xed513000
  Mixer buffer: 0xed515000
  Effect buffer: 0xed517000
  Fast track availMask=0xfe
  Standby delay ns=3000000000
  AudioStreamOut: 0xee438348 flags 0 (AUDIO_OUTPUT_FLAG_NONE)
  Frames written: 0
  Suspended frames: 0
  Hal stream dump:
      Signal power history: (none)
  Thread throttle time (msecs): 0
  AudioMixer tracks: 
  Master mono: off
  No FastMixer
  2 OutputTracks: (0 : 0xec183500, 29) (1 : 0xedd031c0, 13)
  Stream volumes in dB: 0:-5.9, 1:-11, 2:-8.7, 3:-22, 4:-12, 5:-8.7, 6:-inf, 7:-11, 8:-11, 9:0, 10:-21, 11:0, 12:0
  Normal mixer raw underrun counters: partial=0 empty=0
  0 Tracks
  0 Effect Chains
  Local log:
  record threads

Input thread 0xec383ec0, name AudioIn_1E, tid 3374, type 3 (RECORD):
  I/O handle: 30
  Standby: no
  Sample rate: 48000 Hz
  HAL frame count: 1024
  HAL format: 0x1 (AUDIO_FORMAT_PCM_16_BIT)
  HAL buffer size: 4096 bytes
  Channel count: 2
  Channel mask: 0x0000000c (left, right)
  Processing format: 0x1 (AUDIO_FORMAT_PCM_16_BIT)
  Processing frame size: 4 bytes
  Pending config events: none
  Output device: 0x1000000 (AUDIO_DEVICE_OUT_BUS)
  Input device: 0x80000100 (AUDIO_DEVICE_IN_REMOTE_SUBMIX)
  Audio source: 8 (remote submix)
  AudioStreamIn: 0xee4084d0 flags 0 (AUDIO_INPUT_FLAG_NONE)
  Hal stream dump:
      Signal power history: (none)
  Fast capture thread: no
  Fast track available: no
  FastCapture not initialized
  1 Tracks of which 1 are active
    Active Client Session S  Flags   Format Chn mask  SRate   Server FrmCnt Sil
       yes   3368      33 A  0x000 00000001 0000000C  44100 000A55FE   2823   n
  0 Effect Chains
  Local log:
   10-11 17:03:20.467 AT::add       (0xec3e9000)     no   3368      33 r1 0x000 00000001 0000000C  44100 00000000   2823   n
   10-11 17:03:20.469 CFG_EVENT_CREATE_AUDIO_PATCH: old device 0x80000100 (AUDIO_DEVICE_IN_REMOTE_SUBMIX) new device 0x80000100 (AUDIO_DEVICE_IN_REMOTE_SUBMIX)
  mmap threads

USB audio module:
  No output streams.

  No input streams.

Reroute submix audio module:
 route[0] rate in=0 out=0, addr=[]
 route[1] rate in=0 out=0, addr=[]
 route[2] rate in=0 out=0, addr=[]
 route[3] rate in=0 out=0, addr=[]
 route[4] rate in=0 out=0, addr=[]
 route[5] rate in=0 out=0, addr=[]
 route[6] rate in=0 out=0, addr=[]
 route[7] rate in=0 out=0, addr=[]
 route[8] rate in=0 out=0, addr=[]
 route[9] rate in=48000 out=48000, addr=[0]
