autolink_8q:/system/usr # dumpsys input                                        
INPUT MANAGER (dumpsys input)

Input Manager State:
  Interactive: true
  System UI Visibility: 0x8
  Pointer Speed: 0
  Pointer Gestures Enabled: true
  Show Touches: false
  Pointer Capture Enabled: false

Event Hub State:
  BuiltInKeyboardId: -2
  Devices:
    -1: Virtual
      Classes: 0x40000023
      Path: <virtual>
      Enabled: true
      Descriptor: a718a782d34bc767f4689c232d64d527998ea7fd
      Location: 
      ControllerNumber: 0
      UniqueId: <virtual>
      Identifier: bus=0x0000, vendor=0x0000, product=0x0000, version=0x0000
      KeyLayoutFile: /system/usr/keylayout/Generic.kl
      KeyCharacterMapFile: /system/usr/keychars/Virtual.kcm
      ConfigurationFile: 
      HaveKeyboardLayoutOverlay: false
    1: sc-powerkey
      Classes: 0x00000001       # INPUT_DEVICE_CLASS_KEYBOARD
      Path: /dev/input/event0
      Enabled: true
      Descriptor: 89da3e57a2cf73e56012b67712c511376490634e
      Location: imx-sc-pwrkey/input0
      ControllerNumber: 0
      UniqueId: 
      Identifier: bus=0x0019, vendor=0x0000, product=0x0000, version=0x0000
      KeyLayoutFile: /system/usr/keylayout/Generic.kl
      KeyCharacterMapFile: /system/usr/keychars/Generic.kcm
      ConfigurationFile: 
      HaveKeyboardLayoutOverlay: false
    2: cyttsp6_mt1
      Classes: 0x80000014       # INPUT_DEVICE_CLASS_EXTERNAL | INPUT_DEVICE_CLASS_TOUCH_MT | INPUT_DEVICE_CLASS_TOUCH
      Path: /dev/input/event1
      Enabled: true
      Descriptor: a98ecc2fbcd7400435e28358b6c52622d87adb87
      Location: 20-0024/input0
      ControllerNumber: 0
      UniqueId: 
      Identifier: bus=0x0000, vendor=0x0000, product=0x0000, version=0x0000
      KeyLayoutFile: 
      KeyCharacterMapFile: 
      ConfigurationFile: /vendor/usr/idc/cyttsp6_mt1.idc
      HaveKeyboardLayoutOverlay: false

Input Reader State:
  Device -1: Virtual
    Generation: 2
    IsExternal: false
    HasMic:     false
    Sources: 0x00000301
    KeyboardType: 2
    Keyboard Input Mapper:
      Parameters:
        HasAssociatedDisplay: false
        OrientationAware: false
        HandlesKeyRepeat: false
      KeyboardType: 2
      Orientation: 0
      KeyDowns: 0 keys currently down
      MetaState: 0x0
      DownTime: 0
  Device 1: sc-powerkey
    Generation: 4
    IsExternal: false
    HasMic:     false
    Sources: 0x00000101
    KeyboardType: 1
    Keyboard Input Mapper:
      Parameters:
        HasAssociatedDisplay: false
        OrientationAware: false
        HandlesKeyRepeat: false
      KeyboardType: 1
      Orientation: 0
      KeyDowns: 0 keys currently down
      MetaState: 0x0
      DownTime: 0
  Device 2: cyttsp6_mt1
    Generation: 7
    IsExternal: true
    HasMic:     false
    Sources: 0x00005002
    KeyboardType: 0
    Motion Ranges:
      X: source=0x00005002, min=0.000, max=1919.000, flat=0.000, fuzz=0.000, resolution=0.000
      Y: source=0x00005002, min=0.000, max=719.000, flat=0.000, fuzz=0.000, resolution=0.000
      PRESSURE: source=0x00005002, min=0.000, max=1.000, flat=0.000, fuzz=0.000, resolution=0.000
      SIZE: source=0x00005002, min=0.000, max=1.000, flat=0.000, fuzz=0.000, resolution=0.000
      TOUCH_MAJOR: source=0x00005002, min=0.000, max=2050.561, flat=0.000, fuzz=0.000, resolution=0.000
      TOUCH_MINOR: source=0x00005002, min=0.000, max=2050.561, flat=0.000, fuzz=0.000, resolution=0.000
      TOOL_MAJOR: source=0x00005002, min=0.000, max=2050.561, flat=0.000, fuzz=0.000, resolution=0.000
      TOOL_MINOR: source=0x00005002, min=0.000, max=2050.561, flat=0.000, fuzz=0.000, resolution=0.000
      ORIENTATION: source=0x00005002, min=-1.571, max=1.571, flat=0.000, fuzz=0.000, resolution=0.000
    Touch Input Mapper (mode - direct):
      Parameters:
        GestureMode: multi-touch
        DeviceType: touchScreen
        AssociatedDisplay: hasAssociatedDisplay=true, isExternal=true, displayId=''
        OrientationAware: true
      Raw Touch Axes:
        X: min=0, max=1919, flat=0, fuzz=0, resolution=0
        Y: min=0, max=719, flat=0, fuzz=0, resolution=0
        Pressure: min=0, max=255, flat=0, fuzz=0, resolution=0
        TouchMajor: min=0, max=255, flat=0, fuzz=0, resolution=0
        TouchMinor: min=0, max=255, flat=0, fuzz=0, resolution=0
        ToolMajor: unknown range
        ToolMinor: unknown range
        Orientation: min=-127, max=127, flat=0, fuzz=0, resolution=0
        Distance: unknown range
        TiltX: unknown range
        TiltY: unknown range
        TrackingId: min=0, max=65535, flat=0, fuzz=0, resolution=0
        Slot: min=0, max=15, flat=0, fuzz=0, resolution=0
      Calibration:
        touch.size.calibration: geometric
        touch.pressure.calibration: physical
        touch.orientation.calibration: interpolated
        touch.distance.calibration: none
        touch.coverage.calibration: none
      Affine Transformation:
        X scale: 1.000
        X ymix: 0.000
        X offset: 0.000
        Y xmix: 0.000
        Y scale: 1.000
        Y offset: 0.000
      Viewport: displayId=0, orientation=0, logicalFrame=[0, 0, 1920, 720], physicalFrame=[0, 0, 1920, 720], deviceSize=[1920, 720]
      SurfaceWidth: 1920px
      SurfaceHeight: 720px
      SurfaceLeft: 0
      SurfaceTop: 0
      PhysicalWidth: 1920px
      PhysicalHeight: 720px
      PhysicalLeft: 0
      PhysicalTop: 0
      SurfaceOrientation: 0
      Translation and Scaling Factors:
        XTranslate: 0.000
        YTranslate: 0.000
        XScale: 1.000
        YScale: 1.000
        XPrecision: 1.000
        YPrecision: 1.000
        GeometricScale: 1.000
        PressureScale: 0.004
        SizeScale: 0.004
        OrientationScale: 0.012
        DistanceScale: 0.000
        HaveTilt: false
        TiltXCenter: 0.000
        TiltXScale: 0.000
        TiltYCenter: 0.000
        TiltYScale: 0.000
      Last Raw Button State: 0x00000000
      Last Raw Touch: pointerCount=0
      Last Cooked Button State: 0x00000000
      Last Cooked Touch: pointerCount=0
      Stylus Fusion:
        ExternalStylusConnected: false
        External Stylus ID: -1
        External Stylus Data Timeout: 9223372036854775807
      External Stylus State:
        When: 9223372036854775807
        Pressure: 0.000000
        Button State: 0x00000000
        Tool Type: 0
  Configuration:
    ExcludedDeviceNames: []
    VirtualKeyQuietTime: 0.0ms
    PointerVelocityControlParameters: scale=1.000, lowThreshold=500.000, highThreshold=3000.000, acceleration=3.000
    WheelVelocityControlParameters: scale=1.000, lowThreshold=15.000, highThreshold=50.000, acceleration=4.000
    PointerGesture:
      Enabled: true
      QuietInterval: 100.0ms
      DragMinSwitchSpeed: 50.0px/s
      TapInterval: 150.0ms
      TapDragInterval: 300.0ms
      TapSlop: 20.0px
      MultitouchSettleInterval: 100.0ms
      MultitouchMinDistance: 15.0px
      SwipeTransitionAngleCosine: 0.3
      SwipeMaxWidthRatio: 0.2
      MovementSpeedRatio: 0.8
      ZoomSpeedRatio: 0.3
      Viewports:
        ViewportInternal:
          Viewport: displayId=0, orientation=0, uniqueId='', logicalFrame=[0, 0, 1920, 720], physicalFrame=[0, 0, 1920, 720], deviceSize=[1920, 720]
        ViewportExternal:
          Viewport: displayId=0, orientation=0, uniqueId='', logicalFrame=[0, 0, 1920, 720], physicalFrame=[0, 0, 1920, 720], deviceSize=[1920, 720]
        ViewportVirtual:

Input Dispatcher State:
  DispatchEnabled: 1
  DispatchFrozen: 0
  FocusedApplication: name='AppWindowToken{69d60e token=Token{1d5f409 ActivityRecord{5663110 u0 com.android.car.carlauncher/.AppGridActivity t6}}}', dispatchingTimeout=5000.000ms
  FocusedWindow: name='Window{72d2a7d u0 com.android.car.carlauncher/com.android.car.carlauncher.AppGridActivity}'
  TouchStates: <no displays touched>
  Windows:
    0: name='Window{d95545b u0 StatusBar}', displayId=0, paused=false, hasFocus=false, hasWallpaper=false, visible=true, canReceiveKeys=false, flags=0x81840048, type=0x000007d0, layer=0, frame=[0,0][1920,56], ss
    1: name='Window{dec149b u0 AssistPreviewPanel}', displayId=0, paused=false, hasFocus=false, hasWallpaper=false, visible=false, canReceiveKeys=false, flags=0x01000118, type=0x000007f1, layer=0, frame=[0,720]s
    2: name='Window{4b2f1a9 u0 DockedStackDivider}', displayId=0, paused=false, hasFocus=false, hasWallpaper=false, visible=false, canReceiveKeys=false, flags=0x21840028, type=0x000007f2, layer=0, frame=[0,0][0s
    3: name='Window{72d2a7d u0 com.android.car.carlauncher/com.android.car.carlauncher.AppGridActivity}', displayId=0, paused=false, hasFocus=true, hasWallpaper=false, visible=true, canReceiveKeys=true, flags=0s
    4: name='Window{de6004e u0 com.android.car.carlauncher/com.android.car.carlauncher.CarLauncher}', displayId=0, paused=false, hasFocus=false, hasWallpaper=false, visible=false, canReceiveKeys=false, flags=0xs
    5: name='Window{8b80e8 u0 com.android.systemui.ImageWallpaper}', displayId=0, paused=false, hasFocus=false, hasWallpaper=false, visible=false, canReceiveKeys=false, flags=0x00010318, type=0x000007dd, layer=s
  MonitoringChannels:
    0: 'WindowManager (server)'
  RecentQueue: length=10
    MotionEvent(deviceId=2, source=0x00005002, action=MOVE, actionButton=0x00000000, flags=0x00000000, metaState=0x00000000, buttonState=0x00000000, edgeFlags=0x00000000, xPrecision=1.0, yPrecision=1.0, displays
    MotionEvent(deviceId=2, source=0x00005002, action=MOVE, actionButton=0x00000000, flags=0x00000000, metaState=0x00000000, buttonState=0x00000000, edgeFlags=0x00000000, xPrecision=1.0, yPrecision=1.0, displays
    MotionEvent(deviceId=2, source=0x00005002, action=MOVE, actionButton=0x00000000, flags=0x00000000, metaState=0x00000000, buttonState=0x00000000, edgeFlags=0x00000000, xPrecision=1.0, yPrecision=1.0, displays
    MotionEvent(deviceId=2, source=0x00005002, action=MOVE, actionButton=0x00000000, flags=0x00000000, metaState=0x00000000, buttonState=0x00000000, edgeFlags=0x00000000, xPrecision=1.0, yPrecision=1.0, displays
    MotionEvent(deviceId=2, source=0x00005002, action=UP, actionButton=0x00000000, flags=0x00000000, metaState=0x00000000, buttonState=0x00000000, edgeFlags=0x00000000, xPrecision=1.0, yPrecision=1.0, displayIds
    MotionEvent(deviceId=2, source=0x00005002, action=DOWN, actionButton=0x00000000, flags=0x00000000, metaState=0x00000000, buttonState=0x00000000, edgeFlags=0x00000000, xPrecision=1.0, yPrecision=1.0, displays
    MotionEvent(deviceId=2, source=0x00005002, action=MOVE, actionButton=0x00000000, flags=0x00000000, metaState=0x00000000, buttonState=0x00000000, edgeFlags=0x00000000, xPrecision=1.0, yPrecision=1.0, displays
    MotionEvent(deviceId=2, source=0x00005002, action=MOVE, actionButton=0x00000000, flags=0x00000000, metaState=0x00000000, buttonState=0x00000000, edgeFlags=0x00000000, xPrecision=1.0, yPrecision=1.0, displays
    MotionEvent(deviceId=2, source=0x00005002, action=MOVE, actionButton=0x00000000, flags=0x00000000, metaState=0x00000000, buttonState=0x00000000, edgeFlags=0x00000000, xPrecision=1.0, yPrecision=1.0, displays
    MotionEvent(deviceId=2, source=0x00005002, action=UP, actionButton=0x00000000, flags=0x00000000, metaState=0x00000000, buttonState=0x00000000, edgeFlags=0x00000000, xPrecision=1.0, yPrecision=1.0, displayIds
  PendingEvent: <none>
  InboundQueue: <empty>
  ReplacedKeys: <empty>
  Connections:
    0: channelName='WindowManager (server)', windowName='monitor', status=NORMAL, monitor=true, inputPublisherBlocked=false
      OutboundQueue: <empty>
      WaitQueue: <empty>
    1: channelName='4b2f1a9 DockedStackDivider (server)', windowName='Window{4b2f1a9 u0 DockedStackDivider}', status=NORMAL, monitor=false, inputPublisherBlocked=false
      OutboundQueue: <empty>
      WaitQueue: <empty>
    2: channelName='72d2a7d com.android.car.carlauncher/com.android.car.carlauncher.AppGridActivity (server)', windowName='Window{72d2a7d u0 com.android.car.carlauncher/com.android.car.carlauncher.AppGridActivie
      OutboundQueue: <empty>
      WaitQueue: <empty>
    3: channelName='dec149b AssistPreviewPanel (server)', windowName='Window{dec149b u0 AssistPreviewPanel}', status=NORMAL, monitor=false, inputPublisherBlocked=false
      OutboundQueue: <empty>
      WaitQueue: <empty>
    4: channelName='de6004e com.android.car.carlauncher/com.android.car.carlauncher.CarLauncher (server)', windowName='Window{de6004e u0 com.android.car.carlauncher/com.android.car.carlauncher.CarLauncher}', ste
      OutboundQueue: <empty>
      WaitQueue: <empty>
    5: channelName='d95545b StatusBar (server)', windowName='Window{d95545b u0 StatusBar}', status=NORMAL, monitor=false, inputPublisherBlocked=false
      OutboundQueue: <empty>
      WaitQueue: <empty>
    6: channelName='8b80e8 com.android.systemui.ImageWallpaper (server)', windowName='Window{8b80e8 u0 com.android.systemui.ImageWallpaper}', status=NORMAL, monitor=false, inputPublisherBlocked=false
      OutboundQueue: <empty>
      WaitQueue: <empty>
  AppSwitch: not pending
  Configuration:
    KeyRepeatDelay: 50.0ms
    KeyRepeatTimeout: 500.0ms
