autolink_8qxp:/ $ dumpsys media.audio_policy
AudioPolicyManager: 0xeb5bd200
Command Thread: 0xeb5aeb40
Tones Thread: 0xeb5aea20
AudioCommandThread 0xeb5aeb40 Dump
- Commands:
   Command Time        Wait pParam
  Last Command
     none
AudioCommandThread 0xeb5aea20 Dump
- Commands:
   Command Time        Wait pParam
  Last Command
     none

AudioPolicyManager Dump: 0xeb5bd200
 Primary Output: 0
 Phone state: AUDIO_MODE_NORMAL
 Force use for communications 0
 Force use for media 0
 Force use for record 0
 Force use for dock 8
 Force use for system 0
 Force use for hdmi system audio 0
 Force use for encoded surround output 0
 TTS output not available
 Master mono: off
- Available input devices:
  Device 1:
  - id:  1
  - tag name: Remote Submix In
  - type: AUDIO_DEVICE_IN_REMOTE_SUBMIX
  - address: 0
  - Profiles:
      Profile 0:
          - format: AUDIO_FORMAT_PCM_16_BIT
          - sampling rates:48000
          - channel masks:0x000c

HW Modules dump:
- HW Module 1:
  - name: primary
  - handle: 0
  - version: 2.0
  - outputs:
    output 0:
    - name: primary output
    - Profiles:
        Profile 0:
            - format: AUDIO_FORMAT_PCM_16_BIT
            - sampling rates:48000
            - channel masks:0x0003
    - flags: 0x0002 (AUDIO_OUTPUT_FLAG_PRIMARY)
    - Supported devices:
      Device 1:
      - tag name: Speaker
      - type: AUDIO_DEVICE_OUT_SPEAKER
      Device 2:
      - tag name: Wired Headset
      - type: AUDIO_DEVICE_OUT_WIRED_HEADSET
      Device 3:
      - tag name: Wired Headphones
      - type: AUDIO_DEVICE_OUT_WIRED_HEADPHONE
    output 1:
    - name: esai output
    - Profiles:
        Profile 0:
            - format: AUDIO_FORMAT_PCM_16_BIT
            - sampling rates:48000
            - channel masks:0x003f, 0x063f
    - flags: 0x0001 (AUDIO_OUTPUT_FLAG_DIRECT)
    - Supported devices:
      Device 1:
      - tag name: Speaker
      - type: AUDIO_DEVICE_OUT_SPEAKER
  - inputs:
    input 0:
    - name: primary input
    - Profiles:
        Profile 0:
            - format: AUDIO_FORMAT_PCM_16_BIT
            - sampling rates:8000, 11025, 16000, 22050, 24000, 32000, 44100, 48000
            - channel masks:0x000c, 0x0010
    - flags: 0x0000 (AUDIO_INPUT_FLAG_NONE)
    - Supported devices:
      Device 1:
      - tag name: Built-In Mic
      - type: AUDIO_DEVICE_IN_BUILTIN_MIC
      Device 2:
      - tag name: Wired Headset Mic
      - type: AUDIO_DEVICE_IN_WIRED_HEADSET
      Device 3:
      - tag name: Spdif-In
      - type: AUDIO_DEVICE_IN_AUX_DIGITAL
  - Declared devices:
    Device 1:
    - tag name: Speaker
    - type: AUDIO_DEVICE_OUT_SPEAKER
    - Profiles:
        Profile 0:[dynamic format][dynamic channels][dynamic rates]
    Device 2:
    - tag name: Wired Headset
    - type: AUDIO_DEVICE_OUT_WIRED_HEADSET
    - Profiles:
        Profile 0:[dynamic format][dynamic channels][dynamic rates]
    Device 3:
    - tag name: Wired Headphones
    - type: AUDIO_DEVICE_OUT_WIRED_HEADPHONE                
    - Profiles:
        Profile 0:[dynamic format][dynamic channels][dynamic rates]
    Device 4:
    - tag name: Built-In Mic
    - type: AUDIO_DEVICE_IN_BUILTIN_MIC                     
    - Profiles:
        Profile 0:[dynamic format][dynamic channels][dynamic rates]
    Device 5:
    - tag name: Wired Headset Mic
    - type: AUDIO_DEVICE_IN_WIRED_HEADSET                   
    - Profiles:
        Profile 0:[dynamic format][dynamic channels][dynamic rates]
    Device 6:
    - tag name: Spdif-In
    - type: AUDIO_DEVICE_IN_AUX_DIGITAL                     
    - Profiles:
        Profile 0:[dynamic format][dynamic channels][dynamic rates]

  Audio Routes (4):
  - Route 1:
    - Type: Mix
    - Sink: Speaker
    - Sources: 
        esai output 
        primary output 

  - Route 2:
    - Type: Mix
    - Sink: Wired Headset
    - Sources: 
        primary output 

  - Route 3:
    - Type: Mix
    - Sink: Wired Headphones
    - Sources: 
        primary output 

  - Route 4:
    - Type: Mix
    - Sink: primary input
    - Sources: 
        Built-In Mic 
        Wired Headset Mic 
        Spdif-In 

- HW Module 2:
  - name: a2dp
  - handle: 10
  - version: 2.0
  - outputs:
    output 0:
    - name: a2dp output
    - Profiles:
        Profile 0:[dynamic format][dynamic channels][dynamic rates]
    - flags: 0x0000 (AUDIO_OUTPUT_FLAG_NONE)
    - Supported devices:
      Device 1:
      - tag name: BT A2DP Out
      - type: AUDIO_DEVICE_OUT_BLUETOOTH_A2DP                 
      Device 2:
      - tag name: BT A2DP Headphones
      - type: AUDIO_DEVICE_OUT_BLUETOOTH_A2DP_HEADPHONES      
      Device 3:
      - tag name: BT A2DP Speaker
      - type: AUDIO_DEVICE_OUT_BLUETOOTH_A2DP_SPEAKER         
  - inputs:
    input 0:
    - name: a2dp input
    - Profiles:
        Profile 0:
            - format: AUDIO_FORMAT_PCM_16_BIT
            - sampling rates:44100, 48000
            - channel masks:0x000c, 0x0010
    - flags: 0x0000 (AUDIO_INPUT_FLAG_NONE)
    - Supported devices:
      Device 1:
      - tag name: BT A2DP In
      - type: AUDIO_DEVICE_IN_BLUETOOTH_A2DP                  
  - Declared devices:
    Device 1:
    - tag name: BT A2DP Out
    - type: AUDIO_DEVICE_OUT_BLUETOOTH_A2DP                 
    - Profiles:
        Profile 0:
            - format: AUDIO_FORMAT_PCM_16_BIT
            - sampling rates:44100
            - channel masks:0x0003
    Device 2:
    - tag name: BT A2DP Headphones
    - type: AUDIO_DEVICE_OUT_BLUETOOTH_A2DP_HEADPHONES      
    - Profiles:
        Profile 0:
            - format: AUDIO_FORMAT_PCM_16_BIT
            - sampling rates:44100
            - channel masks:0x0003
    Device 3:
    - tag name: BT A2DP Speaker
    - type: AUDIO_DEVICE_OUT_BLUETOOTH_A2DP_SPEAKER         
    - Profiles:
        Profile 0:
            - format: AUDIO_FORMAT_PCM_16_BIT
            - sampling rates:44100
            - channel masks:0x0003
    Device 4:
    - tag name: BT A2DP In
    - type: AUDIO_DEVICE_IN_BLUETOOTH_A2DP                  
    - Profiles:
        Profile 0:
            - format: AUDIO_FORMAT_PCM_16_BIT
            - sampling rates:44100, 48000
            - channel masks:0x000c, 0x0010

  Audio Routes (4):
  - Route 1:
    - Type: Mix
    - Sink: BT A2DP Out
    - Sources: 
        a2dp output 

  - Route 2:
    - Type: Mix
    - Sink: BT A2DP Headphones
    - Sources: 
        a2dp output 

  - Route 3:
    - Type: Mix
    - Sink: BT A2DP Speaker
    - Sources: 
        a2dp output 

  - Route 4:
    - Type: Mix
    - Sink: a2dp input
    - Sources: 
        BT A2DP In 

- HW Module 3:
  - name: usb
  - handle: 18
  - version: 2.0
  - outputs:
    output 0:
    - name: usb_accessory output
    - Profiles:
        Profile 0:
            - format: AUDIO_FORMAT_PCM_16_BIT
            - sampling rates:44100
            - channel masks:0x0003
    - flags: 0x0000 (AUDIO_OUTPUT_FLAG_NONE)
    - Supported devices:
      Device 1:
      - tag name: USB Host Out
      - type: AUDIO_DEVICE_OUT_USB_ACCESSORY                  
    output 1:
    - name: usb_device output
    - Profiles:
        Profile 0:[dynamic format][dynamic channels][dynamic rates]
    - flags: 0x0000 (AUDIO_OUTPUT_FLAG_NONE)
    - Supported devices:
      Device 1:
      - tag name: USB Device Out
      - type: AUDIO_DEVICE_OUT_USB_DEVICE                     
      Device 2:
      - tag name: USB Headset Out
      - type: AUDIO_DEVICE_OUT_USB_HEADSET                    
  - inputs:
    input 0:
    - name: usb_device input
    - Profiles:
        Profile 0:[dynamic format][dynamic channels][dynamic rates]
    - flags: 0x0000 (AUDIO_INPUT_FLAG_NONE)
    - Supported devices:
      Device 1:
      - tag name: USB Device In
      - type: AUDIO_DEVICE_IN_USB_DEVICE                      
      Device 2:
      - tag name: USB Headset In
      - type: AUDIO_DEVICE_IN_USB_HEADSET                     
  - Declared devices:
    Device 1:
    - tag name: USB Host Out
    - type: AUDIO_DEVICE_OUT_USB_ACCESSORY                  
    - Profiles:
        Profile 0:
            - format: AUDIO_FORMAT_PCM_16_BIT
            - sampling rates:44100
            - channel masks:0x0003
    Device 2:
    - tag name: USB Device Out
    - type: AUDIO_DEVICE_OUT_USB_DEVICE                     
    - Profiles:
        Profile 0:[dynamic format][dynamic channels][dynamic rates]
    Device 3:
    - tag name: USB Headset Out
    - type: AUDIO_DEVICE_OUT_USB_HEADSET                    
    - Profiles:
        Profile 0:[dynamic format][dynamic channels][dynamic rates]
    Device 4:
    - tag name: USB Device In
    - type: AUDIO_DEVICE_IN_USB_DEVICE                      
    - Profiles:
        Profile 0:[dynamic format][dynamic channels][dynamic rates]
    Device 5:
    - tag name: USB Headset In
    - type: AUDIO_DEVICE_IN_USB_HEADSET                     
    - Profiles:
        Profile 0:[dynamic format][dynamic channels][dynamic rates]

  Audio Routes (4):
  - Route 1:
    - Type: Mix
    - Sink: USB Host Out
    - Sources: 
        usb_accessory output 

  - Route 2:
    - Type: Mix
    - Sink: USB Device Out
    - Sources: 
        usb_device output 

  - Route 3:
    - Type: Mix
    - Sink: USB Headset Out
    - Sources: 
        usb_device output 

  - Route 4:
    - Type: Mix
    - Sink: usb_device input
    - Sources: 
        USB Device In 
        USB Headset In 

- HW Module 4:
  - name: r_submix
  - handle: 26
  - version: 2.0
  - outputs:
    output 0:
    - name: r_submix output
    - Profiles:
        Profile 0:
            - format: AUDIO_FORMAT_PCM_16_BIT
            - sampling rates:48000
            - channel masks:0x0003
    - flags: 0x0000 (AUDIO_OUTPUT_FLAG_NONE)
    - Supported devices:
      Device 1:
      - tag name: Remote Submix Out
      - type: AUDIO_DEVICE_OUT_REMOTE_SUBMIX
      - address: 0
  - inputs:
    input 0:
    - name: r_submix input
    - Profiles:
        Profile 0:
            - format: AUDIO_FORMAT_PCM_16_BIT
            - sampling rates:48000
            - channel masks:0x000c
    - flags: 0x0000 (AUDIO_INPUT_FLAG_NONE)
    - Supported devices:
      Device 1:
      - id:  1
      - tag name: Remote Submix In
      - type: AUDIO_DEVICE_IN_REMOTE_SUBMIX
      - address: 0
  - Declared devices:
    Device 1:
    - tag name: Remote Submix Out
    - type: AUDIO_DEVICE_OUT_REMOTE_SUBMIX                  
    - address: 0                               
    - Profiles:
        Profile 0:
            - format: AUDIO_FORMAT_PCM_16_BIT
            - sampling rates:48000
            - channel masks:0x0003
    Device 2:
    - id:  1
    - tag name: Remote Submix In
    - type: AUDIO_DEVICE_IN_REMOTE_SUBMIX                   
    - address: 0                               
    - Profiles:
        Profile 0:
            - format: AUDIO_FORMAT_PCM_16_BIT
            - sampling rates:48000
            - channel masks:0x000c

  Audio Routes (2):
  - Route 1:
    - Type: Mix
    - Sink: Remote Submix Out
    - Sources: 
        r_submix output 

  - Route 2:
    - Type: Mix
    - Sink: r_submix input
    - Sources: 
        Remote Submix In 


Outputs dump:

Inputs dump:

Streams dump:
 Stream  Can be muted  Index Min  Index Max  Index Cur [device : index]...
 00      true          01         05         40000000 : 04, 
 01      true          00         07         40000000 : 05, 
 02      true          00         07         40000000 : 05, 
 03      true          00         15         4000000 : 03, 40000000 : 05, 
 04      true          00         07         40000000 : 06, 
 05      true          00         07         40000000 : 05, 
 06      true          00         15         40000000 : 07, 
 07      true          00         07         40000000 : 05, 
 08      true          00         15         4000000 : 03, 40000000 : 05, 
 09      true          00         15         4000000 : 03, 40000000 : 05, 
 10      true          00         15         4000000 : 03, 40000000 : 05, 
 11      true          00         01         40000000 : 00, 
 12      true          00         01         40000000 : 00, 

Volume Curves for Use Cases (aka Stream types) dump:
 AUDIO_STREAM_VOICE_CALL (00): Curve points for device category (index, attenuation in millibel)
   DEVICE_CATEGORY_HEADSET : {(  0, -4200), ( 33, -2800), ( 66, -1400), (100,     0) }
   DEVICE_CATEGORY_SPEAKER : {(  0, -2400), ( 33, -1600), ( 66,  -800), (100,     0) }
   DEVICE_CATEGORY_EARPIECE : {(  0, -2400), ( 33, -1600), ( 66,  -800), (100,     0) }
   DEVICE_CATEGORY_EXT_MEDIA : {(  1, -5800), ( 20, -4000), ( 60, -1700), (100,     0) }

 AUDIO_STREAM_SYSTEM (01): Curve points for device category (index, attenuation in millibel)
   DEVICE_CATEGORY_HEADSET : {(  1, -3000), ( 33, -2600), ( 66, -2200), (100, -1800) }
   DEVICE_CATEGORY_SPEAKER : {(  1, -2400), ( 33, -1800), ( 66, -1200), (100,  -600) }
   DEVICE_CATEGORY_EARPIECE : {(  1, -2400), ( 33, -1800), ( 66, -1200), (100,  -600) }
   DEVICE_CATEGORY_EXT_MEDIA : {(  1, -5800), ( 20, -4000), ( 60, -2100), (100, -1000) }

 AUDIO_STREAM_RING (02): Curve points for device category (index, attenuation in millibel)
   DEVICE_CATEGORY_HEADSET : {(  1, -4950), ( 33, -3350), ( 66, -1700), (100,     0) }
   DEVICE_CATEGORY_SPEAKER : {(  1, -2970), ( 33, -2010), ( 66, -1020), (100,     0) }
   DEVICE_CATEGORY_EARPIECE : {(  1, -4950), ( 33, -3350), ( 66, -1700), (100,     0) }
   DEVICE_CATEGORY_EXT_MEDIA : {(  1, -5800), ( 20, -4000), ( 60, -2100), (100, -1000) }

 AUDIO_STREAM_MUSIC (03): Curve points for device category (index, attenuation in millibel)
   DEVICE_CATEGORY_HEADSET : {(  1, -5800), ( 20, -4000), ( 60, -1700), (100,     0) }
   DEVICE_CATEGORY_SPEAKER : {(  1, -5800), ( 20, -4000), ( 60, -1700), (100,     0) }
   DEVICE_CATEGORY_EARPIECE : {(  1, -5800), ( 20, -4000), ( 60, -1700), (100,     0) }
   DEVICE_CATEGORY_EXT_MEDIA : {(  1, -5800), ( 20, -4000), ( 60, -1700), (100,     0) }

 AUDIO_STREAM_ALARM (04): Curve points for device category (index, attenuation in millibel)
   DEVICE_CATEGORY_HEADSET : {(  1, -4950), ( 33, -3350), ( 66, -1700), (100,     0) }
   DEVICE_CATEGORY_SPEAKER : {(  1, -2970), ( 33, -2010), ( 66, -1020), (100,     0) }
   DEVICE_CATEGORY_EARPIECE : {(  1, -4950), ( 33, -3350), ( 66, -1700), (100,     0) }
   DEVICE_CATEGORY_EXT_MEDIA : {(  1, -5800), ( 20, -4000), ( 60, -2100), (100, -1000) }

 AUDIO_STREAM_NOTIFICATION (05): Curve points for device category (index, attenuation in millibel)
   DEVICE_CATEGORY_HEADSET : {(  1, -4950), ( 33, -3350), ( 66, -1700), (100,     0) }
   DEVICE_CATEGORY_SPEAKER : {(  1, -2970), ( 33, -2010), ( 66, -1020), (100,     0) }
   DEVICE_CATEGORY_EARPIECE : {(  1, -4950), ( 33, -3350), ( 66, -1700), (100,     0) }
   DEVICE_CATEGORY_EXT_MEDIA : {(  1, -5800), ( 20, -4000), ( 60, -2100), (100, -1000) }

 AUDIO_STREAM_BLUETOOTH_SCO (06): Curve points for device category (index, attenuation in millibel)
   DEVICE_CATEGORY_HEADSET : {(  0, -4200), ( 33, -2800), ( 66, -1400), (100,     0) }
   DEVICE_CATEGORY_SPEAKER : {(  0, -2400), ( 33, -1600), ( 66,  -800), (100,     0) }
   DEVICE_CATEGORY_EARPIECE : {(  0, -4200), ( 33, -2800), ( 66, -1400), (100,     0) }
   DEVICE_CATEGORY_EXT_MEDIA : {(  1, -5800), ( 20, -4000), ( 60, -1700), (100,     0) }

 AUDIO_STREAM_ENFORCED_AUDIBLE (07): Curve points for device category (index, attenuation in millibel)
   DEVICE_CATEGORY_HEADSET : {(  1, -3000), ( 33, -2600), ( 66, -2200), (100, -1800) }
   DEVICE_CATEGORY_SPEAKER : {(  1, -2400), ( 33, -1800), ( 66, -1200), (100,  -600) }
   DEVICE_CATEGORY_EARPIECE : {(  1, -2400), ( 33, -1800), ( 66, -1200), (100,  -600) }
   DEVICE_CATEGORY_EXT_MEDIA : {(  1, -5800), ( 20, -4000), ( 60, -2100), (100, -1000) }

 AUDIO_STREAM_DTMF (08): Curve points for device category (index, attenuation in millibel)
   DEVICE_CATEGORY_HEADSET : {(  1, -3000), ( 33, -2600), ( 66, -2200), (100, -1800) }
   DEVICE_CATEGORY_SPEAKER : {(  1, -2400), ( 33, -1800), ( 66, -1200), (100,  -600) }
   DEVICE_CATEGORY_EARPIECE : {(  1, -2400), ( 33, -1800), ( 66, -1200), (100,  -600) }
   DEVICE_CATEGORY_EXT_MEDIA : {(  1, -5800), ( 20, -4000), ( 60, -2100), (100, -1000) }

 AUDIO_STREAM_TTS (09): Curve points for device category (index, attenuation in millibel)
   DEVICE_CATEGORY_HEADSET : {(  0, -9600), (100, -9600) }
   DEVICE_CATEGORY_SPEAKER : {(  0,     0), (100,     0) }
   DEVICE_CATEGORY_EARPIECE : {(  0, -9600), (100, -9600) }
   DEVICE_CATEGORY_EXT_MEDIA : {(  0, -9600), (100, -9600) }

 AUDIO_STREAM_ACCESSIBILITY (10): Curve points for device category (index, attenuation in millibel)
   DEVICE_CATEGORY_HEADSET : {(  1, -5800), ( 20, -4000), ( 60, -1700), (100,     0) }
   DEVICE_CATEGORY_SPEAKER : {(  1, -5800), ( 20, -4000), ( 60, -1700), (100,     0) }
   DEVICE_CATEGORY_EARPIECE : {(  1, -5800), ( 20, -4000), ( 60, -1700), (100,     0) }
   DEVICE_CATEGORY_EXT_MEDIA : {(  1, -5800), ( 20, -4000), ( 60, -1700), (100,     0) }

 AUDIO_STREAM_REROUTING (11): Curve points for device category (index, attenuation in millibel)
   DEVICE_CATEGORY_HEADSET : {(  0,     0), (100,     0) }
   DEVICE_CATEGORY_SPEAKER : {(  0,     0), (100,     0) }
   DEVICE_CATEGORY_EARPIECE : {(  0,     0), (100,     0) }
   DEVICE_CATEGORY_EXT_MEDIA : {(  0,     0), (100,     0) }

 AUDIO_STREAM_PATCH (12): Curve points for device category (index, attenuation in millibel)
   DEVICE_CATEGORY_HEADSET : {(  0,     0), (100,     0) }
   DEVICE_CATEGORY_SPEAKER : {(  0,     0), (100,     0) }
   DEVICE_CATEGORY_EARPIECE : {(  0,     0), (100,     0) }
   DEVICE_CATEGORY_EXT_MEDIA : {(  0,     0), (100,     0) }


Total Effects CPU: 0.000000 MIPS, Total Effects memory: 0 KB, Max memory used: 0 KB
Registered effects:

Audio Patches:

Audio Policy Mix: